;  LST file generated by mikroListExporter - v.2.0 
; Date/Time: 05/04/2022 13:14:42
;----------------------------------------------

;Address Opcode 	ASM
0x0000	0xF003EF16  	GOTO        1580
0x0004	0x0000      	NOP
0x0006	0x0000      	NOP
0x0008	0xF000EF00  	GOTO        0
0x000C	0x0000      	NOP
0x000E	0x0000      	NOP
0x0010	0x0000      	NOP
0x0012	0x0000      	NOP
0x0014	0x0000      	NOP
0x0016	0x0000      	NOP
0x0018	0xD7F3      	BRA         0
_Div_16x16_S_L:
;__Lib_Math.c,139 :: 		
;__Lib_Math.c,146 :: 		
0x001C	0x3401      	RLCF        R1, 0, 0
;__Lib_Math.c,147 :: 		
0x001E	0x3608      	RLCF        R8, 1, 0
;__Lib_Math.c,148 :: 		
0x0020	0x3609      	RLCF        R9, 1, 0
;__Lib_Math.c,149 :: 		
0x0022	0x5004      	MOVF        R4, 0, 0
;__Lib_Math.c,150 :: 		
0x0024	0x5E08      	SUBWF       R8, 1, 0
;__Lib_Math.c,151 :: 		
0x0026	0x5005      	MOVF        R5, 0, 0
;__Lib_Math.c,152 :: 		
0x0028	0xA0D8      	BTFSS       STATUS, 0, 0
;__Lib_Math.c,153 :: 		
0x002A	0x3C05      	INCFSZ      R5, 0, 0
;__Lib_Math.c,154 :: 		
0x002C	0x5E09      	SUBWF       R9, 1, 0
;__Lib_Math.c,155 :: 		
0x002E	0x3600      	RLCF        R0, 1, 0
;__Lib_Math.c,156 :: 		
0x0030	0x3601      	RLCF        R1, 1, 0
;__Lib_Math.c,158 :: 		
0x0032	0x0E0F      	MOVLW       15
;__Lib_Math.c,159 :: 		
0x0034	0x6E0C      	MOVWF       R12, 0
;__Lib_Math.c,161 :: 		
0x0036	0x3401      	RLCF        R1, 0, 0
;__Lib_Math.c,162 :: 		
0x0038	0x3608      	RLCF        R8, 1, 0
;__Lib_Math.c,163 :: 		
0x003A	0x3609      	RLCF        R9, 1, 0
;__Lib_Math.c,164 :: 		
0x003C	0x5004      	MOVF        R4, 0, 0
;__Lib_Math.c,166 :: 		
0x003E	0xA000      	BTFSS       R0, 0, 0
;__Lib_Math.c,167 :: 		
0x0040	0xD006      	BRA         $+14
;__Lib_Math.c,168 :: 		
0x0042	0x5E08      	SUBWF       R8, 1, 0
;__Lib_Math.c,169 :: 		
0x0044	0x5005      	MOVF        R5, 0, 0
;__Lib_Math.c,170 :: 		
0x0046	0xA0D8      	BTFSS       STATUS, 0, 0
;__Lib_Math.c,171 :: 		
0x0048	0x3C05      	INCFSZ      R5, 0, 0
;__Lib_Math.c,172 :: 		
0x004A	0x5E09      	SUBWF       R9, 1, 0
;__Lib_Math.c,173 :: 		
0x004C	0xD005      	BRA         $+12
;__Lib_Math.c,175 :: 		
0x004E	0x2608      	ADDWF       R8, 1, 0
;__Lib_Math.c,176 :: 		
0x0050	0x5005      	MOVF        R5, 0, 0
;__Lib_Math.c,177 :: 		
0x0052	0xB0D8      	BTFSC       STATUS, 0, 0
;__Lib_Math.c,178 :: 		
0x0054	0x3C05      	INCFSZ      R5, 0, 0
;__Lib_Math.c,179 :: 		
0x0056	0x2609      	ADDWF       R9, 1, 0
;__Lib_Math.c,181 :: 		
0x0058	0x3600      	RLCF        R0, 1, 0
;__Lib_Math.c,182 :: 		
0x005A	0x3601      	RLCF        R1, 1, 0
;__Lib_Math.c,184 :: 		
0x005C	0x2E0C      	DECFSZ      R12, 1, 0
;__Lib_Math.c,185 :: 		
0x005E	0xD7EB      	BRA         $-40
;__Lib_Math.c,187 :: 		
0x0060	0xB000      	BTFSC       R0, 0, 0
;__Lib_Math.c,188 :: 		
0x0062	0xD006      	BRA         $+14
;__Lib_Math.c,189 :: 		
0x0064	0x5004      	MOVF        R4, 0, 0
;__Lib_Math.c,190 :: 		
0x0066	0x2608      	ADDWF       R8, 1, 0
;__Lib_Math.c,191 :: 		
0x0068	0x5005      	MOVF        R5, 0, 0
;__Lib_Math.c,192 :: 		
0x006A	0xB0D8      	BTFSC       STATUS, 0, 0
;__Lib_Math.c,193 :: 		
0x006C	0x3C05      	INCFSZ      R5, 0, 0
;__Lib_Math.c,194 :: 		
0x006E	0x2609      	ADDWF       R9, 1, 0
;__Lib_Math.c,195 :: 		
0x0070	0x0000      	NOP
;__Lib_Math.c,197 :: 		
L_end_Div_16x16_S_L:
0x0072	0x0012      	RETURN      0
; end of _Div_16x16_S_L
_Div_16x16_S:
;__Lib_Math.c,200 :: 		
;__Lib_Math.c,208 :: 		
0x0074	0x5004      	MOVF        R4, 0 
0x0076	0x0A00      	XORLW       0
0x0078	0xE108      	BNZ         L_Div_16x16_S0
;__Lib_Math.c,209 :: 		
0x007A	0x5005      	MOVF        R5, 0 
0x007C	0x0A00      	XORLW       0
0x007E	0xE105      	BNZ         L_Div_16x16_S1
;__Lib_Math.c,210 :: 		
0x0080	0x0EFF      	MOVLW       255
0x0082	0x6E00      	MOVWF       R0 
;__Lib_Math.c,211 :: 		
0x0084	0x0E7F      	MOVLW       127
0x0086	0x6E01      	MOVWF       R1 
;__Lib_Math.c,212 :: 		
0x0088	0xD057      	BRA         L_end_Div_16x16_S
;__Lib_Math.c,213 :: 		
L_Div_16x16_S1:
L_Div_16x16_S0:
;__Lib_Math.c,216 :: 		
0x008A	0x6A0D      	CLRF        R13, 0
;__Lib_Math.c,217 :: 		
0x008C	0x6A09      	CLRF        R9, 0
;__Lib_Math.c,218 :: 		
0x008E	0x6A08      	CLRF        R8, 0
;__Lib_Math.c,219 :: 		
0x0090	0x5001      	MOVF        R1, 0, 0
;__Lib_Math.c,220 :: 		
0x0092	0x1000      	IORWF       R0, 0, 0
;__Lib_Math.c,221 :: 		
0x0094	0xB4D8      	BTFSC       STATUS, 2, 0
;__Lib_Math.c,222 :: 		
0x0096	0x0C00      	RETLW       0
;__Lib_Math.c,224 :: 		
0x0098	0x5001      	MOVF        R1, 0, 0
;__Lib_Math.c,225 :: 		
0x009A	0x1805      	XORWF       R5, 0, 0
;__Lib_Math.c,226 :: 		
0x009C	0x6E0A      	MOVWF       R10, 0
;__Lib_Math.c,227 :: 		
0x009E	0xBE0A      	BTFSC       R10, 7, 0
;__Lib_Math.c,228 :: 		
0x00A0	0x1E0D      	COMF        R13, 1, 0
;__Lib_Math.c,230 :: 		
0x00A2	0x6A0B      	CLRF        R11, 0
;__Lib_Math.c,232 :: 		
0x00A4	0xAE05      	BTFSS       R5, 7, 0
;__Lib_Math.c,233 :: 		
0x00A6	0xD005      	BRA         $+12
;__Lib_Math.c,235 :: 		
0x00A8	0x1E04      	COMF        R4, 1, 0
;__Lib_Math.c,236 :: 		
0x00AA	0x1E05      	COMF        R5, 1, 0
;__Lib_Math.c,237 :: 		
0x00AC	0x2A04      	INCF        R4, 1, 0
;__Lib_Math.c,238 :: 		
0x00AE	0xB4D8      	BTFSC       STATUS, 2, 0
;__Lib_Math.c,239 :: 		
0x00B0	0x2A05      	INCF        R5, 1, 0
;__Lib_Math.c,241 :: 		
0x00B2	0xAE01      	BTFSS       R1, 7, 0
;__Lib_Math.c,242 :: 		
0x00B4	0xD005      	BRA         $+12
;__Lib_Math.c,244 :: 		
0x00B6	0x1E00      	COMF        R0, 1, 0
;__Lib_Math.c,245 :: 		
0x00B8	0x1E01      	COMF        R1, 1, 0
;__Lib_Math.c,246 :: 		
0x00BA	0x2A00      	INCF        R0, 1, 0
;__Lib_Math.c,247 :: 		
0x00BC	0xB4D8      	BTFSC       STATUS, 2, 0
;__Lib_Math.c,248 :: 		
0x00BE	0x2A01      	INCF        R1, 1, 0
;__Lib_Math.c,250 :: 		
0x00C0	0x5001      	MOVF        R1, 0, 0
;__Lib_Math.c,251 :: 		
0x00C2	0x1005      	IORWF       R5, 0, 0
;__Lib_Math.c,252 :: 		
0x00C4	0x6E0A      	MOVWF       R10, 0
;__Lib_Math.c,253 :: 		
0x00C6	0xBE0A      	BTFSC       R10, 7, 0
;__Lib_Math.c,254 :: 		
0x00C8	0xD010      	BRA         $+34
;__Lib_Math.c,256 :: 		
0x00CA	0xDFA8      	RCALL       _Div_16x16_S_L
;__Lib_Math.c,258 :: 		
0x00CC	0xB00B      	BTFSC       R11, 0, 0
;__Lib_Math.c,259 :: 		
0x00CE	0xD020      	BRA         $+66
;__Lib_Math.c,261 :: 		
0x00D0	0xAE0D      	BTFSS       R13, 7, 0
;__Lib_Math.c,262 :: 		
0x00D2	0x0C00      	RETLW       0
;__Lib_Math.c,264 :: 		
0x00D4	0x1E00      	COMF        R0, 1, 0
;__Lib_Math.c,265 :: 		
0x00D6	0x1E01      	COMF        R1, 1, 0
;__Lib_Math.c,266 :: 		
0x00D8	0x2A00      	INCF        R0, 1, 0
;__Lib_Math.c,267 :: 		
0x00DA	0xB4D8      	BTFSC       STATUS, 2, 0
;__Lib_Math.c,268 :: 		
0x00DC	0x2A01      	INCF        R1, 1, 0
;__Lib_Math.c,270 :: 		
0x00DE	0x1E08      	COMF        R8, 1, 0
;__Lib_Math.c,271 :: 		
0x00E0	0x1E09      	COMF        R9, 1, 0
;__Lib_Math.c,272 :: 		
0x00E2	0x2A08      	INCF        R8, 1, 0
;__Lib_Math.c,273 :: 		
0x00E4	0xB4D8      	BTFSC       STATUS, 2, 0
;__Lib_Math.c,274 :: 		
0x00E6	0x2A09      	INCF        R9, 1, 0
;__Lib_Math.c,276 :: 		
0x00E8	0x0C00      	RETLW       0
;__Lib_Math.c,278 :: 		
0x00EA	0xAE05      	BTFSS       R5, 7, 0
;__Lib_Math.c,279 :: 		
0x00EC	0xD00D      	BRA         $+28
;__Lib_Math.c,280 :: 		
0x00EE	0xBE01      	BTFSC       R1, 7, 0
;__Lib_Math.c,281 :: 		
0x00F0	0xD007      	BRA         $+16
;__Lib_Math.c,282 :: 		
0x00F2	0x5001      	MOVF        R1, 0, 0
;__Lib_Math.c,283 :: 		
0x00F4	0x6E09      	MOVWF       R9, 0
;__Lib_Math.c,284 :: 		
0x00F6	0x5000      	MOVF        R0, 0, 0
;__Lib_Math.c,285 :: 		
0x00F8	0x6E08      	MOVWF       R8, 0
;__Lib_Math.c,286 :: 		
0x00FA	0x6A01      	CLRF        R1, 0
;__Lib_Math.c,287 :: 		
0x00FC	0x6A00      	CLRF        R0, 0
;__Lib_Math.c,288 :: 		
0x00FE	0xD7E8      	BRA         $-46
;__Lib_Math.c,289 :: 		
0x0100	0x6A01      	CLRF        R1, 0
;__Lib_Math.c,290 :: 		
0x0102	0x6A00      	CLRF        R0, 0
;__Lib_Math.c,291 :: 		
0x0104	0x2A00      	INCF        R0, 1, 0
;__Lib_Math.c,292 :: 		
0x0106	0x0C00      	RETLW       0
;__Lib_Math.c,294 :: 		
0x0108	0x1E01      	COMF        R1, 1, 0
;__Lib_Math.c,295 :: 		
0x010A	0x1E00      	COMF        R0, 1, 0
;__Lib_Math.c,296 :: 		
0x010C	0x2A0B      	INCF        R11, 1, 0
;__Lib_Math.c,297 :: 		
0x010E	0xD7DD      	BRA         $-68
;__Lib_Math.c,299 :: 		
0x0110	0x2A08      	INCF        R8, 1, 0
;__Lib_Math.c,300 :: 		
0x0112	0xB4D8      	BTFSC       STATUS, 2, 0
;__Lib_Math.c,301 :: 		
0x0114	0x2A09      	INCF        R9, 1, 0
;__Lib_Math.c,302 :: 		
0x0116	0x5004      	MOVF        R4, 0, 0
;__Lib_Math.c,303 :: 		
0x0118	0x5C08      	SUBWF       R8, 0, 0
;__Lib_Math.c,304 :: 		
0x011A	0xA4D8      	BTFSS       STATUS, 2, 0
;__Lib_Math.c,305 :: 		
0x011C	0xD7D9      	BRA         $-76
;__Lib_Math.c,306 :: 		
0x011E	0x5005      	MOVF        R5, 0, 0
;__Lib_Math.c,307 :: 		
0x0120	0x5C09      	SUBWF       R9, 0, 0
;__Lib_Math.c,308 :: 		
0x0122	0xA4D8      	BTFSS       STATUS, 2, 0
;__Lib_Math.c,309 :: 		
0x0124	0xD7D5      	BRA         $-84
;__Lib_Math.c,310 :: 		
0x0126	0x6A09      	CLRF        R9, 0
;__Lib_Math.c,311 :: 		
0x0128	0x6A08      	CLRF        R8, 0
;__Lib_Math.c,312 :: 		
0x012A	0x2A00      	INCF        R0, 1, 0
;__Lib_Math.c,313 :: 		
0x012C	0xB4D8      	BTFSC       STATUS, 2, 0
;__Lib_Math.c,314 :: 		
0x012E	0x2A01      	INCF        R1, 1, 0
;__Lib_Math.c,315 :: 		
0x0130	0xAE01      	BTFSS       R1, 7, 0
;__Lib_Math.c,316 :: 		
0x0132	0xD7CE      	BRA         $-98
;__Lib_Math.c,317 :: 		
0x0134	0x0000      	NOP
;__Lib_Math.c,318 :: 		
0x0136	0x0CFF      	RETLW       255
;__Lib_Math.c,320 :: 		
L_end_Div_16x16_S:
0x0138	0x0012      	RETURN      0
; end of _Div_16x16_S
_UART1_Write:
;__Lib_UART_c67d67.c,63 :: 		
;__Lib_UART_c67d67.c,64 :: 		
L_UART1_Write3:
0x013A	0xB2AC      	BTFSC       TXSTA, 1 
0x013C	0xD002      	BRA         L_UART1_Write4
;__Lib_UART_c67d67.c,65 :: 		
0x013E	0x0000      	NOP
0x0140	0xD7FC      	BRA         L_UART1_Write3
L_UART1_Write4:
;__Lib_UART_c67d67.c,66 :: 		
0x0142	0xFFADC03A  	MOVFF       FARG_UART1_Write_data_, TXREG
;__Lib_UART_c67d67.c,67 :: 		
L_end_UART1_Write:
0x0146	0x0012      	RETURN      0
; end of _UART1_Write
_afficheChiffre:
;MyProject.c,9 :: 		void afficheChiffre(char chiffre,char position){
;MyProject.c,17 :: 		LATA = 0x01 << position;
0x0148	0xF001C03B  	MOVFF       FARG_afficheChiffre_position, R1
0x014C	0x0E01      	MOVLW       1
0x014E	0x6E00      	MOVWF       R0 
0x0150	0x5001      	MOVF        R1, 0 
L__afficheChiffre26:
0x0152	0xE004      	BZ          L__afficheChiffre27
0x0154	0x3600      	RLCF        R0, 1 
0x0156	0x9000      	BCF         R0, 0 
0x0158	0x0FFF      	ADDLW       255
0x015A	0xD7FB      	BRA         L__afficheChiffre26
L__afficheChiffre27:
0x015C	0xFF89C000  	MOVFF       R0, LATA
;MyProject.c,19 :: 		switch(chiffre){
0x0160	0xD051      	BRA         L_afficheChiffre0
;MyProject.c,20 :: 		case 0:LATD0_bit = 1;LATD1_bit = 1;LATD2_bit = 1;LATD3_bit = 1;
L_afficheChiffre2:
0x0162	0x808C      	BSF         LATD0_bit, BitPos(LATD0_bit+0) 
0x0164	0x828C      	BSF         LATD1_bit, BitPos(LATD1_bit+0) 
0x0166	0x848C      	BSF         LATD2_bit, BitPos(LATD2_bit+0) 
0x0168	0x868C      	BSF         LATD3_bit, BitPos(LATD3_bit+0) 
;MyProject.c,21 :: 		LATD4_bit = 1;LATD5_bit = 1;LATD6_bit = 0;LATD7_bit = 0;
0x016A	0x888C      	BSF         LATD4_bit, BitPos(LATD4_bit+0) 
0x016C	0x8A8C      	BSF         LATD5_bit, BitPos(LATD5_bit+0) 
0x016E	0x9C8C      	BCF         LATD6_bit, BitPos(LATD6_bit+0) 
0x0170	0x9E8C      	BCF         LATD7_bit, BitPos(LATD7_bit+0) 
;MyProject.c,22 :: 		break;
0x0172	0xD064      	BRA         L_afficheChiffre1
;MyProject.c,24 :: 		case 1:LATD0_bit = 0;LATD1_bit = 1;LATD2_bit = 1;LATD3_bit = 0;
L_afficheChiffre3:
0x0174	0x908C      	BCF         LATD0_bit, BitPos(LATD0_bit+0) 
0x0176	0x828C      	BSF         LATD1_bit, BitPos(LATD1_bit+0) 
0x0178	0x848C      	BSF         LATD2_bit, BitPos(LATD2_bit+0) 
0x017A	0x968C      	BCF         LATD3_bit, BitPos(LATD3_bit+0) 
;MyProject.c,25 :: 		LATD4_bit = 0;LATD5_bit = 0;LATD6_bit = 0;LATD7_bit = 0;
0x017C	0x988C      	BCF         LATD4_bit, BitPos(LATD4_bit+0) 
0x017E	0x9A8C      	BCF         LATD5_bit, BitPos(LATD5_bit+0) 
0x0180	0x9C8C      	BCF         LATD6_bit, BitPos(LATD6_bit+0) 
0x0182	0x9E8C      	BCF         LATD7_bit, BitPos(LATD7_bit+0) 
;MyProject.c,26 :: 		break;
0x0184	0xD05B      	BRA         L_afficheChiffre1
;MyProject.c,28 :: 		case 2:LATD0_bit = 1;LATD1_bit = 1;LATD2_bit = 0;LATD3_bit = 1;
L_afficheChiffre4:
0x0186	0x808C      	BSF         LATD0_bit, BitPos(LATD0_bit+0) 
0x0188	0x828C      	BSF         LATD1_bit, BitPos(LATD1_bit+0) 
0x018A	0x948C      	BCF         LATD2_bit, BitPos(LATD2_bit+0) 
0x018C	0x868C      	BSF         LATD3_bit, BitPos(LATD3_bit+0) 
;MyProject.c,29 :: 		LATD4_bit = 1;LATD5_bit = 0;LATD6_bit = 1;LATD7_bit = 0;
0x018E	0x888C      	BSF         LATD4_bit, BitPos(LATD4_bit+0) 
0x0190	0x9A8C      	BCF         LATD5_bit, BitPos(LATD5_bit+0) 
0x0192	0x8C8C      	BSF         LATD6_bit, BitPos(LATD6_bit+0) 
0x0194	0x9E8C      	BCF         LATD7_bit, BitPos(LATD7_bit+0) 
;MyProject.c,30 :: 		break;
0x0196	0xD052      	BRA         L_afficheChiffre1
;MyProject.c,32 :: 		case 3:LATD0_bit = 1;LATD1_bit = 1;LATD2_bit = 1;LATD3_bit = 1;
L_afficheChiffre5:
0x0198	0x808C      	BSF         LATD0_bit, BitPos(LATD0_bit+0) 
0x019A	0x828C      	BSF         LATD1_bit, BitPos(LATD1_bit+0) 
0x019C	0x848C      	BSF         LATD2_bit, BitPos(LATD2_bit+0) 
0x019E	0x868C      	BSF         LATD3_bit, BitPos(LATD3_bit+0) 
;MyProject.c,33 :: 		LATD4_bit = 0;LATD5_bit = 0;LATD6_bit = 1;LATD7_bit = 0;
0x01A0	0x988C      	BCF         LATD4_bit, BitPos(LATD4_bit+0) 
0x01A2	0x9A8C      	BCF         LATD5_bit, BitPos(LATD5_bit+0) 
0x01A4	0x8C8C      	BSF         LATD6_bit, BitPos(LATD6_bit+0) 
0x01A6	0x9E8C      	BCF         LATD7_bit, BitPos(LATD7_bit+0) 
;MyProject.c,34 :: 		break;
0x01A8	0xD049      	BRA         L_afficheChiffre1
;MyProject.c,36 :: 		case 4:LATD0_bit = 0;LATD1_bit = 1;LATD2_bit = 1;LATD3_bit = 0;
L_afficheChiffre6:
0x01AA	0x908C      	BCF         LATD0_bit, BitPos(LATD0_bit+0) 
0x01AC	0x828C      	BSF         LATD1_bit, BitPos(LATD1_bit+0) 
0x01AE	0x848C      	BSF         LATD2_bit, BitPos(LATD2_bit+0) 
0x01B0	0x968C      	BCF         LATD3_bit, BitPos(LATD3_bit+0) 
;MyProject.c,37 :: 		LATD4_bit = 0;LATD5_bit = 1;LATD6_bit = 1;LATD7_bit = 0;
0x01B2	0x988C      	BCF         LATD4_bit, BitPos(LATD4_bit+0) 
0x01B4	0x8A8C      	BSF         LATD5_bit, BitPos(LATD5_bit+0) 
0x01B6	0x8C8C      	BSF         LATD6_bit, BitPos(LATD6_bit+0) 
0x01B8	0x9E8C      	BCF         LATD7_bit, BitPos(LATD7_bit+0) 
;MyProject.c,38 :: 		break;
0x01BA	0xD040      	BRA         L_afficheChiffre1
;MyProject.c,40 :: 		case 5:LATD0_bit = 1;LATD1_bit = 0;LATD2_bit = 1;LATD3_bit = 1;
L_afficheChiffre7:
0x01BC	0x808C      	BSF         LATD0_bit, BitPos(LATD0_bit+0) 
0x01BE	0x928C      	BCF         LATD1_bit, BitPos(LATD1_bit+0) 
0x01C0	0x848C      	BSF         LATD2_bit, BitPos(LATD2_bit+0) 
0x01C2	0x868C      	BSF         LATD3_bit, BitPos(LATD3_bit+0) 
;MyProject.c,41 :: 		LATD4_bit = 0;LATD5_bit = 1;LATD6_bit = 1;LATD7_bit = 0;
0x01C4	0x988C      	BCF         LATD4_bit, BitPos(LATD4_bit+0) 
0x01C6	0x8A8C      	BSF         LATD5_bit, BitPos(LATD5_bit+0) 
0x01C8	0x8C8C      	BSF         LATD6_bit, BitPos(LATD6_bit+0) 
0x01CA	0x9E8C      	BCF         LATD7_bit, BitPos(LATD7_bit+0) 
;MyProject.c,42 :: 		break;
0x01CC	0xD037      	BRA         L_afficheChiffre1
;MyProject.c,44 :: 		case 7:LATD0_bit = 1;LATD1_bit = 1;LATD2_bit = 1;LATD3_bit = 0;
L_afficheChiffre8:
0x01CE	0x808C      	BSF         LATD0_bit, BitPos(LATD0_bit+0) 
0x01D0	0x828C      	BSF         LATD1_bit, BitPos(LATD1_bit+0) 
0x01D2	0x848C      	BSF         LATD2_bit, BitPos(LATD2_bit+0) 
0x01D4	0x968C      	BCF         LATD3_bit, BitPos(LATD3_bit+0) 
;MyProject.c,45 :: 		LATD4_bit = 0;LATD5_bit = 0;LATD6_bit = 0;LATD7_bit = 0;
0x01D6	0x988C      	BCF         LATD4_bit, BitPos(LATD4_bit+0) 
0x01D8	0x9A8C      	BCF         LATD5_bit, BitPos(LATD5_bit+0) 
0x01DA	0x9C8C      	BCF         LATD6_bit, BitPos(LATD6_bit+0) 
0x01DC	0x9E8C      	BCF         LATD7_bit, BitPos(LATD7_bit+0) 
;MyProject.c,46 :: 		break;
0x01DE	0xD02E      	BRA         L_afficheChiffre1
;MyProject.c,48 :: 		case 8:LATD0_bit = 1;LATD1_bit = 1;LATD2_bit = 1;LATD3_bit = 1;
L_afficheChiffre9:
0x01E0	0x808C      	BSF         LATD0_bit, BitPos(LATD0_bit+0) 
0x01E2	0x828C      	BSF         LATD1_bit, BitPos(LATD1_bit+0) 
0x01E4	0x848C      	BSF         LATD2_bit, BitPos(LATD2_bit+0) 
0x01E6	0x868C      	BSF         LATD3_bit, BitPos(LATD3_bit+0) 
;MyProject.c,49 :: 		LATD4_bit = 1;LATD5_bit = 1;LATD6_bit = 1;LATD7_bit = 0;
0x01E8	0x888C      	BSF         LATD4_bit, BitPos(LATD4_bit+0) 
0x01EA	0x8A8C      	BSF         LATD5_bit, BitPos(LATD5_bit+0) 
0x01EC	0x8C8C      	BSF         LATD6_bit, BitPos(LATD6_bit+0) 
0x01EE	0x9E8C      	BCF         LATD7_bit, BitPos(LATD7_bit+0) 
;MyProject.c,50 :: 		break;
0x01F0	0xD025      	BRA         L_afficheChiffre1
;MyProject.c,52 :: 		case 9:LATD0_bit = 1;LATD1_bit = 1;LATD2_bit = 1;LATD3_bit = 1;
L_afficheChiffre10:
0x01F2	0x808C      	BSF         LATD0_bit, BitPos(LATD0_bit+0) 
0x01F4	0x828C      	BSF         LATD1_bit, BitPos(LATD1_bit+0) 
0x01F6	0x848C      	BSF         LATD2_bit, BitPos(LATD2_bit+0) 
0x01F8	0x868C      	BSF         LATD3_bit, BitPos(LATD3_bit+0) 
;MyProject.c,53 :: 		LATD4_bit = 0;LATD5_bit = 1;LATD6_bit = 1;LATD7_bit = 0;
0x01FA	0x988C      	BCF         LATD4_bit, BitPos(LATD4_bit+0) 
0x01FC	0x8A8C      	BSF         LATD5_bit, BitPos(LATD5_bit+0) 
0x01FE	0x8C8C      	BSF         LATD6_bit, BitPos(LATD6_bit+0) 
0x0200	0x9E8C      	BCF         LATD7_bit, BitPos(LATD7_bit+0) 
;MyProject.c,55 :: 		default:
L_afficheChiffre11:
;MyProject.c,56 :: 		break;
0x0202	0xD01C      	BRA         L_afficheChiffre1
;MyProject.c,57 :: 		}
L_afficheChiffre0:
0x0204	0x503A      	MOVF        FARG_afficheChiffre_chiffre, 0 
0x0206	0x0A00      	XORLW       0
0x0208	0xE0AC      	BZ          L_afficheChiffre2
0x020A	0x503A      	MOVF        FARG_afficheChiffre_chiffre, 0 
0x020C	0x0A01      	XORLW       1
0x020E	0xE0B2      	BZ          L_afficheChiffre3
0x0210	0x503A      	MOVF        FARG_afficheChiffre_chiffre, 0 
0x0212	0x0A02      	XORLW       2
0x0214	0xE0B8      	BZ          L_afficheChiffre4
0x0216	0x503A      	MOVF        FARG_afficheChiffre_chiffre, 0 
0x0218	0x0A03      	XORLW       3
0x021A	0xE0BE      	BZ          L_afficheChiffre5
0x021C	0x503A      	MOVF        FARG_afficheChiffre_chiffre, 0 
0x021E	0x0A04      	XORLW       4
0x0220	0xE0C4      	BZ          L_afficheChiffre6
0x0222	0x503A      	MOVF        FARG_afficheChiffre_chiffre, 0 
0x0224	0x0A05      	XORLW       5
0x0226	0xE0CA      	BZ          L_afficheChiffre7
0x0228	0x503A      	MOVF        FARG_afficheChiffre_chiffre, 0 
0x022A	0x0A07      	XORLW       7
0x022C	0xE0D0      	BZ          L_afficheChiffre8
0x022E	0x503A      	MOVF        FARG_afficheChiffre_chiffre, 0 
0x0230	0x0A08      	XORLW       8
0x0232	0xE0D6      	BZ          L_afficheChiffre9
0x0234	0x503A      	MOVF        FARG_afficheChiffre_chiffre, 0 
0x0236	0x0A09      	XORLW       9
0x0238	0xE0DC      	BZ          L_afficheChiffre10
0x023A	0xD7E3      	BRA         L_afficheChiffre11
L_afficheChiffre1:
;MyProject.c,58 :: 		}
L_end_afficheChiffre:
0x023C	0x0012      	RETURN      0
; end of _afficheChiffre
_Div_8X8_U:
;__Lib_Math.c,77 :: 		
;__Lib_Math.c,84 :: 		
0x023E	0x6A08      	CLRF        R8, 0
;__Lib_Math.c,85 :: 		
0x0240	0x0E08      	MOVLW       8
;__Lib_Math.c,86 :: 		
0x0242	0x6E0C      	MOVWF       R12, 0
;__Lib_Math.c,87 :: 		
0x0244	0x3400      	RLCF        R0, 0, 0
;__Lib_Math.c,88 :: 		
0x0246	0x3608      	RLCF        R8, 1, 0
;__Lib_Math.c,89 :: 		
0x0248	0x5004      	MOVF        R4, 0, 0
;__Lib_Math.c,90 :: 		
0x024A	0x5E08      	SUBWF       R8, 1, 0
;__Lib_Math.c,91 :: 		
0x024C	0xB0D8      	BTFSC       STATUS, 0, 0
;__Lib_Math.c,92 :: 		
0x024E	0xD002      	BRA         $+6
;__Lib_Math.c,93 :: 		
0x0250	0x2608      	ADDWF       R8, 1, 0
;__Lib_Math.c,94 :: 		
0x0252	0x90D8      	BCF         STATUS, 0, 0
;__Lib_Math.c,95 :: 		
0x0254	0x3600      	RLCF        R0, 1, 0
;__Lib_Math.c,96 :: 		
0x0256	0x2E0C      	DECFSZ      R12, 1, 0
;__Lib_Math.c,97 :: 		
0x0258	0xD7F5      	BRA         $-20
;__Lib_Math.c,99 :: 		
L_end_Div_8X8_U:
0x025A	0x0012      	RETURN      0
; end of _Div_8X8_U
_Delay_500us:
;__Lib_Delays.c,27 :: 		void Delay_500us() {
;__Lib_Delays.c,28 :: 		Delay_us(498);
0x025C	0x0E02      	MOVLW       2
0x025E	0x6E0C      	MOVWF       R12, 0
0x0260	0x0E49      	MOVLW       73
0x0262	0x6E0D      	MOVWF       R13, 0
L_Delay_500us4:
0x0264	0x2E0D      	DECFSZ      R13, 1, 0
0x0266	0xD7FE      	BRA         L_Delay_500us4
0x0268	0x2E0C      	DECFSZ      R12, 1, 0
0x026A	0xD7FC      	BRA         L_Delay_500us4
0x026C	0x0000      	NOP
0x026E	0x0000      	NOP
;__Lib_Delays.c,29 :: 		}
L_end_Delay_500us:
0x0270	0x0012      	RETURN      0
; end of _Delay_500us
_Delay_1us:
;__Lib_Delays.c,7 :: 		void Delay_1us() {
;__Lib_Delays.c,8 :: 		Delay_us(1);
0x0272	0x0000      	NOP
0x0274	0x0000      	NOP
;__Lib_Delays.c,9 :: 		}
L_end_Delay_1us:
0x0276	0x0012      	RETURN      0
; end of _Delay_1us
_afficheNombre:
;MyProject.c,61 :: 		void afficheNombre(char nb){
;MyProject.c,66 :: 		chiffre3 = nb/1000;
0x0278	0x0EE8      	MOVLW       232
0x027A	0x6E04      	MOVWF       R4 
0x027C	0x0E03      	MOVLW       3
0x027E	0x6E05      	MOVWF       R5 
0x0280	0xF000C035  	MOVFF       FARG_afficheNombre_nb, R0
0x0284	0x0E00      	MOVLW       0
0x0286	0x6E01      	MOVWF       R1 
0x0288	0xDEF5      	RCALL       _Div_16x16_S
0x028A	0xF038C000  	MOVFF       R0, afficheNombre_chiffre3_L0
;MyProject.c,67 :: 		nb -= chiffre3*1000;
0x028E	0x0EE8      	MOVLW       232
0x0290	0x0200      	MULWF       R0 
0x0292	0xF000CFF3  	MOVFF       PRODL, R0
0x0296	0x5000      	MOVF        R0, 0 
0x0298	0x5C35      	SUBWF       FARG_afficheNombre_nb, 0 
0x029A	0x6E39      	MOVWF       FLOC__afficheNombre 
0x029C	0xF035C039  	MOVFF       FLOC__afficheNombre, FARG_afficheNombre_nb
;MyProject.c,69 :: 		chiffre2 = nb/100;
0x02A0	0x0E64      	MOVLW       100
0x02A2	0x6E04      	MOVWF       R4 
0x02A4	0xF000C039  	MOVFF       FLOC__afficheNombre, R0
0x02A8	0xDFCA      	RCALL       _Div_8X8_U
0x02AA	0xF037C000  	MOVFF       R0, afficheNombre_chiffre2_L0
;MyProject.c,70 :: 		nb -= chiffre2*100;
0x02AE	0x0E64      	MOVLW       100
0x02B0	0x0200      	MULWF       R0 
0x02B2	0xF000CFF3  	MOVFF       PRODL, R0
0x02B6	0x5000      	MOVF        R0, 0 
0x02B8	0x5E39      	SUBWF       FLOC__afficheNombre, 1 
0x02BA	0xF035C039  	MOVFF       FLOC__afficheNombre, FARG_afficheNombre_nb
;MyProject.c,72 :: 		chiffre1 = nb/10;
0x02BE	0x0E0A      	MOVLW       10
0x02C0	0x6E04      	MOVWF       R4 
0x02C2	0xF000C039  	MOVFF       FLOC__afficheNombre, R0
0x02C6	0xDFBB      	RCALL       _Div_8X8_U
0x02C8	0xF036C000  	MOVFF       R0, afficheNombre_chiffre1_L0
;MyProject.c,73 :: 		nb -= chiffre1*10;
0x02CC	0x0E0A      	MOVLW       10
0x02CE	0x0200      	MULWF       R0 
0x02D0	0xF000CFF3  	MOVFF       PRODL, R0
0x02D4	0x5000      	MOVF        R0, 0 
0x02D6	0x5C39      	SUBWF       FLOC__afficheNombre, 0 
0x02D8	0x6E00      	MOVWF       R0 
0x02DA	0xF035C000  	MOVFF       R0, FARG_afficheNombre_nb
;MyProject.c,79 :: 		afficheChiffre(chiffre0,0);
0x02DE	0xF03AC000  	MOVFF       R0, FARG_afficheChiffre_chiffre
0x02E2	0x6A3B      	CLRF        FARG_afficheChiffre_position 
0x02E4	0xDF31      	RCALL       _afficheChiffre
;MyProject.c,80 :: 		Delay_ms(1);
0x02E6	0x0E03      	MOVLW       3
0x02E8	0x6E0C      	MOVWF       R12, 0
0x02EA	0x0E97      	MOVLW       151
0x02EC	0x6E0D      	MOVWF       R13, 0
L_afficheNombre12:
0x02EE	0x2E0D      	DECFSZ      R13, 1, 0
0x02F0	0xD7FE      	BRA         L_afficheNombre12
0x02F2	0x2E0C      	DECFSZ      R12, 1, 0
0x02F4	0xD7FC      	BRA         L_afficheNombre12
0x02F6	0x0000      	NOP
0x02F8	0x0000      	NOP
;MyProject.c,81 :: 		afficheChiffre(chiffre1,1);
0x02FA	0xF03AC036  	MOVFF       afficheNombre_chiffre1_L0, FARG_afficheChiffre_chiffre
0x02FE	0x0E01      	MOVLW       1
0x0300	0x6E3B      	MOVWF       FARG_afficheChiffre_position 
0x0302	0xDF22      	RCALL       _afficheChiffre
;MyProject.c,82 :: 		Delay_ms(1);
0x0304	0x0E03      	MOVLW       3
0x0306	0x6E0C      	MOVWF       R12, 0
0x0308	0x0E97      	MOVLW       151
0x030A	0x6E0D      	MOVWF       R13, 0
L_afficheNombre13:
0x030C	0x2E0D      	DECFSZ      R13, 1, 0
0x030E	0xD7FE      	BRA         L_afficheNombre13
0x0310	0x2E0C      	DECFSZ      R12, 1, 0
0x0312	0xD7FC      	BRA         L_afficheNombre13
0x0314	0x0000      	NOP
0x0316	0x0000      	NOP
;MyProject.c,83 :: 		afficheChiffre(chiffre2,2);
0x0318	0xF03AC037  	MOVFF       afficheNombre_chiffre2_L0, FARG_afficheChiffre_chiffre
0x031C	0x0E02      	MOVLW       2
0x031E	0x6E3B      	MOVWF       FARG_afficheChiffre_position 
0x0320	0xDF13      	RCALL       _afficheChiffre
;MyProject.c,84 :: 		Delay_ms(1);
0x0322	0x0E03      	MOVLW       3
0x0324	0x6E0C      	MOVWF       R12, 0
0x0326	0x0E97      	MOVLW       151
0x0328	0x6E0D      	MOVWF       R13, 0
L_afficheNombre14:
0x032A	0x2E0D      	DECFSZ      R13, 1, 0
0x032C	0xD7FE      	BRA         L_afficheNombre14
0x032E	0x2E0C      	DECFSZ      R12, 1, 0
0x0330	0xD7FC      	BRA         L_afficheNombre14
0x0332	0x0000      	NOP
0x0334	0x0000      	NOP
;MyProject.c,85 :: 		afficheChiffre(chiffre3,3);
0x0336	0xF03AC038  	MOVFF       afficheNombre_chiffre3_L0, FARG_afficheChiffre_chiffre
0x033A	0x0E03      	MOVLW       3
0x033C	0x6E3B      	MOVWF       FARG_afficheChiffre_position 
0x033E	0xDF04      	RCALL       _afficheChiffre
;MyProject.c,86 :: 		Delay_ms(1);
0x0340	0x0E03      	MOVLW       3
0x0342	0x6E0C      	MOVWF       R12, 0
0x0344	0x0E97      	MOVLW       151
0x0346	0x6E0D      	MOVWF       R13, 0
L_afficheNombre15:
0x0348	0x2E0D      	DECFSZ      R13, 1, 0
0x034A	0xD7FE      	BRA         L_afficheNombre15
0x034C	0x2E0C      	DECFSZ      R12, 1, 0
0x034E	0xD7FC      	BRA         L_afficheNombre15
0x0350	0x0000      	NOP
0x0352	0x0000      	NOP
;MyProject.c,87 :: 		}
L_end_afficheNombre:
0x0354	0x0012      	RETURN      0
; end of _afficheNombre
_UART1_Write_Text:
;__Lib_UART_c67d67.c,71 :: 		
;__Lib_UART_c67d67.c,72 :: 		
0x0356	0x6A38      	CLRF        UART1_Write_Text_counter_L0 
;__Lib_UART_c67d67.c,74 :: 		
0x0358	0xFFE9C035  	MOVFF       FARG_UART1_Write_Text_uart_text, FSR0L
0x035C	0xFFEAC036  	MOVFF       FARG_UART1_Write_Text_uart_text+1, FSR0H
0x0360	0xF037CFEE  	MOVFF       POSTINC0, UART1_Write_Text_data__L0
;__Lib_UART_c67d67.c,75 :: 		
L_UART1_Write_Text5:
0x0364	0x5037      	MOVF        UART1_Write_Text_data__L0, 0 
0x0366	0x0A00      	XORLW       0
0x0368	0xE00D      	BZ          L_UART1_Write_Text6
;__Lib_UART_c67d67.c,76 :: 		
0x036A	0xF03AC037  	MOVFF       UART1_Write_Text_data__L0, FARG_UART1_Write_data_
0x036E	0xDEE5      	RCALL       _UART1_Write
;__Lib_UART_c67d67.c,77 :: 		
0x0370	0x2A38      	INCF        UART1_Write_Text_counter_L0, 1 
;__Lib_UART_c67d67.c,78 :: 		
0x0372	0x5038      	MOVF        UART1_Write_Text_counter_L0, 0 
0x0374	0x2435      	ADDWF       FARG_UART1_Write_Text_uart_text, 0 
0x0376	0x6EE9      	MOVWF       FSR0L 
0x0378	0x0E00      	MOVLW       0
0x037A	0x2036      	ADDWFC      FARG_UART1_Write_Text_uart_text+1, 0 
0x037C	0x6EEA      	MOVWF       FSR0L+1 
0x037E	0xF037CFEE  	MOVFF       POSTINC0, UART1_Write_Text_data__L0
;__Lib_UART_c67d67.c,79 :: 		
0x0382	0xD7F0      	BRA         L_UART1_Write_Text5
L_UART1_Write_Text6:
;__Lib_UART_c67d67.c,80 :: 		
L_end_UART1_Write_Text:
0x0384	0x0012      	RETURN      0
; end of _UART1_Write_Text
_Delay_50us:
;__Lib_Delays.c,19 :: 		void Delay_50us() {
;__Lib_Delays.c,20 :: 		Delay_us(50);
0x0386	0x0E21      	MOVLW       33
0x0388	0x6E0D      	MOVWF       R13, 0
L_Delay_50us2:
0x038A	0x2E0D      	DECFSZ      R13, 1, 0
0x038C	0xD7FE      	BRA         L_Delay_50us2
;__Lib_Delays.c,21 :: 		}
L_end_Delay_50us:
0x038E	0x0012      	RETURN      0
; end of _Delay_50us
_Delay_80us:
;__Lib_Delays.c,23 :: 		void Delay_80us() {
;__Lib_Delays.c,24 :: 		Delay_us(78);
0x0390	0x0E33      	MOVLW       51
0x0392	0x6E0D      	MOVWF       R13, 0
L_Delay_80us3:
0x0394	0x2E0D      	DECFSZ      R13, 1, 0
0x0396	0xD7FE      	BRA         L_Delay_80us3
0x0398	0x0000      	NOP
0x039A	0x0000      	NOP
;__Lib_Delays.c,25 :: 		}
L_end_Delay_80us:
0x039C	0x0012      	RETURN      0
; end of _Delay_80us
_Ow_Reset:
;__Lib_OneWire.c,8 :: 		
;__Lib_OneWire.c,11 :: 		
0x039E	0xF001C030  	MOVFF       FARG_Ow_Reset_pin, R1
0x03A2	0x0E01      	MOVLW       1
0x03A4	0x6E00      	MOVWF       R0 
0x03A6	0x5001      	MOVF        R1, 0 
L__Ow_Reset9:
0x03A8	0xE004      	BZ          L__Ow_Reset10
0x03AA	0x3600      	RLCF        R0, 1 
0x03AC	0x9000      	BCF         R0, 0 
0x03AE	0x0FFF      	ADDLW       255
0x03B0	0xD7FB      	BRA         L__Ow_Reset9
L__Ow_Reset10:
0x03B2	0xF032C000  	MOVFF       R0, Ow_Reset_bit_mask_1_L0
;__Lib_OneWire.c,12 :: 		
0x03B6	0x1E00      	COMF        R0, 1 
;__Lib_OneWire.c,13 :: 		
0x03B8	0xFFE9C02E  	MOVFF       FARG_Ow_Reset_port, FSR0
0x03BC	0xFFEAC02F  	MOVFF       FARG_Ow_Reset_port+1, FSR0+1
;__Lib_OneWire.c,14 :: 		
0x03C0	0x5000      	MOVF        R0, 0 
0x03C2	0x16EF      	ANDWF       INDF0, 1 
;__Lib_OneWire.c,15 :: 		
0x03C4	0x0E12      	MOVLW       18
0x03C6	0x26E9      	ADDWF       FSR0L, 1 
;__Lib_OneWire.c,16 :: 		
0x03C8	0x5000      	MOVF        R0, 0 
0x03CA	0x16EF      	ANDWF       INDF0, 1 
;__Lib_OneWire.c,17 :: 		
0x03CC	0xDF47      	RCALL       _Delay_500us
;__Lib_OneWire.c,18 :: 		
0x03CE	0x5032      	MOVF        Ow_Reset_bit_mask_1_L0, 0 
0x03D0	0x12EF      	IORWF       INDF0, 1 
;__Lib_OneWire.c,19 :: 		
0x03D2	0x0E12      	MOVLW       18
0x03D4	0x5EE9      	SUBWF       FSR0L, 1 
;__Lib_OneWire.c,21 :: 		
0x03D6	0xDFDC      	RCALL       _Delay_80us
;__Lib_OneWire.c,22 :: 		
0x03D8	0x5032      	MOVF        Ow_Reset_bit_mask_1_L0, 0 
0x03DA	0x14EF      	ANDWF       INDF0, 0 
0x03DC	0x6E31      	MOVWF       Ow_Reset_res_L0 
0x03DE	0x5031      	MOVF        Ow_Reset_res_L0, 0 
0x03E0	0x0A00      	XORLW       0
0x03E2	0x0E00      	MOVLW       0
0x03E4	0xA4D8      	BTFSS       STATUS, 2 
0x03E6	0x0E01      	MOVLW       1
0x03E8	0x6E31      	MOVWF       Ow_Reset_res_L0 
;__Lib_OneWire.c,23 :: 		
0x03EA	0xDF38      	RCALL       _Delay_500us
;__Lib_OneWire.c,24 :: 		
0x03EC	0xF000C031  	MOVFF       Ow_Reset_res_L0, R0
;__Lib_OneWire.c,25 :: 		
L_end_Ow_Reset:
0x03F0	0x0012      	RETURN      0
; end of _Ow_Reset
___CC2DW:
;__Lib_System.c,21 :: 		
;__Lib_System.c,23 :: 		
_CC2DL_Loop1:
;__Lib_System.c,24 :: 		
0x03F2	0x0009      	TBLRD*+
;__Lib_System.c,25 :: 		
0x03F4	0xFFE6CFF5  	MOVFF       TABLAT, POSTINC1
;__Lib_System.c,26 :: 		
0x03F8	0x0600      	DECF        R0, 1, 0
;__Lib_System.c,27 :: 		
0x03FA	0xE1FB      	BNZ         _CC2DL_Loop1
;__Lib_System.c,28 :: 		
0x03FC	0x0601      	DECF        R1, 1, 0
;__Lib_System.c,29 :: 		
0x03FE	0xE1F9      	BNZ         _CC2DL_Loop1
;__Lib_System.c,31 :: 		
L_end___CC2DW:
0x0400	0x0012      	RETURN      0
; end of ___CC2DW
_UART1_Init:
;__Lib_UART_c67d67.c,20 :: 		
;__Lib_UART_c67d67.c,23 :: 		
0x0402	0x0E3A      	MOVLW       _UART1_Write
0x0404	0x6E1C      	MOVWF       _UART_Wr_Ptr 
0x0406	0x0E01      	MOVLW       hi_addr(_UART1_Write)
0x0408	0x6E1D      	MOVWF       _UART_Wr_Ptr+1 
0x040A	0x0E3A      	MOVLW       FARG_UART1_Write_data_
0x040C	0x6E1E      	MOVWF       _UART_Wr_Ptr+2 
0x040E	0x0E00      	MOVLW       hi_addr(FARG_UART1_Write_data_)
0x0410	0x6E1F      	MOVWF       _UART_Wr_Ptr+3 
;__Lib_UART_c67d67.c,24 :: 		
0x0412	0x0EFF      	MOVLW       _UART1_Read
0x0414	0x6E22      	MOVWF       _UART_Rd_Ptr 
0x0416	0x0EFF      	MOVLW       hi_addr(_UART1_Read)
0x0418	0x6E23      	MOVWF       _UART_Rd_Ptr+1 
0x041A	0x0E00      	MOVLW       0
0x041C	0x6E24      	MOVWF       _UART_Rd_Ptr+2 
0x041E	0x0E00      	MOVLW       0
0x0420	0x6E25      	MOVWF       _UART_Rd_Ptr+3 
;__Lib_UART_c67d67.c,25 :: 		
0x0422	0x0EFF      	MOVLW       _UART1_Data_Ready
0x0424	0x6E2A      	MOVWF       _UART_Rdy_Ptr 
0x0426	0x0EFF      	MOVLW       hi_addr(_UART1_Data_Ready)
0x0428	0x6E2B      	MOVWF       _UART_Rdy_Ptr+1 
0x042A	0x0E00      	MOVLW       0
0x042C	0x6E2C      	MOVWF       _UART_Rdy_Ptr+2 
0x042E	0x0E00      	MOVLW       0
0x0430	0x6E2D      	MOVWF       _UART_Rdy_Ptr+3 
;__Lib_UART_c67d67.c,26 :: 		
0x0432	0x0EFF      	MOVLW       _UART1_Tx_Idle
0x0434	0x6E26      	MOVWF       _UART_Tx_Idle_Ptr 
0x0436	0x0EFF      	MOVLW       hi_addr(_UART1_Tx_Idle)
0x0438	0x6E27      	MOVWF       _UART_Tx_Idle_Ptr+1 
0x043A	0x0E00      	MOVLW       0
0x043C	0x6E28      	MOVWF       _UART_Tx_Idle_Ptr+2 
0x043E	0x0E00      	MOVLW       0
0x0440	0x6E29      	MOVWF       _UART_Tx_Idle_Ptr+3 
;__Lib_UART_c67d67.c,28 :: 		
0x0442	0x8AAC      	BSF         TXSTA, 5 
;__Lib_UART_c67d67.c,29 :: 		
0x0444	0x0E90      	MOVLW       144
0x0446	0x6EAB      	MOVWF       RCSTA 
;__Lib_UART_c67d67.c,30 :: 		
0x0448	0x8E94      	BSF         TRISC7_bit, BitPos(TRISC7_bit+0) 
;__Lib_UART_c67d67.c,31 :: 		
0x044A	0x9C94      	BCF         TRISC6_bit, BitPos(TRISC6_bit+0) 
;__Lib_UART_c67d67.c,33 :: 		
L_UART1_Init0:
0x044C	0xAA9E      	BTFSS       PIR1, 5 
0x044E	0xD003      	BRA         L_UART1_Init1
;__Lib_UART_c67d67.c,34 :: 		
0x0450	0xF000CFAE  	MOVFF       RCREG, R0
0x0454	0xD7FB      	BRA         L_UART1_Init0
L_UART1_Init1:
;__Lib_UART_c67d67.c,35 :: 		
L_end_UART1_Init:
0x0456	0x0012      	RETURN      0
; end of _UART1_Init
_Display_Temperature:
;MyProject.c,90 :: 		void Display_Temperature(unsigned int temp2write) {
;MyProject.c,96 :: 		if (temp2write & 0x8000) {
0x0458	0xAE2F      	BTFSS       FARG_Display_Temperature_temp2write+1, 7 
0x045A	0xD00A      	BRA         L_Display_Temperature16
;MyProject.c,97 :: 		text[0] = '-';
0x045C	0xFFE1C015  	MOVFF       _text, FSR1L
0x0460	0xFFE2C016  	MOVFF       _text+1, FSR1H
0x0464	0x0E2D      	MOVLW       45
0x0466	0x6EE6      	MOVWF       POSTINC1 
;MyProject.c,98 :: 		temp2write = ~temp2write + 1;
0x0468	0x1E2E      	COMF        FARG_Display_Temperature_temp2write, 1 
0x046A	0x1E2F      	COMF        FARG_Display_Temperature_temp2write+1, 1 
0x046C	0x4A2E      	INFSNZ      FARG_Display_Temperature_temp2write, 1 
0x046E	0x2A2F      	INCF        FARG_Display_Temperature_temp2write+1, 1 
;MyProject.c,99 :: 		}
L_Display_Temperature16:
;MyProject.c,102 :: 		temp_whole = temp2write >> RES_SHIFT ;
0x0470	0xF000C02E  	MOVFF       FARG_Display_Temperature_temp2write, R0
0x0474	0xF001C02F  	MOVFF       FARG_Display_Temperature_temp2write+1, R1
0x0478	0x3201      	RRCF        R1, 1 
0x047A	0x3200      	RRCF        R0, 1 
0x047C	0x9E01      	BCF         R1, 7 
0x047E	0xF030C000  	MOVFF       R0, Display_Temperature_temp_whole_L0
;MyProject.c,105 :: 		if (temp_whole/100)
0x0482	0x0E64      	MOVLW       100
0x0484	0x6E04      	MOVWF       R4 
0x0486	0xDEDB      	RCALL       _Div_8X8_U
0x0488	0x5200      	MOVF        R0, 1 
0x048A	0xE00D      	BZ          L_Display_Temperature17
;MyProject.c,106 :: 		text[0] = temp_whole/100  + 48;
0x048C	0x0E64      	MOVLW       100
0x048E	0x6E04      	MOVWF       R4 
0x0490	0xF000C030  	MOVFF       Display_Temperature_temp_whole_L0, R0
0x0494	0xDED4      	RCALL       _Div_8X8_U
0x0496	0xFFE1C015  	MOVFF       _text, FSR1L
0x049A	0xFFE2C016  	MOVFF       _text+1, FSR1H
0x049E	0x0E30      	MOVLW       48
0x04A0	0x2400      	ADDWF       R0, 0 
0x04A2	0x6EE6      	MOVWF       POSTINC1 
0x04A4	0xD006      	BRA         L_Display_Temperature18
L_Display_Temperature17:
;MyProject.c,108 :: 		text[0] = '0';
0x04A6	0xFFE1C015  	MOVFF       _text, FSR1L
0x04AA	0xFFE2C016  	MOVFF       _text+1, FSR1H
0x04AE	0x0E30      	MOVLW       48
0x04B0	0x6EE6      	MOVWF       POSTINC1 
L_Display_Temperature18:
;MyProject.c,110 :: 		text[1] = (temp_whole/10)%10 + 48;
0x04B2	0x0E01      	MOVLW       1
0x04B4	0x2415      	ADDWF       _text, 0 
0x04B6	0x6E31      	MOVWF       FLOC__Display_Temperature 
0x04B8	0x0E00      	MOVLW       0
0x04BA	0x2016      	ADDWFC      _text+1, 0 
0x04BC	0x6E32      	MOVWF       FLOC__Display_Temperature+1 
0x04BE	0x0E0A      	MOVLW       10
0x04C0	0x6E04      	MOVWF       R4 
0x04C2	0xF000C030  	MOVFF       Display_Temperature_temp_whole_L0, R0
0x04C6	0xDEBB      	RCALL       _Div_8X8_U
0x04C8	0x0E0A      	MOVLW       10
0x04CA	0x6E04      	MOVWF       R4 
0x04CC	0xDEB8      	RCALL       _Div_8X8_U
0x04CE	0xF000C008  	MOVFF       R8, R0
0x04D2	0x0E30      	MOVLW       48
0x04D4	0x2600      	ADDWF       R0, 1 
0x04D6	0xFFE1C031  	MOVFF       FLOC__Display_Temperature, FSR1L
0x04DA	0xFFE2C032  	MOVFF       FLOC__Display_Temperature+1, FSR1H
0x04DE	0xFFE6C000  	MOVFF       R0, POSTINC1
;MyProject.c,111 :: 		text[2] =  temp_whole%10     + 48;             // Extract ones digit
0x04E2	0x0E02      	MOVLW       2
0x04E4	0x2415      	ADDWF       _text, 0 
0x04E6	0x6E31      	MOVWF       FLOC__Display_Temperature 
0x04E8	0x0E00      	MOVLW       0
0x04EA	0x2016      	ADDWFC      _text+1, 0 
0x04EC	0x6E32      	MOVWF       FLOC__Display_Temperature+1 
0x04EE	0x0E0A      	MOVLW       10
0x04F0	0x6E04      	MOVWF       R4 
0x04F2	0xF000C030  	MOVFF       Display_Temperature_temp_whole_L0, R0
0x04F6	0xDEA3      	RCALL       _Div_8X8_U
0x04F8	0xF000C008  	MOVFF       R8, R0
0x04FC	0x0E30      	MOVLW       48
0x04FE	0x2600      	ADDWF       R0, 1 
0x0500	0xFFE1C031  	MOVFF       FLOC__Display_Temperature, FSR1L
0x0504	0xFFE2C032  	MOVFF       FLOC__Display_Temperature+1, FSR1H
0x0508	0xFFE6C000  	MOVFF       R0, POSTINC1
;MyProject.c,125 :: 		UART1_Write_Text(text);
0x050C	0xF035C015  	MOVFF       _text, FARG_UART1_Write_Text_uart_text
0x0510	0xF036C016  	MOVFF       _text+1, FARG_UART1_Write_Text_uart_text+1
0x0514	0xDF20      	RCALL       _UART1_Write_Text
;MyProject.c,126 :: 		UART1_Write(13);
0x0516	0x0E0D      	MOVLW       13
0x0518	0x6E3A      	MOVWF       FARG_UART1_Write_data_ 
0x051A	0xDE0F      	RCALL       _UART1_Write
;MyProject.c,127 :: 		UART1_Write(10);
0x051C	0x0E0A      	MOVLW       10
0x051E	0x6E3A      	MOVWF       FARG_UART1_Write_data_ 
0x0520	0xDE0C      	RCALL       _UART1_Write
;MyProject.c,128 :: 		Delay_ms(100);
0x0522	0x0E02      	MOVLW       2
0x0524	0x6E0B      	MOVWF       R11, 0
0x0526	0x0E04      	MOVLW       4
0x0528	0x6E0C      	MOVWF       R12, 0
0x052A	0x0EBA      	MOVLW       186
0x052C	0x6E0D      	MOVWF       R13, 0
L_Display_Temperature19:
0x052E	0x2E0D      	DECFSZ      R13, 1, 0
0x0530	0xD7FE      	BRA         L_Display_Temperature19
0x0532	0x2E0C      	DECFSZ      R12, 1, 0
0x0534	0xD7FC      	BRA         L_Display_Temperature19
0x0536	0x2E0B      	DECFSZ      R11, 1, 0
0x0538	0xD7FA      	BRA         L_Display_Temperature19
0x053A	0x0000      	NOP
;MyProject.c,130 :: 		afficheNombre(temp_whole/10);
0x053C	0x0E0A      	MOVLW       10
0x053E	0x6E04      	MOVWF       R4 
0x0540	0xF000C030  	MOVFF       Display_Temperature_temp_whole_L0, R0
0x0544	0xDE7C      	RCALL       _Div_8X8_U
0x0546	0xF035C000  	MOVFF       R0, FARG_afficheNombre_nb
0x054A	0xDE96      	RCALL       _afficheNombre
;MyProject.c,131 :: 		}
L_end_Display_Temperature:
0x054C	0x0012      	RETURN      0
; end of _Display_Temperature
_Ow_Read:
;__Lib_OneWire.c,28 :: 		
;__Lib_OneWire.c,31 :: 		
0x054E	0xF001C030  	MOVFF       FARG_Ow_Read_pin, R1
0x0552	0x0E01      	MOVLW       1
0x0554	0x6E00      	MOVWF       R0 
0x0556	0x5001      	MOVF        R1, 0 
L__Ow_Read12:
0x0558	0xE004      	BZ          L__Ow_Read13
0x055A	0x3600      	RLCF        R0, 1 
0x055C	0x9000      	BCF         R0, 0 
0x055E	0x0FFF      	ADDLW       255
0x0560	0xD7FB      	BRA         L__Ow_Read12
L__Ow_Read13:
0x0562	0xF034C000  	MOVFF       R0, Ow_Read_bit_mask_1_L0
;__Lib_OneWire.c,32 :: 		
0x0566	0x1C00      	COMF        R0, 0 
0x0568	0x6E33      	MOVWF       Ow_Read_bit_mask_0_L0 
;__Lib_OneWire.c,34 :: 		
0x056A	0x6A32      	CLRF        Ow_Read_tmp_L0 
;__Lib_OneWire.c,35 :: 		
0x056C	0xFFE9C02E  	MOVFF       FARG_Ow_Read_port, FSR0
0x0570	0xFFEAC02F  	MOVFF       FARG_Ow_Read_port+1, FSR0+1
;__Lib_OneWire.c,37 :: 		
0x0574	0x6A31      	CLRF        Ow_Read_i_L0 
L_Ow_Read0:
0x0576	0x5031      	MOVF        Ow_Read_i_L0, 0 
0x0578	0x0807      	SUBLW       7
0x057A	0xE320      	BNC         L_Ow_Read1
;__Lib_OneWire.c,38 :: 		
0x057C	0x5033      	MOVF        Ow_Read_bit_mask_0_L0, 0 
0x057E	0x16EF      	ANDWF       INDF0, 1 
;__Lib_OneWire.c,40 :: 		
0x0580	0x0E12      	MOVLW       18
0x0582	0x26E9      	ADDWF       FSR0L, 1 
;__Lib_OneWire.c,41 :: 		
0x0584	0x5033      	MOVF        Ow_Read_bit_mask_0_L0, 0 
0x0586	0x16EF      	ANDWF       INDF0, 1 
;__Lib_OneWire.c,42 :: 		
0x0588	0xDE74      	RCALL       _Delay_1us
;__Lib_OneWire.c,44 :: 		
0x058A	0x5034      	MOVF        Ow_Read_bit_mask_1_L0, 0 
0x058C	0x12EF      	IORWF       INDF0, 1 
;__Lib_OneWire.c,45 :: 		
0x058E	0xDE71      	RCALL       _Delay_1us
;__Lib_OneWire.c,47 :: 		
0x0590	0x0E12      	MOVLW       18
0x0592	0x5EE9      	SUBWF       FSR0L, 1 
;__Lib_OneWire.c,48 :: 		
0x0594	0x5034      	MOVF        Ow_Read_bit_mask_1_L0, 0 
0x0596	0x14EF      	ANDWF       INDF0, 0 
0x0598	0x6E00      	MOVWF       R0 
0x059A	0xE00C      	BZ          L_Ow_Read3
;__Lib_OneWire.c,49 :: 		
0x059C	0xF001C031  	MOVFF       Ow_Read_i_L0, R1
0x05A0	0x0E01      	MOVLW       1
0x05A2	0x6E00      	MOVWF       R0 
0x05A4	0x5001      	MOVF        R1, 0 
L__Ow_Read14:
0x05A6	0xE004      	BZ          L__Ow_Read15
0x05A8	0x3600      	RLCF        R0, 1 
0x05AA	0x9000      	BCF         R0, 0 
0x05AC	0x0FFF      	ADDLW       255
0x05AE	0xD7FB      	BRA         L__Ow_Read14
L__Ow_Read15:
0x05B0	0x5000      	MOVF        R0, 0 
0x05B2	0x1232      	IORWF       Ow_Read_tmp_L0, 1 
L_Ow_Read3:
;__Lib_OneWire.c,51 :: 		
0x05B4	0xDEE8      	RCALL       _Delay_50us
;__Lib_OneWire.c,52 :: 		
0x05B6	0xDEE7      	RCALL       _Delay_50us
;__Lib_OneWire.c,37 :: 		
0x05B8	0x2A31      	INCF        Ow_Read_i_L0, 1 
;__Lib_OneWire.c,53 :: 		
0x05BA	0xD7DD      	BRA         L_Ow_Read0
L_Ow_Read1:
;__Lib_OneWire.c,54 :: 		
0x05BC	0xF000C032  	MOVFF       Ow_Read_tmp_L0, R0
;__Lib_OneWire.c,55 :: 		
L_end_Ow_Read:
0x05C0	0x0012      	RETURN      0
; end of _Ow_Read
_Ow_Write:
;__Lib_OneWire.c,58 :: 		
;__Lib_OneWire.c,61 :: 		
0x05C2	0xF001C030  	MOVFF       FARG_Ow_Write_pin, R1
0x05C6	0x0E01      	MOVLW       1
0x05C8	0x6E00      	MOVWF       R0 
0x05CA	0x5001      	MOVF        R1, 0 
L__Ow_Write17:
0x05CC	0xE004      	BZ          L__Ow_Write18
0x05CE	0x3600      	RLCF        R0, 1 
0x05D0	0x9000      	BCF         R0, 0 
0x05D2	0x0FFF      	ADDLW       255
0x05D4	0xD7FB      	BRA         L__Ow_Write17
L__Ow_Write18:
0x05D6	0xF034C000  	MOVFF       R0, Ow_Write_bit_mask_1_L0
;__Lib_OneWire.c,62 :: 		
0x05DA	0x1E00      	COMF        R0, 1 
0x05DC	0xF033C000  	MOVFF       R0, Ow_Write_bit_mask_0_L0
;__Lib_OneWire.c,64 :: 		
0x05E0	0xFFE9C02E  	MOVFF       FARG_Ow_Write_port, FSR0
0x05E4	0xFFEAC02F  	MOVFF       FARG_Ow_Write_port+1, FSR0+1
;__Lib_OneWire.c,65 :: 		
0x05E8	0x5000      	MOVF        R0, 0 
0x05EA	0x16EF      	ANDWF       INDF0, 1 
;__Lib_OneWire.c,67 :: 		
0x05EC	0x0E12      	MOVLW       18
0x05EE	0x26E9      	ADDWF       FSR0L, 1 
;__Lib_OneWire.c,69 :: 		
0x05F0	0x6A32      	CLRF        Ow_Write_i_L0 
L_Ow_Write4:
0x05F2	0x5032      	MOVF        Ow_Write_i_L0, 0 
0x05F4	0x0807      	SUBLW       7
0x05F6	0xE315      	BNC         L_Ow_Write5
;__Lib_OneWire.c,70 :: 		
0x05F8	0xF000C032  	MOVFF       Ow_Write_i_L0, R0
0x05FC	0xF001C031  	MOVFF       FARG_Ow_Write_data_, R1
0x0600	0x5000      	MOVF        R0, 0 
L__Ow_Write19:
0x0602	0xE004      	BZ          L__Ow_Write20
0x0604	0x3201      	RRCF        R1, 1 
0x0606	0x9E01      	BCF         R1, 7 
0x0608	0x0FFF      	ADDLW       255
0x060A	0xD7FB      	BRA         L__Ow_Write19
L__Ow_Write20:
;__Lib_OneWire.c,73 :: 		
0x060C	0x5033      	MOVF        Ow_Write_bit_mask_0_L0, 0 
0x060E	0x16EF      	ANDWF       INDF0, 1 
;__Lib_OneWire.c,75 :: 		
0x0610	0xA001      	BTFSS       R1, 0 
0x0612	0xD002      	BRA         L_Ow_Write7
;__Lib_OneWire.c,76 :: 		
0x0614	0x5034      	MOVF        Ow_Write_bit_mask_1_L0, 0 
0x0616	0x12EF      	IORWF       INDF0, 1 
;__Lib_OneWire.c,77 :: 		
L_Ow_Write7:
;__Lib_OneWire.c,79 :: 		
0x0618	0xDEBB      	RCALL       _Delay_80us
;__Lib_OneWire.c,81 :: 		
0x061A	0x5034      	MOVF        Ow_Write_bit_mask_1_L0, 0 
0x061C	0x12EF      	IORWF       INDF0, 1 
;__Lib_OneWire.c,69 :: 		
0x061E	0x2A32      	INCF        Ow_Write_i_L0, 1 
;__Lib_OneWire.c,83 :: 		
0x0620	0xD7E8      	BRA         L_Ow_Write4
L_Ow_Write5:
;__Lib_OneWire.c,84 :: 		
0x0622	0x0E12      	MOVLW       18
0x0624	0x5EE9      	SUBWF       FSR0L, 1 
;__Lib_OneWire.c,86 :: 		
0x0626	0xDEAF      	RCALL       _Delay_50us
;__Lib_OneWire.c,87 :: 		
0x0628	0xDEAE      	RCALL       _Delay_50us
;__Lib_OneWire.c,88 :: 		
L_end_Ow_Write:
0x062A	0x0012      	RETURN      0
; end of _Ow_Write
_main:
0x062C	0x0E17      	MOVLW       23
0x062E	0x6E15      	MOVWF       _text 
0x0630	0x6A16      	CLRF        22 
0x0632	0x0E30      	MOVLW       48
0x0634	0x6E17      	MOVWF       ?lstr1_MyProject 
0x0636	0x0E30      	MOVLW       48
0x0638	0x6E18      	MOVWF       24 
0x063A	0x0E30      	MOVLW       48
0x063C	0x6E19      	MOVWF       25 
0x063E	0x0E30      	MOVLW       48
0x0640	0x6E1A      	MOVWF       26 
0x0642	0x6A1B      	CLRF        27 
;MyProject.c,133 :: 		void main() {
;MyProject.c,134 :: 		ANSELE = 0;                                    // Configure PORTE pins as digital
0x0644	0x010F      	MOVLB       15
0x0646	0x6B3C      	CLRF        ANSELE, 1
;MyProject.c,135 :: 		TRISE.B2 = 1;                                  // Configure RE2 pin as input
0x0648	0x8496      	BSF         TRISE, 2 
;MyProject.c,136 :: 		ANSELA = 0x00;
0x064A	0x6B38      	CLRF        ANSELA, 1
;MyProject.c,137 :: 		ANSELD = 0x00;
0x064C	0x6B3B      	CLRF        ANSELD, 1
;MyProject.c,139 :: 		TRISA = 0x00;
0x064E	0x6A92      	CLRF        TRISA 
;MyProject.c,141 :: 		TRISD=0x00;
0x0650	0x6A95      	CLRF        TRISD 
;MyProject.c,142 :: 		LATA = 0x00;
0x0652	0x6A89      	CLRF        LATA 
;MyProject.c,146 :: 		UART1_Init(9600);
0x0654	0x86B8      	BSF         BAUDCON, 3, 0
0x0656	0x6AB0      	CLRF        SPBRGH 
0x0658	0x0ECF      	MOVLW       207
0x065A	0x6EAF      	MOVWF       SPBRG 
0x065C	0x84AC      	BSF         TXSTA, 2, 0
0x065E	0xDED1      	RCALL       _UART1_Init
;MyProject.c,149 :: 		Delay_ms(100);
0x0660	0x0E02      	MOVLW       2
0x0662	0x6E0B      	MOVWF       R11, 0
0x0664	0x0E04      	MOVLW       4
0x0666	0x6E0C      	MOVWF       R12, 0
0x0668	0x0EBA      	MOVLW       186
0x066A	0x6E0D      	MOVWF       R13, 0
L_main20:
0x066C	0x2E0D      	DECFSZ      R13, 1, 0
0x066E	0xD7FE      	BRA         L_main20
0x0670	0x2E0C      	DECFSZ      R12, 1, 0
0x0672	0xD7FC      	BRA         L_main20
0x0674	0x2E0B      	DECFSZ      R11, 1, 0
0x0676	0xD7FA      	BRA         L_main20
0x0678	0x0000      	NOP
;MyProject.c,151 :: 		do {
L_main21:
;MyProject.c,153 :: 		Ow_Reset(&PORTE, 2);                         // Onewire reset signal
0x067A	0x0E84      	MOVLW       PORTE
0x067C	0x6E2E      	MOVWF       FARG_Ow_Reset_port 
0x067E	0x0E0F      	MOVLW       hi_addr(PORTE)
0x0680	0x6E2F      	MOVWF       FARG_Ow_Reset_port+1 
0x0682	0x0E02      	MOVLW       2
0x0684	0x6E30      	MOVWF       FARG_Ow_Reset_pin 
0x0686	0xDE8B      	RCALL       _Ow_Reset
;MyProject.c,154 :: 		Ow_Write(&PORTE, 2, 0xCC);                   // Issue command SKIP_ROM
0x0688	0x0E84      	MOVLW       PORTE
0x068A	0x6E2E      	MOVWF       FARG_Ow_Write_port 
0x068C	0x0E0F      	MOVLW       hi_addr(PORTE)
0x068E	0x6E2F      	MOVWF       FARG_Ow_Write_port+1 
0x0690	0x0E02      	MOVLW       2
0x0692	0x6E30      	MOVWF       FARG_Ow_Write_pin 
0x0694	0x0ECC      	MOVLW       204
0x0696	0x6E31      	MOVWF       FARG_Ow_Write_data_ 
0x0698	0xDF94      	RCALL       _Ow_Write
;MyProject.c,155 :: 		Ow_Write(&PORTE, 2, 0x44);                   // Issue command CONVERT_T
0x069A	0x0E84      	MOVLW       PORTE
0x069C	0x6E2E      	MOVWF       FARG_Ow_Write_port 
0x069E	0x0E0F      	MOVLW       hi_addr(PORTE)
0x06A0	0x6E2F      	MOVWF       FARG_Ow_Write_port+1 
0x06A2	0x0E02      	MOVLW       2
0x06A4	0x6E30      	MOVWF       FARG_Ow_Write_pin 
0x06A6	0x0E44      	MOVLW       68
0x06A8	0x6E31      	MOVWF       FARG_Ow_Write_data_ 
0x06AA	0xDF8B      	RCALL       _Ow_Write
;MyProject.c,156 :: 		Delay_ms(10);
0x06AC	0x0E1A      	MOVLW       26
0x06AE	0x6E0C      	MOVWF       R12, 0
0x06B0	0x0EF8      	MOVLW       248
0x06B2	0x6E0D      	MOVWF       R13, 0
L_main24:
0x06B4	0x2E0D      	DECFSZ      R13, 1, 0
0x06B6	0xD7FE      	BRA         L_main24
0x06B8	0x2E0C      	DECFSZ      R12, 1, 0
0x06BA	0xD7FC      	BRA         L_main24
0x06BC	0x0000      	NOP
;MyProject.c,158 :: 		Ow_Reset(&PORTE, 2);
0x06BE	0x0E84      	MOVLW       PORTE
0x06C0	0x6E2E      	MOVWF       FARG_Ow_Reset_port 
0x06C2	0x0E0F      	MOVLW       hi_addr(PORTE)
0x06C4	0x6E2F      	MOVWF       FARG_Ow_Reset_port+1 
0x06C6	0x0E02      	MOVLW       2
0x06C8	0x6E30      	MOVWF       FARG_Ow_Reset_pin 
0x06CA	0xDE69      	RCALL       _Ow_Reset
;MyProject.c,159 :: 		Ow_Write(&PORTE, 2, 0xCC);                   // Issue command SKIP_ROM
0x06CC	0x0E84      	MOVLW       PORTE
0x06CE	0x6E2E      	MOVWF       FARG_Ow_Write_port 
0x06D0	0x0E0F      	MOVLW       hi_addr(PORTE)
0x06D2	0x6E2F      	MOVWF       FARG_Ow_Write_port+1 
0x06D4	0x0E02      	MOVLW       2
0x06D6	0x6E30      	MOVWF       FARG_Ow_Write_pin 
0x06D8	0x0ECC      	MOVLW       204
0x06DA	0x6E31      	MOVWF       FARG_Ow_Write_data_ 
0x06DC	0xDF72      	RCALL       _Ow_Write
;MyProject.c,160 :: 		Ow_Write(&PORTE, 2, 0xBE);                   // Issue command READ_SCRATCHPAD
0x06DE	0x0E84      	MOVLW       PORTE
0x06E0	0x6E2E      	MOVWF       FARG_Ow_Write_port 
0x06E2	0x0E0F      	MOVLW       hi_addr(PORTE)
0x06E4	0x6E2F      	MOVWF       FARG_Ow_Write_port+1 
0x06E6	0x0E02      	MOVLW       2
0x06E8	0x6E30      	MOVWF       FARG_Ow_Write_pin 
0x06EA	0x0EBE      	MOVLW       190
0x06EC	0x6E31      	MOVWF       FARG_Ow_Write_data_ 
0x06EE	0xDF69      	RCALL       _Ow_Write
;MyProject.c,162 :: 		temp =  Ow_Read(&PORTE, 2);
0x06F0	0x0E84      	MOVLW       PORTE
0x06F2	0x6E2E      	MOVWF       FARG_Ow_Read_port 
0x06F4	0x0E0F      	MOVLW       hi_addr(PORTE)
0x06F6	0x6E2F      	MOVWF       FARG_Ow_Read_port+1 
0x06F8	0x0E02      	MOVLW       2
0x06FA	0x6E30      	MOVWF       FARG_Ow_Read_pin 
0x06FC	0xDF28      	RCALL       _Ow_Read
0x06FE	0xF020C000  	MOVFF       R0, _temp
0x0702	0x0E00      	MOVLW       0
0x0704	0x6E21      	MOVWF       _temp+1 
;MyProject.c,163 :: 		temp = (Ow_Read(&PORTE, 2) << 8) + temp;
0x0706	0x0E84      	MOVLW       PORTE
0x0708	0x6E2E      	MOVWF       FARG_Ow_Read_port 
0x070A	0x0E0F      	MOVLW       hi_addr(PORTE)
0x070C	0x6E2F      	MOVWF       FARG_Ow_Read_port+1 
0x070E	0x0E02      	MOVLW       2
0x0710	0x6E30      	MOVWF       FARG_Ow_Read_pin 
0x0712	0xDF1D      	RCALL       _Ow_Read
0x0714	0xF003C000  	MOVFF       R0, R3
0x0718	0x6A02      	CLRF        R2 
0x071A	0x5020      	MOVF        _temp, 0 
0x071C	0x2402      	ADDWF       R2, 0 
0x071E	0x6E00      	MOVWF       R0 
0x0720	0x5021      	MOVF        _temp+1, 0 
0x0722	0x2003      	ADDWFC      R3, 0 
0x0724	0x6E01      	MOVWF       R1 
0x0726	0xF020C000  	MOVFF       R0, _temp
0x072A	0xF021C001  	MOVFF       R1, _temp+1
;MyProject.c,166 :: 		Display_Temperature(temp);
0x072E	0xF02EC000  	MOVFF       R0, FARG_Display_Temperature_temp2write
0x0732	0xF02FC001  	MOVFF       R1, FARG_Display_Temperature_temp2write+1
0x0736	0xDE90      	RCALL       _Display_Temperature
;MyProject.c,170 :: 		} while (1);
0x0738	0xD7A0      	BRA         L_main21
;MyProject.c,171 :: 		}
L_end_main:
0x073A	0xD7FF      	BRA         $+0
; end of _main
Symbol List:
//** Routines locations **
//ADDRESS    SIZE    PROCEDURE
//----------------------------------------------
0x001C      [88]    _Div_16x16_S_L
0x0074     [198]    _Div_16x16_S
0x013A      [14]    _UART1_Write
0x0148     [246]    _afficheChiffre
0x023E      [30]    _Div_8X8_U
0x025C      [22]    _Delay_500us
0x0272       [6]    _Delay_1us
0x0278     [222]    _afficheNombre
0x0356      [48]    _UART1_Write_Text
0x0386      [10]    _Delay_50us
0x0390      [14]    _Delay_80us
0x039E      [84]    _Ow_Reset
0x03F2      [16]    ___CC2DW
0x0402      [86]    _UART1_Init
0x0458     [246]    _Display_Temperature
0x054E     [116]    _Ow_Read
0x05C2     [106]    _Ow_Write
0x062C     [272]    _main
//** Variables locations ** 
//ADDRESS    SIZE    VARIABLE
//----------------------------------------------
0x0000       [1]    UART2_Init_tmp_L0
0x0000       [1]    UART1_Init_tmp_L0
0x0000       [1]    R0
0x0001       [1]    UART2_Read___tmp_UART2_Read_L0
0x0001       [1]    UART1_Read___tmp_UART1_Read_L0
0x0001       [1]    R1
0x0002       [1]    R2
0x0003       [1]    R3
0x0004       [1]    R4
0x0005       [1]    R5
0x0006       [1]    R6
0x0007       [1]    R7
0x0008       [1]    R8
0x0009       [1]    R9
0x000A       [1]    R10
0x000B       [1]    R11
0x000C       [1]    R12
0x000D       [1]    R13
0x000E       [1]    R14
0x000F       [1]    R15
0x0010       [1]    R16
0x0011       [1]    R17
0x0012       [1]    R18
0x0013       [1]    R19
0x0014       [1]    R20
0x0015       [2]    _text
0x0017       [5]    ?lstr1_MyProject
0x001C       [4]    _UART_Wr_Ptr
0x0020       [2]    _temp
0x0022       [4]    _UART_Rd_Ptr
0x0026       [4]    _UART_Tx_Idle_Ptr
0x002A       [4]    _UART_Rdy_Ptr
0x002E       [2]    FARG_Display_Temperature_temp2write
0x002E       [2]    FARG_Ow_Write_port
0x002E       [2]    FARG_Ow_Reset_port
0x002E       [2]    FARG_Ow_Read_port
0x0030       [1]    FARG_Ow_Reset_pin
0x0030       [1]    Display_Temperature_temp_whole_L0
0x0030       [1]    FARG_Ow_Read_pin
0x0030       [1]    FARG_Ow_Write_pin
0x0031       [1]    Ow_Read_i_L0
0x0031       [1]    FARG_Ow_Write_data_
0x0031       [1]    Ow_Reset_res_L0
0x0031       [2]    FLOC__Display_Temperature
0x0032       [1]    Ow_Read_tmp_L0
0x0032       [1]    Ow_Reset_bit_mask_1_L0
0x0032       [1]    Ow_Write_i_L0
0x0033       [1]    Ow_Read_bit_mask_0_L0
0x0033       [1]    Ow_Write_bit_mask_0_L0
0x0034       [1]    Ow_Write_bit_mask_1_L0
0x0034       [1]    Ow_Read_bit_mask_1_L0
0x0035       [1]    FARG_afficheNombre_nb
0x0035       [2]    FARG_UART1_Write_Text_uart_text
0x0036       [1]    afficheNombre_chiffre1_L0
0x0037       [1]    afficheNombre_chiffre2_L0
0x0037       [1]    UART1_Write_Text_data__L0
0x0038       [1]    afficheNombre_chiffre3_L0
0x0038       [1]    UART1_Write_Text_counter_L0
0x0039       [1]    FLOC__afficheNombre
0x003A       [1]    FARG_UART1_Write_data_
0x003A       [1]    FARG_afficheChiffre_chiffre
0x003B       [1]    FARG_afficheChiffre_position
0x0F38       [1]    ANSELA
0x0F3B       [1]    ANSELD
0x0F3C       [1]    ANSELE
0x0F84       [1]    PORTE
0x0F89       [1]    LATA
0x0F8C       [0]    LATD6_bit
0x0F8C       [0]    LATD1_bit
0x0F8C       [0]    LATD5_bit
0x0F8C       [0]    LATD7_bit
0x0F8C       [0]    LATD0_bit
0x0F8C       [0]    LATD4_bit
0x0F8C       [0]    LATD3_bit
0x0F8C       [0]    LATD2_bit
0x0F92       [1]    TRISA
0x0F94       [0]    TRISC6_bit
0x0F94       [0]    TRISC7_bit
0x0F95       [1]    TRISD
0x0F96       [1]    TRISE
0x0F9E       [1]    PIR1
0x0FAB       [1]    RCSTA
0x0FAC       [1]    TXSTA
0x0FAD       [1]    TXREG
0x0FAE       [1]    RCREG
0x0FAF       [1]    SPBRG
0x0FB0       [1]    SPBRGH
0x0FB8       [1]    BAUDCON
0x0FD8       [1]    STATUS
0x0FD9       [1]    FSR2L
0x0FDA       [1]    FSR2H
0x0FDE       [1]    POSTINC2
0x0FE0       [1]    BSR
0x0FE1       [1]    FSR1L
0x0FE2       [1]    FSR1H
0x0FE4       [1]    PREINC1
0x0FE6       [1]    POSTINC1
0x0FE7       [1]    INDF1
0x0FE8       [1]    WREG
0x0FE9       [2]    FSR0
0x0FE9       [1]    FSR0L
0x0FEA       [1]    FSR0H
0x0FEE       [1]    POSTINC0
0x0FEF       [1]    INDF0
0x0FF3       [1]    PRODL
0x0FF4       [1]    PRODH
0x0FF5       [1]    TABLAT
0x0FF6       [1]    TBLPTRL
0x0FF7       [1]    TBLPTRH
0x0FF8       [1]    TBLPTRU
