;  LST file generated by mikroListExporter - v.2.0 
; Date/Time: 05/04/2022 13:17:34
;----------------------------------------------

;Address Opcode 	ASM
0x0000	0xF004EFFB  	GOTO        2550
0x0004	0x0000      	NOP
0x0006	0x0000      	NOP
0x0008	0xF000EF00  	GOTO        0
0x000C	0x0000      	NOP
0x000E	0x0000      	NOP
0x0010	0x0000      	NOP
0x0012	0x0000      	NOP
0x0014	0x0000      	NOP
0x0016	0x0000      	NOP
0x0018	0xD7F3      	BRA         0
_RES032:
;__Lib_MathDouble.c,128 :: 		
;__Lib_MathDouble.c,134 :: 		
0x001C	0x6A02      	CLRF        R2, 0
;__Lib_MathDouble.c,135 :: 		
0x001E	0x6A01      	CLRF        R1, 0
;__Lib_MathDouble.c,136 :: 		
0x0020	0x6A00      	CLRF        R0, 0
;__Lib_MathDouble.c,137 :: 		
0x0022	0x6A08      	CLRF        R8, 0
;__Lib_MathDouble.c,138 :: 		
0x0024	0x6A03      	CLRF        R3, 0
;__Lib_MathDouble.c,139 :: 		
0x0026	0x0E00      	MOVLW       0
;__Lib_MathDouble.c,141 :: 		
L_end_RES032:
0x0028	0x0012      	RETURN      0
; end of _RES032
_Div_16x16_S_L:
;__Lib_Math.c,139 :: 		
;__Lib_Math.c,146 :: 		
0x002A	0x3401      	RLCF        R1, 0, 0
;__Lib_Math.c,147 :: 		
0x002C	0x3608      	RLCF        R8, 1, 0
;__Lib_Math.c,148 :: 		
0x002E	0x3609      	RLCF        R9, 1, 0
;__Lib_Math.c,149 :: 		
0x0030	0x5004      	MOVF        R4, 0, 0
;__Lib_Math.c,150 :: 		
0x0032	0x5E08      	SUBWF       R8, 1, 0
;__Lib_Math.c,151 :: 		
0x0034	0x5005      	MOVF        R5, 0, 0
;__Lib_Math.c,152 :: 		
0x0036	0xA0D8      	BTFSS       STATUS, 0, 0
;__Lib_Math.c,153 :: 		
0x0038	0x3C05      	INCFSZ      R5, 0, 0
;__Lib_Math.c,154 :: 		
0x003A	0x5E09      	SUBWF       R9, 1, 0
;__Lib_Math.c,155 :: 		
0x003C	0x3600      	RLCF        R0, 1, 0
;__Lib_Math.c,156 :: 		
0x003E	0x3601      	RLCF        R1, 1, 0
;__Lib_Math.c,158 :: 		
0x0040	0x0E0F      	MOVLW       15
;__Lib_Math.c,159 :: 		
0x0042	0x6E0C      	MOVWF       R12, 0
;__Lib_Math.c,161 :: 		
0x0044	0x3401      	RLCF        R1, 0, 0
;__Lib_Math.c,162 :: 		
0x0046	0x3608      	RLCF        R8, 1, 0
;__Lib_Math.c,163 :: 		
0x0048	0x3609      	RLCF        R9, 1, 0
;__Lib_Math.c,164 :: 		
0x004A	0x5004      	MOVF        R4, 0, 0
;__Lib_Math.c,166 :: 		
0x004C	0xA000      	BTFSS       R0, 0, 0
;__Lib_Math.c,167 :: 		
0x004E	0xD006      	BRA         $+14
;__Lib_Math.c,168 :: 		
0x0050	0x5E08      	SUBWF       R8, 1, 0
;__Lib_Math.c,169 :: 		
0x0052	0x5005      	MOVF        R5, 0, 0
;__Lib_Math.c,170 :: 		
0x0054	0xA0D8      	BTFSS       STATUS, 0, 0
;__Lib_Math.c,171 :: 		
0x0056	0x3C05      	INCFSZ      R5, 0, 0
;__Lib_Math.c,172 :: 		
0x0058	0x5E09      	SUBWF       R9, 1, 0
;__Lib_Math.c,173 :: 		
0x005A	0xD005      	BRA         $+12
;__Lib_Math.c,175 :: 		
0x005C	0x2608      	ADDWF       R8, 1, 0
;__Lib_Math.c,176 :: 		
0x005E	0x5005      	MOVF        R5, 0, 0
;__Lib_Math.c,177 :: 		
0x0060	0xB0D8      	BTFSC       STATUS, 0, 0
;__Lib_Math.c,178 :: 		
0x0062	0x3C05      	INCFSZ      R5, 0, 0
;__Lib_Math.c,179 :: 		
0x0064	0x2609      	ADDWF       R9, 1, 0
;__Lib_Math.c,181 :: 		
0x0066	0x3600      	RLCF        R0, 1, 0
;__Lib_Math.c,182 :: 		
0x0068	0x3601      	RLCF        R1, 1, 0
;__Lib_Math.c,184 :: 		
0x006A	0x2E0C      	DECFSZ      R12, 1, 0
;__Lib_Math.c,185 :: 		
0x006C	0xD7EB      	BRA         $-40
;__Lib_Math.c,187 :: 		
0x006E	0xB000      	BTFSC       R0, 0, 0
;__Lib_Math.c,188 :: 		
0x0070	0xD006      	BRA         $+14
;__Lib_Math.c,189 :: 		
0x0072	0x5004      	MOVF        R4, 0, 0
;__Lib_Math.c,190 :: 		
0x0074	0x2608      	ADDWF       R8, 1, 0
;__Lib_Math.c,191 :: 		
0x0076	0x5005      	MOVF        R5, 0, 0
;__Lib_Math.c,192 :: 		
0x0078	0xB0D8      	BTFSC       STATUS, 0, 0
;__Lib_Math.c,193 :: 		
0x007A	0x3C05      	INCFSZ      R5, 0, 0
;__Lib_Math.c,194 :: 		
0x007C	0x2609      	ADDWF       R9, 1, 0
;__Lib_Math.c,195 :: 		
0x007E	0x0000      	NOP
;__Lib_Math.c,197 :: 		
L_end_Div_16x16_S_L:
0x0080	0x0012      	RETURN      0
; end of _Div_16x16_S_L
_FIXSIGN32:
;__Lib_MathDouble.c,117 :: 		
;__Lib_MathDouble.c,121 :: 		
0x0082	0xAE0A      	BTFSS       R10, 7, 0
;__Lib_MathDouble.c,122 :: 		
0x0084	0x9E02      	BCF         R2, 7, 0
;__Lib_MathDouble.c,123 :: 		
0x0086	0x0E00      	MOVLW       0
;__Lib_MathDouble.c,125 :: 		
L_end_FIXSIGN32:
0x0088	0x0012      	RETURN      0
; end of _FIXSIGN32
_SETFUN32:
;__Lib_MathDouble.c,144 :: 		
;__Lib_MathDouble.c,152 :: 		
0x008A	0x840B      	BSF         R11, 2, 0
;__Lib_MathDouble.c,153 :: 		
0x008C	0xAE0B      	BTFSS       R11, 7, 0
;__Lib_MathDouble.c,154 :: 		
0x008E	0xF000EF50  	GOTO        SETFUN32EEE
;__Lib_MathDouble.c,156 :: 		
0x0092	0x0E01      	MOVLW       1
;__Lib_MathDouble.c,157 :: 		
0x0094	0x6E03      	MOVWF       R3, 0
;__Lib_MathDouble.c,158 :: 		
0x0096	0x6A02      	CLRF        R2, 0
;__Lib_MathDouble.c,159 :: 		
0x0098	0x6A01      	CLRF        R1, 0
;__Lib_MathDouble.c,160 :: 		
0x009A	0x6A00      	CLRF        R0, 0
;__Lib_MathDouble.c,161 :: 		
0x009C	0x360A      	RLCF        R10, 1, 0
;__Lib_MathDouble.c,162 :: 		
0x009E	0x3202      	RRCF        R2, 1, 0
;__Lib_MathDouble.c,163 :: 		
SETFUN32EEE:
;__Lib_MathDouble.c,164 :: 		
0x00A0	0x0EFF      	MOVLW       255
;__Lib_MathDouble.c,166 :: 		
L_end_SETFUN32:
0x00A2	0x0012      	RETURN      0
; end of _SETFUN32
_Div_16X16_U:
;__Lib_Math.c,102 :: 		
;__Lib_Math.c,109 :: 		
0x00A4	0x6A08      	CLRF        R8, 0
;__Lib_Math.c,110 :: 		
0x00A6	0x6A09      	CLRF        R9, 0
;__Lib_Math.c,111 :: 		
0x00A8	0x0E10      	MOVLW       16
;__Lib_Math.c,112 :: 		
0x00AA	0x6E0C      	MOVWF       R12, 0
;__Lib_Math.c,113 :: 		
0x00AC	0x3401      	RLCF        R1, 0, 0
;__Lib_Math.c,114 :: 		
0x00AE	0x3608      	RLCF        R8, 1, 0
;__Lib_Math.c,115 :: 		
0x00B0	0x3609      	RLCF        R9, 1, 0
;__Lib_Math.c,116 :: 		
0x00B2	0x5004      	MOVF        R4, 0, 0
;__Lib_Math.c,117 :: 		
0x00B4	0x5E08      	SUBWF       R8, 1, 0
;__Lib_Math.c,118 :: 		
0x00B6	0x5005      	MOVF        R5, 0, 0
;__Lib_Math.c,119 :: 		
0x00B8	0xA0D8      	BTFSS       STATUS, 0, 0
;__Lib_Math.c,120 :: 		
0x00BA	0x3C05      	INCFSZ      R5, 0, 0
;__Lib_Math.c,121 :: 		
0x00BC	0x5E09      	SUBWF       R9, 1, 0
;__Lib_Math.c,122 :: 		
0x00BE	0xB0D8      	BTFSC       STATUS, 0, 0
;__Lib_Math.c,123 :: 		
0x00C0	0xD007      	BRA         $+16
;__Lib_Math.c,124 :: 		
0x00C2	0x5004      	MOVF        R4, 0, 0
;__Lib_Math.c,125 :: 		
0x00C4	0x2608      	ADDWF       R8, 1, 0
;__Lib_Math.c,126 :: 		
0x00C6	0x5005      	MOVF        R5, 0, 0
;__Lib_Math.c,127 :: 		
0x00C8	0xB0D8      	BTFSC       STATUS, 0, 0
;__Lib_Math.c,128 :: 		
0x00CA	0x3C05      	INCFSZ      R5, 0, 0
;__Lib_Math.c,129 :: 		
0x00CC	0x2609      	ADDWF       R9, 1, 0
;__Lib_Math.c,130 :: 		
0x00CE	0x90D8      	BCF         STATUS, 0, 0
;__Lib_Math.c,131 :: 		
0x00D0	0x3600      	RLCF        R0, 1, 0
;__Lib_Math.c,132 :: 		
0x00D2	0x3601      	RLCF        R1, 1, 0
;__Lib_Math.c,133 :: 		
0x00D4	0x2E0C      	DECFSZ      R12, 1, 0
;__Lib_Math.c,134 :: 		
0x00D6	0xD7EA      	BRA         $-42
;__Lib_Math.c,136 :: 		
L_end_Div_16X16_U:
0x00D8	0x0012      	RETURN      0
; end of _Div_16X16_U
_Div_16x16_S:
;__Lib_Math.c,200 :: 		
;__Lib_Math.c,208 :: 		
0x00DA	0x5004      	MOVF        R4, 0 
0x00DC	0x0A00      	XORLW       0
0x00DE	0xE108      	BNZ         L_Div_16x16_S0
;__Lib_Math.c,209 :: 		
0x00E0	0x5005      	MOVF        R5, 0 
0x00E2	0x0A00      	XORLW       0
0x00E4	0xE105      	BNZ         L_Div_16x16_S1
;__Lib_Math.c,210 :: 		
0x00E6	0x0EFF      	MOVLW       255
0x00E8	0x6E00      	MOVWF       R0 
;__Lib_Math.c,211 :: 		
0x00EA	0x0E7F      	MOVLW       127
0x00EC	0x6E01      	MOVWF       R1 
;__Lib_Math.c,212 :: 		
0x00EE	0xD057      	BRA         L_end_Div_16x16_S
;__Lib_Math.c,213 :: 		
L_Div_16x16_S1:
L_Div_16x16_S0:
;__Lib_Math.c,216 :: 		
0x00F0	0x6A0D      	CLRF        R13, 0
;__Lib_Math.c,217 :: 		
0x00F2	0x6A09      	CLRF        R9, 0
;__Lib_Math.c,218 :: 		
0x00F4	0x6A08      	CLRF        R8, 0
;__Lib_Math.c,219 :: 		
0x00F6	0x5001      	MOVF        R1, 0, 0
;__Lib_Math.c,220 :: 		
0x00F8	0x1000      	IORWF       R0, 0, 0
;__Lib_Math.c,221 :: 		
0x00FA	0xB4D8      	BTFSC       STATUS, 2, 0
;__Lib_Math.c,222 :: 		
0x00FC	0x0C00      	RETLW       0
;__Lib_Math.c,224 :: 		
0x00FE	0x5001      	MOVF        R1, 0, 0
;__Lib_Math.c,225 :: 		
0x0100	0x1805      	XORWF       R5, 0, 0
;__Lib_Math.c,226 :: 		
0x0102	0x6E0A      	MOVWF       R10, 0
;__Lib_Math.c,227 :: 		
0x0104	0xBE0A      	BTFSC       R10, 7, 0
;__Lib_Math.c,228 :: 		
0x0106	0x1E0D      	COMF        R13, 1, 0
;__Lib_Math.c,230 :: 		
0x0108	0x6A0B      	CLRF        R11, 0
;__Lib_Math.c,232 :: 		
0x010A	0xAE05      	BTFSS       R5, 7, 0
;__Lib_Math.c,233 :: 		
0x010C	0xD005      	BRA         $+12
;__Lib_Math.c,235 :: 		
0x010E	0x1E04      	COMF        R4, 1, 0
;__Lib_Math.c,236 :: 		
0x0110	0x1E05      	COMF        R5, 1, 0
;__Lib_Math.c,237 :: 		
0x0112	0x2A04      	INCF        R4, 1, 0
;__Lib_Math.c,238 :: 		
0x0114	0xB4D8      	BTFSC       STATUS, 2, 0
;__Lib_Math.c,239 :: 		
0x0116	0x2A05      	INCF        R5, 1, 0
;__Lib_Math.c,241 :: 		
0x0118	0xAE01      	BTFSS       R1, 7, 0
;__Lib_Math.c,242 :: 		
0x011A	0xD005      	BRA         $+12
;__Lib_Math.c,244 :: 		
0x011C	0x1E00      	COMF        R0, 1, 0
;__Lib_Math.c,245 :: 		
0x011E	0x1E01      	COMF        R1, 1, 0
;__Lib_Math.c,246 :: 		
0x0120	0x2A00      	INCF        R0, 1, 0
;__Lib_Math.c,247 :: 		
0x0122	0xB4D8      	BTFSC       STATUS, 2, 0
;__Lib_Math.c,248 :: 		
0x0124	0x2A01      	INCF        R1, 1, 0
;__Lib_Math.c,250 :: 		
0x0126	0x5001      	MOVF        R1, 0, 0
;__Lib_Math.c,251 :: 		
0x0128	0x1005      	IORWF       R5, 0, 0
;__Lib_Math.c,252 :: 		
0x012A	0x6E0A      	MOVWF       R10, 0
;__Lib_Math.c,253 :: 		
0x012C	0xBE0A      	BTFSC       R10, 7, 0
;__Lib_Math.c,254 :: 		
0x012E	0xD010      	BRA         $+34
;__Lib_Math.c,256 :: 		
0x0130	0xDF7C      	RCALL       _Div_16x16_S_L
;__Lib_Math.c,258 :: 		
0x0132	0xB00B      	BTFSC       R11, 0, 0
;__Lib_Math.c,259 :: 		
0x0134	0xD020      	BRA         $+66
;__Lib_Math.c,261 :: 		
0x0136	0xAE0D      	BTFSS       R13, 7, 0
;__Lib_Math.c,262 :: 		
0x0138	0x0C00      	RETLW       0
;__Lib_Math.c,264 :: 		
0x013A	0x1E00      	COMF        R0, 1, 0
;__Lib_Math.c,265 :: 		
0x013C	0x1E01      	COMF        R1, 1, 0
;__Lib_Math.c,266 :: 		
0x013E	0x2A00      	INCF        R0, 1, 0
;__Lib_Math.c,267 :: 		
0x0140	0xB4D8      	BTFSC       STATUS, 2, 0
;__Lib_Math.c,268 :: 		
0x0142	0x2A01      	INCF        R1, 1, 0
;__Lib_Math.c,270 :: 		
0x0144	0x1E08      	COMF        R8, 1, 0
;__Lib_Math.c,271 :: 		
0x0146	0x1E09      	COMF        R9, 1, 0
;__Lib_Math.c,272 :: 		
0x0148	0x2A08      	INCF        R8, 1, 0
;__Lib_Math.c,273 :: 		
0x014A	0xB4D8      	BTFSC       STATUS, 2, 0
;__Lib_Math.c,274 :: 		
0x014C	0x2A09      	INCF        R9, 1, 0
;__Lib_Math.c,276 :: 		
0x014E	0x0C00      	RETLW       0
;__Lib_Math.c,278 :: 		
0x0150	0xAE05      	BTFSS       R5, 7, 0
;__Lib_Math.c,279 :: 		
0x0152	0xD00D      	BRA         $+28
;__Lib_Math.c,280 :: 		
0x0154	0xBE01      	BTFSC       R1, 7, 0
;__Lib_Math.c,281 :: 		
0x0156	0xD007      	BRA         $+16
;__Lib_Math.c,282 :: 		
0x0158	0x5001      	MOVF        R1, 0, 0
;__Lib_Math.c,283 :: 		
0x015A	0x6E09      	MOVWF       R9, 0
;__Lib_Math.c,284 :: 		
0x015C	0x5000      	MOVF        R0, 0, 0
;__Lib_Math.c,285 :: 		
0x015E	0x6E08      	MOVWF       R8, 0
;__Lib_Math.c,286 :: 		
0x0160	0x6A01      	CLRF        R1, 0
;__Lib_Math.c,287 :: 		
0x0162	0x6A00      	CLRF        R0, 0
;__Lib_Math.c,288 :: 		
0x0164	0xD7E8      	BRA         $-46
;__Lib_Math.c,289 :: 		
0x0166	0x6A01      	CLRF        R1, 0
;__Lib_Math.c,290 :: 		
0x0168	0x6A00      	CLRF        R0, 0
;__Lib_Math.c,291 :: 		
0x016A	0x2A00      	INCF        R0, 1, 0
;__Lib_Math.c,292 :: 		
0x016C	0x0C00      	RETLW       0
;__Lib_Math.c,294 :: 		
0x016E	0x1E01      	COMF        R1, 1, 0
;__Lib_Math.c,295 :: 		
0x0170	0x1E00      	COMF        R0, 1, 0
;__Lib_Math.c,296 :: 		
0x0172	0x2A0B      	INCF        R11, 1, 0
;__Lib_Math.c,297 :: 		
0x0174	0xD7DD      	BRA         $-68
;__Lib_Math.c,299 :: 		
0x0176	0x2A08      	INCF        R8, 1, 0
;__Lib_Math.c,300 :: 		
0x0178	0xB4D8      	BTFSC       STATUS, 2, 0
;__Lib_Math.c,301 :: 		
0x017A	0x2A09      	INCF        R9, 1, 0
;__Lib_Math.c,302 :: 		
0x017C	0x5004      	MOVF        R4, 0, 0
;__Lib_Math.c,303 :: 		
0x017E	0x5C08      	SUBWF       R8, 0, 0
;__Lib_Math.c,304 :: 		
0x0180	0xA4D8      	BTFSS       STATUS, 2, 0
;__Lib_Math.c,305 :: 		
0x0182	0xD7D9      	BRA         $-76
;__Lib_Math.c,306 :: 		
0x0184	0x5005      	MOVF        R5, 0, 0
;__Lib_Math.c,307 :: 		
0x0186	0x5C09      	SUBWF       R9, 0, 0
;__Lib_Math.c,308 :: 		
0x0188	0xA4D8      	BTFSS       STATUS, 2, 0
;__Lib_Math.c,309 :: 		
0x018A	0xD7D5      	BRA         $-84
;__Lib_Math.c,310 :: 		
0x018C	0x6A09      	CLRF        R9, 0
;__Lib_Math.c,311 :: 		
0x018E	0x6A08      	CLRF        R8, 0
;__Lib_Math.c,312 :: 		
0x0190	0x2A00      	INCF        R0, 1, 0
;__Lib_Math.c,313 :: 		
0x0192	0xB4D8      	BTFSC       STATUS, 2, 0
;__Lib_Math.c,314 :: 		
0x0194	0x2A01      	INCF        R1, 1, 0
;__Lib_Math.c,315 :: 		
0x0196	0xAE01      	BTFSS       R1, 7, 0
;__Lib_Math.c,316 :: 		
0x0198	0xD7CE      	BRA         $-98
;__Lib_Math.c,317 :: 		
0x019A	0x0000      	NOP
;__Lib_Math.c,318 :: 		
0x019C	0x0CFF      	RETLW       255
;__Lib_Math.c,320 :: 		
L_end_Div_16x16_S:
0x019E	0x0012      	RETURN      0
; end of _Div_16x16_S
_SETIOV3224:
;__Lib_MathDouble.c,530 :: 		
;__Lib_MathDouble.c,537 :: 		
0x01A0	0x800B      	BSF         R11, 0, 0
;__Lib_MathDouble.c,538 :: 		
0x01A2	0xAE0B      	BTFSS       R11, 7, 0
;__Lib_MathDouble.c,539 :: 		
0x01A4	0xF000EFDC  	GOTO        SETIOV3224EEE
;__Lib_MathDouble.c,541 :: 		
0x01A8	0x6A02      	CLRF        R2, 0
;__Lib_MathDouble.c,542 :: 		
0x01AA	0xAE0A      	BTFSS       R10, 7, 0
;__Lib_MathDouble.c,543 :: 		
0x01AC	0x0EFF      	MOVLW       255
;__Lib_MathDouble.c,544 :: 		
0x01AE	0x6E02      	MOVWF       R2, 0
;__Lib_MathDouble.c,545 :: 		
0x01B0	0x6E01      	MOVWF       R1, 0
;__Lib_MathDouble.c,546 :: 		
0x01B2	0x6E00      	MOVWF       R0, 0
;__Lib_MathDouble.c,547 :: 		
0x01B4	0x360A      	RLCF        R10, 1, 0
;__Lib_MathDouble.c,548 :: 		
0x01B6	0x3202      	RRCF        R2, 1, 0
;__Lib_MathDouble.c,549 :: 		
SETIOV3224EEE:
;__Lib_MathDouble.c,550 :: 		
0x01B8	0x0EFF      	MOVLW       255
;__Lib_MathDouble.c,552 :: 		
L_end_SETIOV3224:
0x01BA	0x0012      	RETURN      0
; end of _SETIOV3224
_SETFOV32:
;__Lib_MathDouble.c,82 :: 		
;__Lib_MathDouble.c,90 :: 		
0x01BC	0x820B      	BSF         R11, 1, 0
;__Lib_MathDouble.c,91 :: 		
0x01BE	0xAE0B      	BTFSS       R11, 7, 0
;__Lib_MathDouble.c,92 :: 		
0x01C0	0xF000EFE8  	GOTO        SETFOV32EEE
;__Lib_MathDouble.c,94 :: 		
0x01C4	0x6803      	SETF        R3, 0
;__Lib_MathDouble.c,95 :: 		
0x01C6	0x6802      	SETF        R2, 0
;__Lib_MathDouble.c,96 :: 		
0x01C8	0x6801      	SETF        R1, 0
;__Lib_MathDouble.c,97 :: 		
0x01CA	0x6800      	SETF        R0, 0
;__Lib_MathDouble.c,98 :: 		
0x01CC	0x360A      	RLCF        R10, 1, 0
;__Lib_MathDouble.c,99 :: 		
0x01CE	0x3202      	RRCF        R2, 1, 0
;__Lib_MathDouble.c,100 :: 		
SETFOV32EEE:
;__Lib_MathDouble.c,101 :: 		
0x01D0	0x0EFF      	MOVLW       255
;__Lib_MathDouble.c,103 :: 		
L_end_SETFOV32:
0x01D2	0x0012      	RETURN      0
; end of _SETFOV32
_Div_8X8_U:
;__Lib_Math.c,77 :: 		
;__Lib_Math.c,84 :: 		
0x01D4	0x6A08      	CLRF        R8, 0
;__Lib_Math.c,85 :: 		
0x01D6	0x0E08      	MOVLW       8
;__Lib_Math.c,86 :: 		
0x01D8	0x6E0C      	MOVWF       R12, 0
;__Lib_Math.c,87 :: 		
0x01DA	0x3400      	RLCF        R0, 0, 0
;__Lib_Math.c,88 :: 		
0x01DC	0x3608      	RLCF        R8, 1, 0
;__Lib_Math.c,89 :: 		
0x01DE	0x5004      	MOVF        R4, 0, 0
;__Lib_Math.c,90 :: 		
0x01E0	0x5E08      	SUBWF       R8, 1, 0
;__Lib_Math.c,91 :: 		
0x01E2	0xB0D8      	BTFSC       STATUS, 0, 0
;__Lib_Math.c,92 :: 		
0x01E4	0xD002      	BRA         $+6
;__Lib_Math.c,93 :: 		
0x01E6	0x2608      	ADDWF       R8, 1, 0
;__Lib_Math.c,94 :: 		
0x01E8	0x90D8      	BCF         STATUS, 0, 0
;__Lib_Math.c,95 :: 		
0x01EA	0x3600      	RLCF        R0, 1, 0
;__Lib_Math.c,96 :: 		
0x01EC	0x2E0C      	DECFSZ      R12, 1, 0
;__Lib_Math.c,97 :: 		
0x01EE	0xD7F5      	BRA         $-20
;__Lib_Math.c,99 :: 		
L_end_Div_8X8_U:
0x01F0	0x0012      	RETURN      0
; end of _Div_8X8_U
_WordToStr:
;__Lib_Conversions.c,98 :: 		
;__Lib_Conversions.c,103 :: 		
0x01F2	0x6A3F      	CLRF        WordToStr_len_L0 
L_WordToStr11:
0x01F4	0x0E05      	MOVLW       5
0x01F6	0x5C3F      	SUBWF       WordToStr_len_L0, 0 
0x01F8	0xE20A      	BC          L_WordToStr12
;__Lib_Conversions.c,104 :: 		
0x01FA	0x503F      	MOVF        WordToStr_len_L0, 0 
0x01FC	0x243D      	ADDWF       FARG_WordToStr_output, 0 
0x01FE	0x6EE1      	MOVWF       FSR1L 
0x0200	0x0E00      	MOVLW       0
0x0202	0x203E      	ADDWFC      FARG_WordToStr_output+1, 0 
0x0204	0x6EE2      	MOVWF       FSR1L+1 
0x0206	0x0E20      	MOVLW       32
0x0208	0x6EE6      	MOVWF       POSTINC1 
;__Lib_Conversions.c,103 :: 		
0x020A	0x2A3F      	INCF        WordToStr_len_L0, 1 
;__Lib_Conversions.c,104 :: 		
0x020C	0xD7F3      	BRA         L_WordToStr11
L_WordToStr12:
;__Lib_Conversions.c,105 :: 		
0x020E	0x503F      	MOVF        WordToStr_len_L0, 0 
0x0210	0x243D      	ADDWF       FARG_WordToStr_output, 0 
0x0212	0x6EE1      	MOVWF       FSR1L 
0x0214	0x0E00      	MOVLW       0
0x0216	0x203E      	ADDWFC      FARG_WordToStr_output+1, 0 
0x0218	0x6EE2      	MOVWF       FSR1L+1 
0x021A	0x6AE6      	CLRF        POSTINC1 
0x021C	0x063F      	DECF        WordToStr_len_L0, 1 
;__Lib_Conversions.c,107 :: 		
L_WordToStr14:
;__Lib_Conversions.c,108 :: 		
0x021E	0x503F      	MOVF        WordToStr_len_L0, 0 
0x0220	0x243D      	ADDWF       FARG_WordToStr_output, 0 
0x0222	0x6E40      	MOVWF       FLOC__WordToStr 
0x0224	0x0E00      	MOVLW       0
0x0226	0x203E      	ADDWFC      FARG_WordToStr_output+1, 0 
0x0228	0x6E41      	MOVWF       FLOC__WordToStr+1 
0x022A	0x0E0A      	MOVLW       10
0x022C	0x6E04      	MOVWF       R4 
0x022E	0x0E00      	MOVLW       0
0x0230	0x6E05      	MOVWF       R5 
0x0232	0xF000C03B  	MOVFF       FARG_WordToStr_input, R0
0x0236	0xF001C03C  	MOVFF       FARG_WordToStr_input+1, R1
0x023A	0xDF34      	RCALL       _Div_16X16_U
0x023C	0xF000C008  	MOVFF       R8, R0
0x0240	0xF001C009  	MOVFF       R9, R1
0x0244	0x0E30      	MOVLW       48
0x0246	0x2600      	ADDWF       R0, 1 
0x0248	0xFFE1C040  	MOVFF       FLOC__WordToStr, FSR1L
0x024C	0xFFE2C041  	MOVFF       FLOC__WordToStr+1, FSR1H
0x0250	0xFFE6C000  	MOVFF       R0, POSTINC1
;__Lib_Conversions.c,109 :: 		
0x0254	0x0E0A      	MOVLW       10
0x0256	0x6E04      	MOVWF       R4 
0x0258	0x0E00      	MOVLW       0
0x025A	0x6E05      	MOVWF       R5 
0x025C	0xF000C03B  	MOVFF       FARG_WordToStr_input, R0
0x0260	0xF001C03C  	MOVFF       FARG_WordToStr_input+1, R1
0x0264	0xDF1F      	RCALL       _Div_16X16_U
0x0266	0xF03BC000  	MOVFF       R0, FARG_WordToStr_input
0x026A	0xF03CC001  	MOVFF       R1, FARG_WordToStr_input+1
;__Lib_Conversions.c,110 :: 		
0x026E	0x0E00      	MOVLW       0
0x0270	0x1801      	XORWF       R1, 0 
0x0272	0xE102      	BNZ         L__WordToStr379
0x0274	0x0E00      	MOVLW       0
0x0276	0x1800      	XORWF       R0, 0 
L__WordToStr379:
0x0278	0xE101      	BNZ         L_WordToStr16
;__Lib_Conversions.c,111 :: 		
0x027A	0xD002      	BRA         L_WordToStr15
L_WordToStr16:
;__Lib_Conversions.c,112 :: 		
0x027C	0x063F      	DECF        WordToStr_len_L0, 1 
;__Lib_Conversions.c,113 :: 		
0x027E	0xD7CF      	BRA         L_WordToStr14
L_WordToStr15:
;__Lib_Conversions.c,114 :: 		
L_end_WordToStr:
0x0280	0x0012      	RETURN      0
; end of _WordToStr
_NRM3232:
;__Lib_MathDouble.c,455 :: 		
;__Lib_MathDouble.c,463 :: 		
0x0282	0x6A0C      	CLRF        R12, 0
;__Lib_MathDouble.c,464 :: 		
0x0284	0x6A0E      	CLRF        R14, 0
;__Lib_MathDouble.c,465 :: 		
0x0286	0x5002      	MOVF        R2, 0, 0
;__Lib_MathDouble.c,466 :: 		
0x0288	0xA4D8      	BTFSS       STATUS, 2, 0
;__Lib_MathDouble.c,467 :: 		
0x028A	0xF001EF5A  	GOTO        NORM3232
;__Lib_MathDouble.c,468 :: 		
0x028E	0xF002C001  	MOVFF       R1, R2
;__Lib_MathDouble.c,469 :: 		
0x0292	0xF001C000  	MOVFF       R0, R1
;__Lib_MathDouble.c,470 :: 		
0x0296	0x6A00      	CLRF        R0, 0
;__Lib_MathDouble.c,471 :: 		
0x0298	0x860E      	BSF         R14, 3, 0
;__Lib_MathDouble.c,473 :: 		
0x029A	0x5002      	MOVF        R2, 0, 0
;__Lib_MathDouble.c,474 :: 		
0x029C	0xA4D8      	BTFSS       STATUS, 2, 0
;__Lib_MathDouble.c,475 :: 		
0x029E	0xF001EF5A  	GOTO        NORM3232
;__Lib_MathDouble.c,476 :: 		
0x02A2	0xF002C001  	MOVFF       R1, R2
;__Lib_MathDouble.c,477 :: 		
0x02A6	0x6A01      	CLRF        R1, 0
;__Lib_MathDouble.c,478 :: 		
0x02A8	0x960E      	BCF         R14, 3, 0
;__Lib_MathDouble.c,479 :: 		
0x02AA	0x880E      	BSF         R14, 4, 0
;__Lib_MathDouble.c,481 :: 		
0x02AC	0x5002      	MOVF        R2, 0, 0
;__Lib_MathDouble.c,482 :: 		
0x02AE	0xB4D8      	BTFSC       STATUS, 2, 0
;__Lib_MathDouble.c,483 :: 		
0x02B0	0xF001EF6C  	GOTO        JPNRES032
;__Lib_MathDouble.c,484 :: 		
NORM3232:
;__Lib_MathDouble.c,485 :: 		
0x02B4	0x500E      	MOVF        R14, 0, 0
;__Lib_MathDouble.c,486 :: 		
0x02B6	0x5E03      	SUBWF       R3, 1, 0
;__Lib_MathDouble.c,487 :: 		
0x02B8	0xA4D8      	BTFSS       STATUS, 2, 0
;__Lib_MathDouble.c,488 :: 		
0x02BA	0xA0D8      	BTFSS       STATUS, 0, 0
;__Lib_MathDouble.c,489 :: 		
0x02BC	0xF001EF71  	GOTO        JPNSETFUN32
;__Lib_MathDouble.c,490 :: 		
0x02C0	0x90D8      	BCF         STATUS, 0, 0
;__Lib_MathDouble.c,491 :: 		
NORM3232A:
;__Lib_MathDouble.c,492 :: 		
0x02C2	0xBE02      	BTFSC       R2, 7, 0
;__Lib_MathDouble.c,493 :: 		
0x02C4	0xF001EF76  	GOTO        JMPNFIXSIGN32
;__Lib_MathDouble.c,494 :: 		
0x02C8	0x3600      	RLCF        R0, 1, 0
;__Lib_MathDouble.c,495 :: 		
0x02CA	0x3601      	RLCF        R1, 1, 0
;__Lib_MathDouble.c,496 :: 		
0x02CC	0x3602      	RLCF        R2, 1, 0
;__Lib_MathDouble.c,497 :: 		
0x02CE	0x2E03      	DECFSZ      R3, 1, 0
;__Lib_MathDouble.c,498 :: 		
0x02D0	0xF001EF61  	GOTO        NORM3232A
;__Lib_MathDouble.c,499 :: 		
0x02D4	0xF001EF71  	GOTO        JPNSETFUN32
;__Lib_MathDouble.c,500 :: 		
JPNRES032:
;__Lib_MathDouble.c,501 :: 		
0x02D8	0x0E01      	MOVLW       1
;__Lib_MathDouble.c,502 :: 		
0x02DA	0x6E0C      	MOVWF       R12, 0
;__Lib_MathDouble.c,504 :: 		
0x02DC	0xDE9F      	RCALL       _RES032
;__Lib_MathDouble.c,506 :: 		
0x02DE	0xF001EF79  	GOTO        NORM32EEE
;__Lib_MathDouble.c,507 :: 		
JPNSETFUN32:
;__Lib_MathDouble.c,508 :: 		
0x02E2	0x0E02      	MOVLW       2
;__Lib_MathDouble.c,509 :: 		
0x02E4	0x6E0C      	MOVWF       R12, 0
;__Lib_MathDouble.c,511 :: 		
0x02E6	0xDED1      	RCALL       _SETFUN32
;__Lib_MathDouble.c,513 :: 		
0x02E8	0xF001EF79  	GOTO        NORM32EEE
;__Lib_MathDouble.c,514 :: 		
JMPNFIXSIGN32:
;__Lib_MathDouble.c,515 :: 		
0x02EC	0x0E04      	MOVLW       4
;__Lib_MathDouble.c,516 :: 		
0x02EE	0x6E0C      	MOVWF       R12, 0
;__Lib_MathDouble.c,518 :: 		
0x02F0	0xDEC8      	RCALL       _FIXSIGN32
;__Lib_MathDouble.c,520 :: 		
NORM32EEE:
;__Lib_MathDouble.c,527 :: 		
L_end_NRM3232:
0x02F2	0x0012      	RETURN      0
; end of _NRM3232
_afficheChiffre:
;MyProject2.c,21 :: 		void afficheChiffre(char chiffre,char position){
;MyProject2.c,29 :: 		LATA = 0x01 << position;
0x02F4	0xF001C03C  	MOVFF       FARG_afficheChiffre_position, R1
0x02F8	0x0E01      	MOVLW       1
0x02FA	0x6E00      	MOVWF       R0 
0x02FC	0x5001      	MOVF        R1, 0 
L__afficheChiffre32:
0x02FE	0xE004      	BZ          L__afficheChiffre33
0x0300	0x3600      	RLCF        R0, 1 
0x0302	0x9000      	BCF         R0, 0 
0x0304	0x0FFF      	ADDLW       255
0x0306	0xD7FB      	BRA         L__afficheChiffre32
L__afficheChiffre33:
0x0308	0xFF89C000  	MOVFF       R0, LATA
;MyProject2.c,31 :: 		switch(chiffre){
0x030C	0xD051      	BRA         L_afficheChiffre0
;MyProject2.c,32 :: 		case 0:LATD0_bit = 1;LATD1_bit = 1;LATD2_bit = 1;LATD3_bit = 1;
L_afficheChiffre2:
0x030E	0x808C      	BSF         LATD0_bit, BitPos(LATD0_bit+0) 
0x0310	0x828C      	BSF         LATD1_bit, BitPos(LATD1_bit+0) 
0x0312	0x848C      	BSF         LATD2_bit, BitPos(LATD2_bit+0) 
0x0314	0x868C      	BSF         LATD3_bit, BitPos(LATD3_bit+0) 
;MyProject2.c,33 :: 		LATD4_bit = 1;LATD5_bit = 1;LATD6_bit = 0;LATD7_bit = 0;
0x0316	0x888C      	BSF         LATD4_bit, BitPos(LATD4_bit+0) 
0x0318	0x8A8C      	BSF         LATD5_bit, BitPos(LATD5_bit+0) 
0x031A	0x9C8C      	BCF         LATD6_bit, BitPos(LATD6_bit+0) 
0x031C	0x9E8C      	BCF         LATD7_bit, BitPos(LATD7_bit+0) 
;MyProject2.c,34 :: 		break;
0x031E	0xD064      	BRA         L_afficheChiffre1
;MyProject2.c,36 :: 		case 1:LATD0_bit = 0;LATD1_bit = 1;LATD2_bit = 1;LATD3_bit = 0;
L_afficheChiffre3:
0x0320	0x908C      	BCF         LATD0_bit, BitPos(LATD0_bit+0) 
0x0322	0x828C      	BSF         LATD1_bit, BitPos(LATD1_bit+0) 
0x0324	0x848C      	BSF         LATD2_bit, BitPos(LATD2_bit+0) 
0x0326	0x968C      	BCF         LATD3_bit, BitPos(LATD3_bit+0) 
;MyProject2.c,37 :: 		LATD4_bit = 0;LATD5_bit = 0;LATD6_bit = 0;LATD7_bit = 0;
0x0328	0x988C      	BCF         LATD4_bit, BitPos(LATD4_bit+0) 
0x032A	0x9A8C      	BCF         LATD5_bit, BitPos(LATD5_bit+0) 
0x032C	0x9C8C      	BCF         LATD6_bit, BitPos(LATD6_bit+0) 
0x032E	0x9E8C      	BCF         LATD7_bit, BitPos(LATD7_bit+0) 
;MyProject2.c,38 :: 		break;
0x0330	0xD05B      	BRA         L_afficheChiffre1
;MyProject2.c,40 :: 		case 2:LATD0_bit = 1;LATD1_bit = 1;LATD2_bit = 0;LATD3_bit = 1;
L_afficheChiffre4:
0x0332	0x808C      	BSF         LATD0_bit, BitPos(LATD0_bit+0) 
0x0334	0x828C      	BSF         LATD1_bit, BitPos(LATD1_bit+0) 
0x0336	0x948C      	BCF         LATD2_bit, BitPos(LATD2_bit+0) 
0x0338	0x868C      	BSF         LATD3_bit, BitPos(LATD3_bit+0) 
;MyProject2.c,41 :: 		LATD4_bit = 1;LATD5_bit = 0;LATD6_bit = 1;LATD7_bit = 0;
0x033A	0x888C      	BSF         LATD4_bit, BitPos(LATD4_bit+0) 
0x033C	0x9A8C      	BCF         LATD5_bit, BitPos(LATD5_bit+0) 
0x033E	0x8C8C      	BSF         LATD6_bit, BitPos(LATD6_bit+0) 
0x0340	0x9E8C      	BCF         LATD7_bit, BitPos(LATD7_bit+0) 
;MyProject2.c,42 :: 		break;
0x0342	0xD052      	BRA         L_afficheChiffre1
;MyProject2.c,44 :: 		case 3:LATD0_bit = 1;LATD1_bit = 1;LATD2_bit = 1;LATD3_bit = 1;
L_afficheChiffre5:
0x0344	0x808C      	BSF         LATD0_bit, BitPos(LATD0_bit+0) 
0x0346	0x828C      	BSF         LATD1_bit, BitPos(LATD1_bit+0) 
0x0348	0x848C      	BSF         LATD2_bit, BitPos(LATD2_bit+0) 
0x034A	0x868C      	BSF         LATD3_bit, BitPos(LATD3_bit+0) 
;MyProject2.c,45 :: 		LATD4_bit = 0;LATD5_bit = 0;LATD6_bit = 1;LATD7_bit = 0;
0x034C	0x988C      	BCF         LATD4_bit, BitPos(LATD4_bit+0) 
0x034E	0x9A8C      	BCF         LATD5_bit, BitPos(LATD5_bit+0) 
0x0350	0x8C8C      	BSF         LATD6_bit, BitPos(LATD6_bit+0) 
0x0352	0x9E8C      	BCF         LATD7_bit, BitPos(LATD7_bit+0) 
;MyProject2.c,46 :: 		break;
0x0354	0xD049      	BRA         L_afficheChiffre1
;MyProject2.c,48 :: 		case 4:LATD0_bit = 0;LATD1_bit = 1;LATD2_bit = 1;LATD3_bit = 0;
L_afficheChiffre6:
0x0356	0x908C      	BCF         LATD0_bit, BitPos(LATD0_bit+0) 
0x0358	0x828C      	BSF         LATD1_bit, BitPos(LATD1_bit+0) 
0x035A	0x848C      	BSF         LATD2_bit, BitPos(LATD2_bit+0) 
0x035C	0x968C      	BCF         LATD3_bit, BitPos(LATD3_bit+0) 
;MyProject2.c,49 :: 		LATD4_bit = 0;LATD5_bit = 1;LATD6_bit = 1;LATD7_bit = 0;
0x035E	0x988C      	BCF         LATD4_bit, BitPos(LATD4_bit+0) 
0x0360	0x8A8C      	BSF         LATD5_bit, BitPos(LATD5_bit+0) 
0x0362	0x8C8C      	BSF         LATD6_bit, BitPos(LATD6_bit+0) 
0x0364	0x9E8C      	BCF         LATD7_bit, BitPos(LATD7_bit+0) 
;MyProject2.c,50 :: 		break;
0x0366	0xD040      	BRA         L_afficheChiffre1
;MyProject2.c,52 :: 		case 5:LATD0_bit = 1;LATD1_bit = 0;LATD2_bit = 1;LATD3_bit = 1;
L_afficheChiffre7:
0x0368	0x808C      	BSF         LATD0_bit, BitPos(LATD0_bit+0) 
0x036A	0x928C      	BCF         LATD1_bit, BitPos(LATD1_bit+0) 
0x036C	0x848C      	BSF         LATD2_bit, BitPos(LATD2_bit+0) 
0x036E	0x868C      	BSF         LATD3_bit, BitPos(LATD3_bit+0) 
;MyProject2.c,53 :: 		LATD4_bit = 0;LATD5_bit = 1;LATD6_bit = 1;LATD7_bit = 0;
0x0370	0x988C      	BCF         LATD4_bit, BitPos(LATD4_bit+0) 
0x0372	0x8A8C      	BSF         LATD5_bit, BitPos(LATD5_bit+0) 
0x0374	0x8C8C      	BSF         LATD6_bit, BitPos(LATD6_bit+0) 
0x0376	0x9E8C      	BCF         LATD7_bit, BitPos(LATD7_bit+0) 
;MyProject2.c,54 :: 		break;
0x0378	0xD037      	BRA         L_afficheChiffre1
;MyProject2.c,56 :: 		case 7:LATD0_bit = 1;LATD1_bit = 1;LATD2_bit = 1;LATD3_bit = 0;
L_afficheChiffre8:
0x037A	0x808C      	BSF         LATD0_bit, BitPos(LATD0_bit+0) 
0x037C	0x828C      	BSF         LATD1_bit, BitPos(LATD1_bit+0) 
0x037E	0x848C      	BSF         LATD2_bit, BitPos(LATD2_bit+0) 
0x0380	0x968C      	BCF         LATD3_bit, BitPos(LATD3_bit+0) 
;MyProject2.c,57 :: 		LATD4_bit = 0;LATD5_bit = 0;LATD6_bit = 0;LATD7_bit = 0;
0x0382	0x988C      	BCF         LATD4_bit, BitPos(LATD4_bit+0) 
0x0384	0x9A8C      	BCF         LATD5_bit, BitPos(LATD5_bit+0) 
0x0386	0x9C8C      	BCF         LATD6_bit, BitPos(LATD6_bit+0) 
0x0388	0x9E8C      	BCF         LATD7_bit, BitPos(LATD7_bit+0) 
;MyProject2.c,58 :: 		break;
0x038A	0xD02E      	BRA         L_afficheChiffre1
;MyProject2.c,60 :: 		case 8:LATD0_bit = 1;LATD1_bit = 1;LATD2_bit = 1;LATD3_bit = 1;
L_afficheChiffre9:
0x038C	0x808C      	BSF         LATD0_bit, BitPos(LATD0_bit+0) 
0x038E	0x828C      	BSF         LATD1_bit, BitPos(LATD1_bit+0) 
0x0390	0x848C      	BSF         LATD2_bit, BitPos(LATD2_bit+0) 
0x0392	0x868C      	BSF         LATD3_bit, BitPos(LATD3_bit+0) 
;MyProject2.c,61 :: 		LATD4_bit = 1;LATD5_bit = 1;LATD6_bit = 1;LATD7_bit = 0;
0x0394	0x888C      	BSF         LATD4_bit, BitPos(LATD4_bit+0) 
0x0396	0x8A8C      	BSF         LATD5_bit, BitPos(LATD5_bit+0) 
0x0398	0x8C8C      	BSF         LATD6_bit, BitPos(LATD6_bit+0) 
0x039A	0x9E8C      	BCF         LATD7_bit, BitPos(LATD7_bit+0) 
;MyProject2.c,62 :: 		break;
0x039C	0xD025      	BRA         L_afficheChiffre1
;MyProject2.c,64 :: 		case 9:LATD0_bit = 1;LATD1_bit = 1;LATD2_bit = 1;LATD3_bit = 1;
L_afficheChiffre10:
0x039E	0x808C      	BSF         LATD0_bit, BitPos(LATD0_bit+0) 
0x03A0	0x828C      	BSF         LATD1_bit, BitPos(LATD1_bit+0) 
0x03A2	0x848C      	BSF         LATD2_bit, BitPos(LATD2_bit+0) 
0x03A4	0x868C      	BSF         LATD3_bit, BitPos(LATD3_bit+0) 
;MyProject2.c,65 :: 		LATD4_bit = 0;LATD5_bit = 1;LATD6_bit = 1;LATD7_bit = 0;
0x03A6	0x988C      	BCF         LATD4_bit, BitPos(LATD4_bit+0) 
0x03A8	0x8A8C      	BSF         LATD5_bit, BitPos(LATD5_bit+0) 
0x03AA	0x8C8C      	BSF         LATD6_bit, BitPos(LATD6_bit+0) 
0x03AC	0x9E8C      	BCF         LATD7_bit, BitPos(LATD7_bit+0) 
;MyProject2.c,67 :: 		default:
L_afficheChiffre11:
;MyProject2.c,68 :: 		break;
0x03AE	0xD01C      	BRA         L_afficheChiffre1
;MyProject2.c,69 :: 		}
L_afficheChiffre0:
0x03B0	0x503B      	MOVF        FARG_afficheChiffre_chiffre, 0 
0x03B2	0x0A00      	XORLW       0
0x03B4	0xE0AC      	BZ          L_afficheChiffre2
0x03B6	0x503B      	MOVF        FARG_afficheChiffre_chiffre, 0 
0x03B8	0x0A01      	XORLW       1
0x03BA	0xE0B2      	BZ          L_afficheChiffre3
0x03BC	0x503B      	MOVF        FARG_afficheChiffre_chiffre, 0 
0x03BE	0x0A02      	XORLW       2
0x03C0	0xE0B8      	BZ          L_afficheChiffre4
0x03C2	0x503B      	MOVF        FARG_afficheChiffre_chiffre, 0 
0x03C4	0x0A03      	XORLW       3
0x03C6	0xE0BE      	BZ          L_afficheChiffre5
0x03C8	0x503B      	MOVF        FARG_afficheChiffre_chiffre, 0 
0x03CA	0x0A04      	XORLW       4
0x03CC	0xE0C4      	BZ          L_afficheChiffre6
0x03CE	0x503B      	MOVF        FARG_afficheChiffre_chiffre, 0 
0x03D0	0x0A05      	XORLW       5
0x03D2	0xE0CA      	BZ          L_afficheChiffre7
0x03D4	0x503B      	MOVF        FARG_afficheChiffre_chiffre, 0 
0x03D6	0x0A07      	XORLW       7
0x03D8	0xE0D0      	BZ          L_afficheChiffre8
0x03DA	0x503B      	MOVF        FARG_afficheChiffre_chiffre, 0 
0x03DC	0x0A08      	XORLW       8
0x03DE	0xE0D6      	BZ          L_afficheChiffre9
0x03E0	0x503B      	MOVF        FARG_afficheChiffre_chiffre, 0 
0x03E2	0x0A09      	XORLW       9
0x03E4	0xE0DC      	BZ          L_afficheChiffre10
0x03E6	0xD7E3      	BRA         L_afficheChiffre11
L_afficheChiffre1:
;MyProject2.c,70 :: 		}
L_end_afficheChiffre:
0x03E8	0x0012      	RETURN      0
; end of _afficheChiffre
_SETFDZ32:
;__Lib_MathDouble.c,106 :: 		
;__Lib_MathDouble.c,110 :: 		
0x03EA	0x6A0B      	CLRF        R11, 0
;__Lib_MathDouble.c,111 :: 		
0x03EC	0x860B      	BSF         R11, 3, 0
;__Lib_MathDouble.c,112 :: 		
0x03EE	0x0EFF      	MOVLW       255
;__Lib_MathDouble.c,114 :: 		
L_end_SETFDZ32:
0x03F0	0x0012      	RETURN      0
; end of _SETFDZ32
_UART1_Write:
;__Lib_UART_c67d67.c,63 :: 		
;__Lib_UART_c67d67.c,64 :: 		
L_UART1_Write3:
0x03F2	0xB2AC      	BTFSC       TXSTA, 1 
0x03F4	0xD002      	BRA         L_UART1_Write4
;__Lib_UART_c67d67.c,65 :: 		
0x03F6	0x0000      	NOP
0x03F8	0xD7FC      	BRA         L_UART1_Write3
L_UART1_Write4:
;__Lib_UART_c67d67.c,66 :: 		
0x03FA	0xFFADC03B  	MOVFF       FARG_UART1_Write_data_, TXREG
;__Lib_UART_c67d67.c,67 :: 		
L_end_UART1_Write:
0x03FE	0x0012      	RETURN      0
; end of _UART1_Write
_UART1_Init:
;__Lib_UART_c67d67.c,20 :: 		
;__Lib_UART_c67d67.c,23 :: 		
0x0400	0x0EF2      	MOVLW       _UART1_Write
0x0402	0x6E19      	MOVWF       _UART_Wr_Ptr 
0x0404	0x0E03      	MOVLW       hi_addr(_UART1_Write)
0x0406	0x6E1A      	MOVWF       _UART_Wr_Ptr+1 
0x0408	0x0E3B      	MOVLW       FARG_UART1_Write_data_
0x040A	0x6E1B      	MOVWF       _UART_Wr_Ptr+2 
0x040C	0x0E00      	MOVLW       hi_addr(FARG_UART1_Write_data_)
0x040E	0x6E1C      	MOVWF       _UART_Wr_Ptr+3 
;__Lib_UART_c67d67.c,24 :: 		
0x0410	0x0EFF      	MOVLW       _UART1_Read
0x0412	0x6E15      	MOVWF       _UART_Rd_Ptr 
0x0414	0x0EFF      	MOVLW       hi_addr(_UART1_Read)
0x0416	0x6E16      	MOVWF       _UART_Rd_Ptr+1 
0x0418	0x0E00      	MOVLW       0
0x041A	0x6E17      	MOVWF       _UART_Rd_Ptr+2 
0x041C	0x0E00      	MOVLW       0
0x041E	0x6E18      	MOVWF       _UART_Rd_Ptr+3 
;__Lib_UART_c67d67.c,25 :: 		
0x0420	0x0EFF      	MOVLW       _UART1_Data_Ready
0x0422	0x6E21      	MOVWF       _UART_Rdy_Ptr 
0x0424	0x0EFF      	MOVLW       hi_addr(_UART1_Data_Ready)
0x0426	0x6E22      	MOVWF       _UART_Rdy_Ptr+1 
0x0428	0x0E00      	MOVLW       0
0x042A	0x6E23      	MOVWF       _UART_Rdy_Ptr+2 
0x042C	0x0E00      	MOVLW       0
0x042E	0x6E24      	MOVWF       _UART_Rdy_Ptr+3 
;__Lib_UART_c67d67.c,26 :: 		
0x0430	0x0EFF      	MOVLW       _UART1_Tx_Idle
0x0432	0x6E1D      	MOVWF       _UART_Tx_Idle_Ptr 
0x0434	0x0EFF      	MOVLW       hi_addr(_UART1_Tx_Idle)
0x0436	0x6E1E      	MOVWF       _UART_Tx_Idle_Ptr+1 
0x0438	0x0E00      	MOVLW       0
0x043A	0x6E1F      	MOVWF       _UART_Tx_Idle_Ptr+2 
0x043C	0x0E00      	MOVLW       0
0x043E	0x6E20      	MOVWF       _UART_Tx_Idle_Ptr+3 
;__Lib_UART_c67d67.c,28 :: 		
0x0440	0x8AAC      	BSF         TXSTA, 5 
;__Lib_UART_c67d67.c,29 :: 		
0x0442	0x0E90      	MOVLW       144
0x0444	0x6EAB      	MOVWF       RCSTA 
;__Lib_UART_c67d67.c,30 :: 		
0x0446	0x8E94      	BSF         TRISC7_bit, BitPos(TRISC7_bit+0) 
;__Lib_UART_c67d67.c,31 :: 		
0x0448	0x9C94      	BCF         TRISC6_bit, BitPos(TRISC6_bit+0) 
;__Lib_UART_c67d67.c,33 :: 		
L_UART1_Init0:
0x044A	0xAA9E      	BTFSS       PIR1, 5 
0x044C	0xD003      	BRA         L_UART1_Init1
;__Lib_UART_c67d67.c,34 :: 		
0x044E	0xF000CFAE  	MOVFF       RCREG, R0
0x0452	0xD7FB      	BRA         L_UART1_Init0
L_UART1_Init1:
;__Lib_UART_c67d67.c,35 :: 		
L_end_UART1_Init:
0x0454	0x0012      	RETURN      0
; end of _UART1_Init
_int2double:
;__Lib_MathDouble.c,2285 :: 		
;__Lib_MathDouble.c,2294 :: 		
0x0456	0xF008C000  	MOVFF       R0, R8
;__Lib_MathDouble.c,2295 :: 		
0x045A	0x5001      	MOVF        R1, 0, 0
;__Lib_MathDouble.c,2296 :: 		
0x045C	0x6E00      	MOVWF       R0, 0
;__Lib_MathDouble.c,2297 :: 		
0x045E	0x6A01      	CLRF        R1, 0
;__Lib_MathDouble.c,2298 :: 		
0x0460	0x6A02      	CLRF        R2, 0
;__Lib_MathDouble.c,2299 :: 		
0x0462	0x6A03      	CLRF        R3, 0
;__Lib_MathDouble.c,2302 :: 		
0x0464	0x6A0B      	CLRF        R11, 0
;__Lib_MathDouble.c,2303 :: 		
0x0466	0x6A0C      	CLRF        R12, 0
;__Lib_MathDouble.c,2304 :: 		
0x0468	0x6A01      	CLRF        R1, 0
;__Lib_MathDouble.c,2305 :: 		
0x046A	0x6A02      	CLRF        R2, 0
;__Lib_MathDouble.c,2306 :: 		
0x046C	0x6A03      	CLRF        R3, 0
;__Lib_MathDouble.c,2308 :: 		
0x046E	0x0E96      	MOVLW       150
;__Lib_MathDouble.c,2309 :: 		
0x0470	0x6E03      	MOVWF       R3, 0
;__Lib_MathDouble.c,2310 :: 		
0x0472	0x6A0A      	CLRF        R10, 0
;__Lib_MathDouble.c,2311 :: 		
0x0474	0xAE00      	BTFSS       R0, 7, 0
;__Lib_MathDouble.c,2312 :: 		
0x0476	0xF002EF43  	GOTO        FLO1632EEE
;__Lib_MathDouble.c,2314 :: 		
0x047A	0x1E08      	COMF        R8, 1, 0
;__Lib_MathDouble.c,2315 :: 		
0x047C	0x1E00      	COMF        R0, 1, 0
;__Lib_MathDouble.c,2317 :: 		
0x047E	0x2A08      	INCF        R8, 1, 0
;__Lib_MathDouble.c,2318 :: 		
0x0480	0xB4D8      	BTFSC       STATUS, 2, 0
;__Lib_MathDouble.c,2319 :: 		
0x0482	0x2A00      	INCF        R0, 1, 0
;__Lib_MathDouble.c,2321 :: 		
0x0484	0x8E0A      	BSF         R10, 7, 0
;__Lib_MathDouble.c,2322 :: 		
FLO1632EEE:
;__Lib_MathDouble.c,2323 :: 		
0x0486	0xF001C000  	MOVFF       R0, R1
;__Lib_MathDouble.c,2324 :: 		
0x048A	0xF000C008  	MOVFF       R8, R0
;__Lib_MathDouble.c,2325 :: 		
0x048E	0x6A08      	CLRF        R8, 0
;__Lib_MathDouble.c,2326 :: 		
0x0490	0x6A02      	CLRF        R2, 0
;__Lib_MathDouble.c,2328 :: 		
0x0492	0xDEF7      	RCALL       _NRM3232
;__Lib_MathDouble.c,2329 :: 		
L_end_int2double:
0x0494	0x0012      	RETURN      0
; end of _int2double
_Mul_32x32_FP:
;__Lib_MathDouble.c,1130 :: 		
;__Lib_MathDouble.c,1148 :: 		
0x0496	0x6A08      	CLRF        R8, 0
;__Lib_MathDouble.c,1149 :: 		
0x0498	0x6A09      	CLRF        R9, 0
;__Lib_MathDouble.c,1151 :: 		
0x049A	0x0E00      	MOVLW       0
;__Lib_MathDouble.c,1152 :: 		
0x049C	0x6207      	CPFSEQ      R7, 0
;__Lib_MathDouble.c,1153 :: 		
0x049E	0x6403      	CPFSGT      R3, 0
;__Lib_MathDouble.c,1154 :: 		
0x04A0	0xF002EFD0  	GOTO        MULJPRES032
;__Lib_MathDouble.c,1157 :: 		
0x04A4	0x5002      	MOVF        R2, 0, 0
;__Lib_MathDouble.c,1158 :: 		
0x04A6	0x1806      	XORWF       R6, 0, 0
;__Lib_MathDouble.c,1159 :: 		
0x04A8	0x6E0A      	MOVWF       R10, 0
;__Lib_MathDouble.c,1161 :: 		
0x04AA	0x5007      	MOVF        R7, 0, 0
;__Lib_MathDouble.c,1162 :: 		
0x04AC	0x2603      	ADDWF       R3, 1, 0
;__Lib_MathDouble.c,1163 :: 		
0x04AE	0x0E7E      	MOVLW       126
;__Lib_MathDouble.c,1164 :: 		
0x04B0	0xA0D8      	BTFSS       STATUS, 0, 0
;__Lib_MathDouble.c,1165 :: 		
0x04B2	0xF002EF61  	GOTO        MTUN32
;__Lib_MathDouble.c,1167 :: 		
0x04B6	0x5E03      	SUBWF       R3, 1, 0
;__Lib_MathDouble.c,1168 :: 		
0x04B8	0xB0D8      	BTFSC       STATUS, 0, 0
;__Lib_MathDouble.c,1169 :: 		
0x04BA	0xF002EFD4  	GOTO        MULJPSETFOV32
;__Lib_MathDouble.c,1170 :: 		
0x04BE	0xF002EF65  	GOTO        MOK32
;__Lib_MathDouble.c,1172 :: 		
MTUN32:
;__Lib_MathDouble.c,1173 :: 		
0x04C2	0x5E03      	SUBWF       R3, 1, 0
;__Lib_MathDouble.c,1174 :: 		
0x04C4	0xA0D8      	BTFSS       STATUS, 0, 0
;__Lib_MathDouble.c,1175 :: 		
0x04C6	0xF002EFD8  	GOTO        MULJPSETFUN32
;__Lib_MathDouble.c,1177 :: 		
MOK32:
;__Lib_MathDouble.c,1178 :: 		
0x04CA	0x8E02      	BSF         R2, 7, 0
;__Lib_MathDouble.c,1179 :: 		
0x04CC	0x8E06      	BSF         R6, 7, 0
;__Lib_MathDouble.c,1181 :: 		
0x04CE	0xF00EC002  	MOVFF       R2, R14
;__Lib_MathDouble.c,1182 :: 		
0x04D2	0xF00BC001  	MOVFF       R1, R11
;__Lib_MathDouble.c,1183 :: 		
0x04D6	0xF00DC000  	MOVFF       R0, R13
;__Lib_MathDouble.c,1185 :: 		
0x04DA	0x5000      	MOVF        R0, 0, 0
;__Lib_MathDouble.c,1186 :: 		
0x04DC	0x0204      	MULWF       R4, 0
;__Lib_MathDouble.c,1187 :: 		
0x04DE	0xF00CCFF4  	MOVFF       PRODH, R12
;__Lib_MathDouble.c,1189 :: 		
0x04E2	0x5001      	MOVF        R1, 0, 0
;__Lib_MathDouble.c,1190 :: 		
0x04E4	0x0205      	MULWF       R5, 0
;__Lib_MathDouble.c,1191 :: 		
0x04E6	0xF000CFF4  	MOVFF       PRODH, R0
;__Lib_MathDouble.c,1192 :: 		
0x04EA	0xF008CFF3  	MOVFF       PRODL, R8
;__Lib_MathDouble.c,1194 :: 		
0x04EE	0x0204      	MULWF       R4, 0
;__Lib_MathDouble.c,1195 :: 		
0x04F0	0x50F3      	MOVF        PRODL, 0, 0
;__Lib_MathDouble.c,1196 :: 		
0x04F2	0x260C      	ADDWF       R12, 1, 0
;__Lib_MathDouble.c,1197 :: 		
0x04F4	0x50F4      	MOVF        PRODH, 0, 0
;__Lib_MathDouble.c,1198 :: 		
0x04F6	0x2208      	ADDWFC      R8, 1, 0
;__Lib_MathDouble.c,1199 :: 		
0x04F8	0x0E00      	MOVLW       0
;__Lib_MathDouble.c,1200 :: 		
0x04FA	0x2200      	ADDWFC      R0, 1, 0
;__Lib_MathDouble.c,1202 :: 		
0x04FC	0x500D      	MOVF        R13, 0, 0
;__Lib_MathDouble.c,1203 :: 		
0x04FE	0x0205      	MULWF       R5, 0
;__Lib_MathDouble.c,1204 :: 		
0x0500	0x50F3      	MOVF        PRODL, 0, 0
;__Lib_MathDouble.c,1205 :: 		
0x0502	0x260C      	ADDWF       R12, 1, 0
;__Lib_MathDouble.c,1206 :: 		
0x0504	0x50F4      	MOVF        PRODH, 0, 0
;__Lib_MathDouble.c,1207 :: 		
0x0506	0x2208      	ADDWFC      R8, 1, 0
;__Lib_MathDouble.c,1208 :: 		
0x0508	0x0E00      	MOVLW       0
;__Lib_MathDouble.c,1209 :: 		
0x050A	0x2200      	ADDWFC      R0, 1, 0
;__Lib_MathDouble.c,1211 :: 		
0x050C	0x5002      	MOVF        R2, 0, 0
;__Lib_MathDouble.c,1212 :: 		
0x050E	0x0204      	MULWF       R4, 0
;__Lib_MathDouble.c,1213 :: 		
0x0510	0x50F3      	MOVF        PRODL, 0, 0
;__Lib_MathDouble.c,1214 :: 		
0x0512	0x2608      	ADDWF       R8, 1, 0
;__Lib_MathDouble.c,1215 :: 		
0x0514	0x50F4      	MOVF        PRODH, 0, 0
;__Lib_MathDouble.c,1216 :: 		
0x0516	0x2200      	ADDWFC      R0, 1, 0
;__Lib_MathDouble.c,1217 :: 		
0x0518	0x5002      	MOVF        R2, 0, 0
;__Lib_MathDouble.c,1218 :: 		
0x051A	0x0205      	MULWF       R5, 0
;__Lib_MathDouble.c,1219 :: 		
0x051C	0x6A01      	CLRF        R1, 0
;__Lib_MathDouble.c,1220 :: 		
0x051E	0x0E00      	MOVLW       0
;__Lib_MathDouble.c,1221 :: 		
0x0520	0x2201      	ADDWFC      R1, 1, 0
;__Lib_MathDouble.c,1222 :: 		
0x0522	0x50F3      	MOVF        PRODL, 0, 0
;__Lib_MathDouble.c,1223 :: 		
0x0524	0x2600      	ADDWF       R0, 1, 0
;__Lib_MathDouble.c,1224 :: 		
0x0526	0x50F4      	MOVF        PRODH, 0, 0
;__Lib_MathDouble.c,1225 :: 		
0x0528	0x2201      	ADDWFC      R1, 1, 0
;__Lib_MathDouble.c,1227 :: 		
0x052A	0x500D      	MOVF        R13, 0, 0
;__Lib_MathDouble.c,1228 :: 		
0x052C	0x0206      	MULWF       R6, 0
;__Lib_MathDouble.c,1229 :: 		
0x052E	0x50F3      	MOVF        PRODL, 0, 0
;__Lib_MathDouble.c,1230 :: 		
0x0530	0x2608      	ADDWF       R8, 1, 0
;__Lib_MathDouble.c,1231 :: 		
0x0532	0x50F4      	MOVF        PRODH, 0, 0
;__Lib_MathDouble.c,1232 :: 		
0x0534	0x2200      	ADDWFC      R0, 1, 0
;__Lib_MathDouble.c,1233 :: 		
0x0536	0x6A02      	CLRF        R2, 0
;__Lib_MathDouble.c,1234 :: 		
0x0538	0x0E00      	MOVLW       0
;__Lib_MathDouble.c,1235 :: 		
0x053A	0x2201      	ADDWFC      R1, 1, 0
;__Lib_MathDouble.c,1236 :: 		
0x053C	0x2202      	ADDWFC      R2, 1, 0
;__Lib_MathDouble.c,1238 :: 		
0x053E	0x500B      	MOVF        R11, 0, 0
;__Lib_MathDouble.c,1239 :: 		
0x0540	0x0206      	MULWF       R6, 0
;__Lib_MathDouble.c,1240 :: 		
0x0542	0x50F3      	MOVF        PRODL, 0, 0
;__Lib_MathDouble.c,1241 :: 		
0x0544	0x2600      	ADDWF       R0, 1, 0
;__Lib_MathDouble.c,1242 :: 		
0x0546	0x50F4      	MOVF        PRODH, 0, 0
;__Lib_MathDouble.c,1243 :: 		
0x0548	0x2201      	ADDWFC      R1, 1, 0
;__Lib_MathDouble.c,1244 :: 		
0x054A	0x0E00      	MOVLW       0
;__Lib_MathDouble.c,1245 :: 		
0x054C	0x2202      	ADDWFC      R2, 1, 0
;__Lib_MathDouble.c,1247 :: 		
0x054E	0x500E      	MOVF        R14, 0, 0
;__Lib_MathDouble.c,1248 :: 		
0x0550	0x0206      	MULWF       R6, 0
;__Lib_MathDouble.c,1249 :: 		
0x0552	0x50F3      	MOVF        PRODL, 0, 0
;__Lib_MathDouble.c,1250 :: 		
0x0554	0x2601      	ADDWF       R1, 1, 0
;__Lib_MathDouble.c,1251 :: 		
0x0556	0x50F4      	MOVF        PRODH, 0, 0
;__Lib_MathDouble.c,1252 :: 		
0x0558	0x2202      	ADDWFC      R2, 1, 0
;__Lib_MathDouble.c,1254 :: 		
0x055A	0xBE02      	BTFSC       R2, 7, 0
;__Lib_MathDouble.c,1255 :: 		
0x055C	0xF002EFB8  	GOTO        MROUND32
;__Lib_MathDouble.c,1256 :: 		
0x0560	0x3608      	RLCF        R8, 1, 0
;__Lib_MathDouble.c,1257 :: 		
0x0562	0x3600      	RLCF        R0, 1, 0
;__Lib_MathDouble.c,1258 :: 		
0x0564	0x3601      	RLCF        R1, 1, 0
;__Lib_MathDouble.c,1259 :: 		
0x0566	0x3602      	RLCF        R2, 1, 0
;__Lib_MathDouble.c,1260 :: 		
0x0568	0x0603      	DECF        R3, 1, 0
;__Lib_MathDouble.c,1261 :: 		
0x056A	0xB4D8      	BTFSC       STATUS, 2, 0
;__Lib_MathDouble.c,1262 :: 		
0x056C	0xF002EFD8  	GOTO        MULJPSETFUN32
;__Lib_MathDouble.c,1264 :: 		
MROUND32:
;__Lib_MathDouble.c,1267 :: 		
0x0570	0xF002EFCB  	GOTO        MUL32OK
;__Lib_MathDouble.c,1268 :: 		
0x0574	0x80D8      	BSF         STATUS, 0, 0
;__Lib_MathDouble.c,1269 :: 		
0x0576	0x0E80      	MOVLW       128
;__Lib_MathDouble.c,1270 :: 		
0x0578	0x6408      	CPFSGT      R8, 0
;__Lib_MathDouble.c,1271 :: 		
0x057A	0x3000      	RRCF        R0, 0, 0
;__Lib_MathDouble.c,1272 :: 		
0x057C	0x0E00      	MOVLW       0
;__Lib_MathDouble.c,1273 :: 		
0x057E	0x2200      	ADDWFC      R0, 1, 0
;__Lib_MathDouble.c,1274 :: 		
0x0580	0x2201      	ADDWFC      R1, 1, 0
;__Lib_MathDouble.c,1275 :: 		
0x0582	0x2202      	ADDWFC      R2, 1, 0
;__Lib_MathDouble.c,1277 :: 		
0x0584	0xA0D8      	BTFSS       STATUS, 0, 0
;__Lib_MathDouble.c,1278 :: 		
0x0586	0xF002EFCB  	GOTO        MUL32OK
;__Lib_MathDouble.c,1279 :: 		
0x058A	0x3202      	RRCF        R2, 1, 0
;__Lib_MathDouble.c,1280 :: 		
0x058C	0x3201      	RRCF        R1, 1, 0
;__Lib_MathDouble.c,1281 :: 		
0x058E	0x3200      	RRCF        R0, 1, 0
;__Lib_MathDouble.c,1282 :: 		
0x0590	0x4A03      	INFSNZ      R3, 1, 0
;__Lib_MathDouble.c,1283 :: 		
0x0592	0xF002EFD4  	GOTO        MULJPSETFOV32
;__Lib_MathDouble.c,1285 :: 		
MUL32OK:
;__Lib_MathDouble.c,1286 :: 		
0x0596	0xAE0A      	BTFSS       R10, 7, 0
;__Lib_MathDouble.c,1287 :: 		
0x0598	0x9E02      	BCF         R2, 7, 0
;__Lib_MathDouble.c,1289 :: 		
0x059A	0x0E00      	MOVLW       0
;__Lib_MathDouble.c,1290 :: 		
0x059C	0xF002EFDA  	GOTO        MULEEE
;__Lib_MathDouble.c,1291 :: 		
MULJPRES032:
;__Lib_MathDouble.c,1292 :: 		
0x05A0	0x0E01      	MOVLW       1
;__Lib_MathDouble.c,1295 :: 		
0x05A2	0xDD3C      	RCALL       _RES032
;__Lib_MathDouble.c,1297 :: 		
0x05A4	0xF002EFDA  	GOTO        MULEEE
;__Lib_MathDouble.c,1298 :: 		
MULJPSETFOV32:
;__Lib_MathDouble.c,1299 :: 		
0x05A8	0x0E02      	MOVLW       2
;__Lib_MathDouble.c,1302 :: 		
0x05AA	0xDE08      	RCALL       _SETFOV32
;__Lib_MathDouble.c,1304 :: 		
0x05AC	0xF002EFDA  	GOTO        MULEEE
;__Lib_MathDouble.c,1305 :: 		
MULJPSETFUN32:
;__Lib_MathDouble.c,1306 :: 		
0x05B0	0x0E04      	MOVLW       4
;__Lib_MathDouble.c,1309 :: 		
0x05B2	0xDD6B      	RCALL       _SETFUN32
;__Lib_MathDouble.c,1311 :: 		
MULEEE:
;__Lib_MathDouble.c,1318 :: 		
L_end_Mul_32x32_FP:
0x05B4	0x0012      	RETURN      0
; end of _Mul_32x32_FP
_IntToStr:
;__Lib_Conversions.c,195 :: 		
;__Lib_Conversions.c,201 :: 		
0x05B6	0x6A37      	CLRF        IntToStr_negative_L0 
0x05B8	0x6A38      	CLRF        IntToStr_negative_L0+1 
;__Lib_Conversions.c,202 :: 		
0x05BA	0xF039C031  	MOVFF       FARG_IntToStr_input, IntToStr_inword_L0
0x05BE	0xF03AC032  	MOVFF       FARG_IntToStr_input+1, IntToStr_inword_L0+1
;__Lib_Conversions.c,203 :: 		
0x05C2	0x0E80      	MOVLW       128
0x05C4	0x1832      	XORWF       FARG_IntToStr_input+1, 0 
0x05C6	0x6E00      	MOVWF       R0 
0x05C8	0x0E80      	MOVLW       128
0x05CA	0x5C00      	SUBWF       R0, 0 
0x05CC	0xE102      	BNZ         L__IntToStr387
0x05CE	0x0E00      	MOVLW       0
0x05D0	0x5C31      	SUBWF       FARG_IntToStr_input, 0 
L__IntToStr387:
0x05D2	0xE20B      	BC          L_IntToStr37
;__Lib_Conversions.c,204 :: 		
0x05D4	0x0E01      	MOVLW       1
0x05D6	0x6E37      	MOVWF       IntToStr_negative_L0 
0x05D8	0x0E00      	MOVLW       0
0x05DA	0x6E38      	MOVWF       IntToStr_negative_L0+1 
;__Lib_Conversions.c,205 :: 		
0x05DC	0x5031      	MOVF        FARG_IntToStr_input, 0 
0x05DE	0x0800      	SUBLW       0
0x05E0	0x6E39      	MOVWF       IntToStr_inword_L0 
0x05E2	0xF03AC032  	MOVFF       FARG_IntToStr_input+1, IntToStr_inword_L0+1
0x05E6	0x0E00      	MOVLW       0
0x05E8	0x563A      	SUBFWB      IntToStr_inword_L0+1, 1 
;__Lib_Conversions.c,206 :: 		
L_IntToStr37:
;__Lib_Conversions.c,207 :: 		
0x05EA	0xF03BC039  	MOVFF       IntToStr_inword_L0, FARG_WordToStr_input
0x05EE	0xF03CC03A  	MOVFF       IntToStr_inword_L0+1, FARG_WordToStr_input+1
0x05F2	0xF03DC033  	MOVFF       FARG_IntToStr_output, FARG_WordToStr_output
0x05F6	0xF03EC034  	MOVFF       FARG_IntToStr_output+1, FARG_WordToStr_output+1
0x05FA	0xDDFB      	RCALL       _WordToStr
;__Lib_Conversions.c,209 :: 		
0x05FC	0x0E06      	MOVLW       6
0x05FE	0x6E35      	MOVWF       IntToStr_i_L0 
0x0600	0x0E00      	MOVLW       0
0x0602	0x6E36      	MOVWF       IntToStr_i_L0+1 
;__Lib_Conversions.c,210 :: 		
L_IntToStr38:
0x0604	0x0E00      	MOVLW       0
0x0606	0x6E00      	MOVWF       R0 
0x0608	0x5036      	MOVF        IntToStr_i_L0+1, 0 
0x060A	0x5C00      	SUBWF       R0, 0 
0x060C	0xE102      	BNZ         L__IntToStr388
0x060E	0x5035      	MOVF        IntToStr_i_L0, 0 
0x0610	0x0800      	SUBLW       0
L__IntToStr388:
0x0612	0xE219      	BC          L_IntToStr39
;__Lib_Conversions.c,211 :: 		
0x0614	0x5035      	MOVF        IntToStr_i_L0, 0 
0x0616	0x2433      	ADDWF       FARG_IntToStr_output, 0 
0x0618	0x6EE1      	MOVWF       FSR1L 
0x061A	0x5036      	MOVF        IntToStr_i_L0+1, 0 
0x061C	0x2034      	ADDWFC      FARG_IntToStr_output+1, 0 
0x061E	0x6EE2      	MOVWF       FSR1L+1 
0x0620	0x0E01      	MOVLW       1
0x0622	0x5C35      	SUBWF       IntToStr_i_L0, 0 
0x0624	0x6E00      	MOVWF       R0 
0x0626	0x0E00      	MOVLW       0
0x0628	0x5836      	SUBWFB      IntToStr_i_L0+1, 0 
0x062A	0x6E01      	MOVWF       R1 
0x062C	0x5000      	MOVF        R0, 0 
0x062E	0x2433      	ADDWF       FARG_IntToStr_output, 0 
0x0630	0x6EE9      	MOVWF       FSR0L 
0x0632	0x5001      	MOVF        R1, 0 
0x0634	0x2034      	ADDWFC      FARG_IntToStr_output+1, 0 
0x0636	0x6EEA      	MOVWF       FSR0L+1 
0x0638	0xFFE6CFEE  	MOVFF       POSTINC0, POSTINC1
;__Lib_Conversions.c,212 :: 		
0x063C	0x0E01      	MOVLW       1
0x063E	0x5E35      	SUBWF       IntToStr_i_L0, 1 
0x0640	0x0E00      	MOVLW       0
0x0642	0x5A36      	SUBWFB      IntToStr_i_L0+1, 1 
;__Lib_Conversions.c,213 :: 		
0x0644	0xD7DF      	BRA         L_IntToStr38
L_IntToStr39:
;__Lib_Conversions.c,214 :: 		
0x0646	0xFFE1C033  	MOVFF       FARG_IntToStr_output, FSR1L
0x064A	0xFFE2C034  	MOVFF       FARG_IntToStr_output+1, FSR1H
0x064E	0x0E20      	MOVLW       32
0x0650	0x6EE6      	MOVWF       POSTINC1 
;__Lib_Conversions.c,215 :: 		
0x0652	0x5037      	MOVF        IntToStr_negative_L0, 0 
0x0654	0x1038      	IORWF       IntToStr_negative_L0+1, 0 
0x0656	0xE01A      	BZ          L_IntToStr40
;__Lib_Conversions.c,216 :: 		
0x0658	0x6A35      	CLRF        IntToStr_i_L0 
0x065A	0x6A36      	CLRF        IntToStr_i_L0+1 
;__Lib_Conversions.c,217 :: 		
L_IntToStr41:
0x065C	0x5035      	MOVF        IntToStr_i_L0, 0 
0x065E	0x2433      	ADDWF       FARG_IntToStr_output, 0 
0x0660	0x6EE9      	MOVWF       FSR0L 
0x0662	0x5036      	MOVF        IntToStr_i_L0+1, 0 
0x0664	0x2034      	ADDWFC      FARG_IntToStr_output+1, 0 
0x0666	0x6EEA      	MOVWF       FSR0L+1 
0x0668	0x50EE      	MOVF        POSTINC0, 0 
0x066A	0x0A20      	XORLW       32
0x066C	0xE103      	BNZ         L_IntToStr42
0x066E	0x4A35      	INFSNZ      IntToStr_i_L0, 1 
0x0670	0x2A36      	INCF        IntToStr_i_L0+1, 1 
0x0672	0xD7F4      	BRA         L_IntToStr41
L_IntToStr42:
;__Lib_Conversions.c,218 :: 		
0x0674	0x0E01      	MOVLW       1
0x0676	0x5E35      	SUBWF       IntToStr_i_L0, 1 
0x0678	0x0E00      	MOVLW       0
0x067A	0x5A36      	SUBWFB      IntToStr_i_L0+1, 1 
;__Lib_Conversions.c,219 :: 		
0x067C	0x5035      	MOVF        IntToStr_i_L0, 0 
0x067E	0x2433      	ADDWF       FARG_IntToStr_output, 0 
0x0680	0x6EE1      	MOVWF       FSR1L 
0x0682	0x5036      	MOVF        IntToStr_i_L0+1, 0 
0x0684	0x2034      	ADDWFC      FARG_IntToStr_output+1, 0 
0x0686	0x6EE2      	MOVWF       FSR1L+1 
0x0688	0x0E2D      	MOVLW       45
0x068A	0x6EE6      	MOVWF       POSTINC1 
L_IntToStr40:
;__Lib_Conversions.c,220 :: 		
L_end_IntToStr:
0x068C	0x0012      	RETURN      0
; end of _IntToStr
_UART1_Write_Text:
;__Lib_UART_c67d67.c,71 :: 		
;__Lib_UART_c67d67.c,72 :: 		
0x068E	0x6A34      	CLRF        UART1_Write_Text_counter_L0 
;__Lib_UART_c67d67.c,74 :: 		
0x0690	0xFFE9C031  	MOVFF       FARG_UART1_Write_Text_uart_text, FSR0L
0x0694	0xFFEAC032  	MOVFF       FARG_UART1_Write_Text_uart_text+1, FSR0H
0x0698	0xF033CFEE  	MOVFF       POSTINC0, UART1_Write_Text_data__L0
;__Lib_UART_c67d67.c,75 :: 		
L_UART1_Write_Text5:
0x069C	0x5033      	MOVF        UART1_Write_Text_data__L0, 0 
0x069E	0x0A00      	XORLW       0
0x06A0	0xE00D      	BZ          L_UART1_Write_Text6
;__Lib_UART_c67d67.c,76 :: 		
0x06A2	0xF03BC033  	MOVFF       UART1_Write_Text_data__L0, FARG_UART1_Write_data_
0x06A6	0xDEA5      	RCALL       _UART1_Write
;__Lib_UART_c67d67.c,77 :: 		
0x06A8	0x2A34      	INCF        UART1_Write_Text_counter_L0, 1 
;__Lib_UART_c67d67.c,78 :: 		
0x06AA	0x5034      	MOVF        UART1_Write_Text_counter_L0, 0 
0x06AC	0x2431      	ADDWF       FARG_UART1_Write_Text_uart_text, 0 
0x06AE	0x6EE9      	MOVWF       FSR0L 
0x06B0	0x0E00      	MOVLW       0
0x06B2	0x2032      	ADDWFC      FARG_UART1_Write_Text_uart_text+1, 0 
0x06B4	0x6EEA      	MOVWF       FSR0L+1 
0x06B6	0xF033CFEE  	MOVFF       POSTINC0, UART1_Write_Text_data__L0
;__Lib_UART_c67d67.c,79 :: 		
0x06BA	0xD7F0      	BRA         L_UART1_Write_Text5
L_UART1_Write_Text6:
;__Lib_UART_c67d67.c,80 :: 		
L_end_UART1_Write_Text:
0x06BC	0x0012      	RETURN      0
; end of _UART1_Write_Text
___CC2DW:
;__Lib_System.c,21 :: 		
;__Lib_System.c,23 :: 		
_CC2DL_Loop1:
;__Lib_System.c,24 :: 		
0x06BE	0x0009      	TBLRD*+
;__Lib_System.c,25 :: 		
0x06C0	0xFFE6CFF5  	MOVFF       TABLAT, POSTINC1
;__Lib_System.c,26 :: 		
0x06C4	0x0600      	DECF        R0, 1, 0
;__Lib_System.c,27 :: 		
0x06C6	0xE1FB      	BNZ         _CC2DL_Loop1
;__Lib_System.c,28 :: 		
0x06C8	0x0601      	DECF        R1, 1, 0
;__Lib_System.c,29 :: 		
0x06CA	0xE1F9      	BNZ         _CC2DL_Loop1
;__Lib_System.c,31 :: 		
L_end___CC2DW:
0x06CC	0x0012      	RETURN      0
; end of ___CC2DW
_Div_32x32_FP:
;__Lib_MathDouble.c,1325 :: 		
;__Lib_MathDouble.c,1339 :: 		
0x06CE	0x5004      	MOVF        R4, 0 
0x06D0	0x0A00      	XORLW       0
0x06D2	0xE112      	BNZ         L_Div_32x32_FP11
;__Lib_MathDouble.c,1340 :: 		
0x06D4	0x5005      	MOVF        R5, 0 
0x06D6	0x0A00      	XORLW       0
0x06D8	0xE10F      	BNZ         L_Div_32x32_FP12
;__Lib_MathDouble.c,1341 :: 		
0x06DA	0x5006      	MOVF        R6, 0 
0x06DC	0x0A00      	XORLW       0
0x06DE	0xE10C      	BNZ         L_Div_32x32_FP13
;__Lib_MathDouble.c,1342 :: 		
0x06E0	0x5007      	MOVF        R7, 0 
0x06E2	0x0A00      	XORLW       0
0x06E4	0xE109      	BNZ         L_Div_32x32_FP14
;__Lib_MathDouble.c,1343 :: 		
0x06E6	0x0EFF      	MOVLW       255
0x06E8	0x6E00      	MOVWF       R0 
;__Lib_MathDouble.c,1344 :: 		
0x06EA	0x0EFF      	MOVLW       255
0x06EC	0x6E01      	MOVWF       R1 
;__Lib_MathDouble.c,1345 :: 		
0x06EE	0x0E7F      	MOVLW       127
0x06F0	0x6E02      	MOVWF       R2 
;__Lib_MathDouble.c,1346 :: 		
0x06F2	0x0EFF      	MOVLW       255
0x06F4	0x6E03      	MOVWF       R3 
;__Lib_MathDouble.c,1347 :: 		
0x06F6	0xD0A5      	BRA         L_end_Div_32x32_FP
;__Lib_MathDouble.c,1348 :: 		
L_Div_32x32_FP14:
L_Div_32x32_FP13:
L_Div_32x32_FP12:
L_Div_32x32_FP11:
;__Lib_MathDouble.c,1353 :: 		
0x06F8	0x6A08      	CLRF        R8, 0
;__Lib_MathDouble.c,1354 :: 		
0x06FA	0x6A09      	CLRF        R9, 0
;__Lib_MathDouble.c,1356 :: 		
0x06FC	0x5007      	MOVF        R7, 0, 0
;__Lib_MathDouble.c,1357 :: 		
0x06FE	0xB4D8      	BTFSC       STATUS, 2, 0
;__Lib_MathDouble.c,1358 :: 		
0x0700	0xF004EF12  	GOTO        JPDSETFDZ32
;__Lib_MathDouble.c,1360 :: 		
0x0704	0x5003      	MOVF        R3, 0, 0
;__Lib_MathDouble.c,1361 :: 		
0x0706	0xB4D8      	BTFSC       STATUS, 2, 0
;__Lib_MathDouble.c,1362 :: 		
0x0708	0xF004EF16  	GOTO        JPDRES032
;__Lib_MathDouble.c,1364 :: 		
0x070C	0x5002      	MOVF        R2, 0, 0
;__Lib_MathDouble.c,1365 :: 		
0x070E	0x1806      	XORWF       R6, 0, 0
;__Lib_MathDouble.c,1366 :: 		
0x0710	0x6E0A      	MOVWF       R10, 0
;__Lib_MathDouble.c,1367 :: 		
0x0712	0x8E02      	BSF         R2, 7, 0
;__Lib_MathDouble.c,1368 :: 		
0x0714	0x8E06      	BSF         R6, 7, 0
;__Lib_MathDouble.c,1370 :: 		
0x0716	0x6A0E      	CLRF        R14, 0
;__Lib_MathDouble.c,1371 :: 		
0x0718	0xF008C002  	MOVFF       R2, R8
;__Lib_MathDouble.c,1372 :: 		
0x071C	0xF00CC001  	MOVFF       R1, R12
;__Lib_MathDouble.c,1373 :: 		
0x0720	0xF00DC000  	MOVFF       R0, R13
;__Lib_MathDouble.c,1375 :: 		
0x0724	0x5004      	MOVF        R4, 0, 0
;__Lib_MathDouble.c,1376 :: 		
0x0726	0x5E0D      	SUBWF       R13, 1, 0
;__Lib_MathDouble.c,1377 :: 		
0x0728	0x5005      	MOVF        R5, 0, 0
;__Lib_MathDouble.c,1378 :: 		
0x072A	0xA0D8      	BTFSS       STATUS, 0, 0
;__Lib_MathDouble.c,1379 :: 		
0x072C	0x3C05      	INCFSZ      R5, 0, 0
;__Lib_MathDouble.c,1381 :: 		
0x072E	0x5E0C      	SUBWF       R12, 1, 0
;__Lib_MathDouble.c,1382 :: 		
0x0730	0x5006      	MOVF        R6, 0, 0
;__Lib_MathDouble.c,1383 :: 		
0x0732	0xA0D8      	BTFSS       STATUS, 0, 0
;__Lib_MathDouble.c,1384 :: 		
0x0734	0x3C06      	INCFSZ      R6, 0, 0
;__Lib_MathDouble.c,1386 :: 		
0x0736	0x5E08      	SUBWF       R8, 1, 0
;__Lib_MathDouble.c,1387 :: 		
0x0738	0x6A08      	CLRF        R8, 0
;__Lib_MathDouble.c,1388 :: 		
0x073A	0x6A0C      	CLRF        R12, 0
;__Lib_MathDouble.c,1389 :: 		
0x073C	0x6A0D      	CLRF        R13, 0
;__Lib_MathDouble.c,1390 :: 		
0x073E	0xA0D8      	BTFSS       STATUS, 0, 0
;__Lib_MathDouble.c,1391 :: 		
0x0740	0xF003EFA9  	GOTO        DALIGN32OK
;__Lib_MathDouble.c,1393 :: 		
0x0744	0x90D8      	BCF         STATUS, 0, 0
;__Lib_MathDouble.c,1394 :: 		
0x0746	0x3202      	RRCF        R2, 1, 0
;__Lib_MathDouble.c,1395 :: 		
0x0748	0x3201      	RRCF        R1, 1, 0
;__Lib_MathDouble.c,1396 :: 		
0x074A	0x3200      	RRCF        R0, 1, 0
;__Lib_MathDouble.c,1397 :: 		
0x074C	0x3208      	RRCF        R8, 1, 0
;__Lib_MathDouble.c,1398 :: 		
0x074E	0x0E01      	MOVLW       1
;__Lib_MathDouble.c,1399 :: 		
0x0750	0x6E0E      	MOVWF       R14, 0
;__Lib_MathDouble.c,1400 :: 		
DALIGN32OK:
;__Lib_MathDouble.c,1401 :: 		
0x0752	0x5007      	MOVF        R7, 0, 0
;__Lib_MathDouble.c,1402 :: 		
0x0754	0x5E03      	SUBWF       R3, 1, 0
;__Lib_MathDouble.c,1403 :: 		
0x0756	0xA0D8      	BTFSS       STATUS, 0, 0
;__Lib_MathDouble.c,1404 :: 		
0x0758	0xF003EFB6  	GOTO        ALTB32
;__Lib_MathDouble.c,1406 :: 		
0x075C	0x0E7E      	MOVLW       126
;__Lib_MathDouble.c,1407 :: 		
0x075E	0x240E      	ADDWF       R14, 0, 0
;__Lib_MathDouble.c,1408 :: 		
0x0760	0x2603      	ADDWF       R3, 1, 0
;__Lib_MathDouble.c,1409 :: 		
0x0762	0xB0D8      	BTFSC       STATUS, 0, 0
;__Lib_MathDouble.c,1410 :: 		
0x0764	0xF004EF1B  	GOTO        JPDSETFOV32
;__Lib_MathDouble.c,1411 :: 		
0x0768	0xF003EFBC  	GOTO        DARGOK32
;__Lib_MathDouble.c,1412 :: 		
ALTB32:
;__Lib_MathDouble.c,1413 :: 		
0x076C	0x0E7E      	MOVLW       126
;__Lib_MathDouble.c,1414 :: 		
0x076E	0x240E      	ADDWF       R14, 0, 0
;__Lib_MathDouble.c,1415 :: 		
0x0770	0x2603      	ADDWF       R3, 1, 0
;__Lib_MathDouble.c,1416 :: 		
0x0772	0xA0D8      	BTFSS       STATUS, 0, 0
;__Lib_MathDouble.c,1417 :: 		
0x0774	0xF004EF1F  	GOTO        JPDSETFUN32
;__Lib_MathDouble.c,1418 :: 		
DARGOK32:
;__Lib_MathDouble.c,1419 :: 		
0x0778	0x0E18      	MOVLW       24
;__Lib_MathDouble.c,1420 :: 		
0x077A	0x6E0B      	MOVWF       R11, 0
;__Lib_MathDouble.c,1421 :: 		
DLOOP32:
;__Lib_MathDouble.c,1422 :: 		
0x077C	0x360D      	RLCF        R13, 1, 0
;__Lib_MathDouble.c,1423 :: 		
0x077E	0x360C      	RLCF        R12, 1, 0
;__Lib_MathDouble.c,1424 :: 		
0x0780	0x3608      	RLCF        R8, 1, 0
;__Lib_MathDouble.c,1425 :: 		
0x0782	0x3600      	RLCF        R0, 1, 0
;__Lib_MathDouble.c,1426 :: 		
0x0784	0x3601      	RLCF        R1, 1, 0
;__Lib_MathDouble.c,1427 :: 		
0x0786	0x3602      	RLCF        R2, 1, 0
;__Lib_MathDouble.c,1428 :: 		
0x0788	0x360E      	RLCF        R14, 1, 0
;__Lib_MathDouble.c,1430 :: 		
0x078A	0x5004      	MOVF        R4, 0, 0
;__Lib_MathDouble.c,1431 :: 		
0x078C	0x5E00      	SUBWF       R0, 1, 0
;__Lib_MathDouble.c,1432 :: 		
0x078E	0x5005      	MOVF        R5, 0, 0
;__Lib_MathDouble.c,1433 :: 		
0x0790	0xA0D8      	BTFSS       STATUS, 0, 0
;__Lib_MathDouble.c,1434 :: 		
0x0792	0x3C05      	INCFSZ      R5, 0, 0
;__Lib_MathDouble.c,1436 :: 		
0x0794	0x5E01      	SUBWF       R1, 1, 0
;__Lib_MathDouble.c,1437 :: 		
0x0796	0x5006      	MOVF        R6, 0, 0
;__Lib_MathDouble.c,1438 :: 		
0x0798	0xA0D8      	BTFSS       STATUS, 0, 0
;__Lib_MathDouble.c,1439 :: 		
0x079A	0x3C06      	INCFSZ      R6, 0, 0
;__Lib_MathDouble.c,1441 :: 		
0x079C	0x5E02      	SUBWF       R2, 1, 0
;__Lib_MathDouble.c,1442 :: 		
0x079E	0x3406      	RLCF        R6, 0, 0
;__Lib_MathDouble.c,1443 :: 		
0x07A0	0x120E      	IORWF       R14, 1, 0
;__Lib_MathDouble.c,1444 :: 		
0x07A2	0xA00E      	BTFSS       R14, 0, 0
;__Lib_MathDouble.c,1445 :: 		
0x07A4	0xF003EFD7  	GOTO        DREST32
;__Lib_MathDouble.c,1446 :: 		
0x07A8	0x800D      	BSF         R13, 0, 0
;__Lib_MathDouble.c,1447 :: 		
0x07AA	0xF003EFE2  	GOTO        DOK32
;__Lib_MathDouble.c,1448 :: 		
DREST32:
;__Lib_MathDouble.c,1449 :: 		
0x07AE	0x5004      	MOVF        R4, 0, 0
;__Lib_MathDouble.c,1450 :: 		
0x07B0	0x2600      	ADDWF       R0, 1, 0
;__Lib_MathDouble.c,1451 :: 		
0x07B2	0x5005      	MOVF        R5, 0, 0
;__Lib_MathDouble.c,1452 :: 		
0x07B4	0xB0D8      	BTFSC       STATUS, 0, 0
;__Lib_MathDouble.c,1453 :: 		
0x07B6	0x3C05      	INCFSZ      R5, 0, 0
;__Lib_MathDouble.c,1455 :: 		
0x07B8	0x2601      	ADDWF       R1, 1, 0
;__Lib_MathDouble.c,1456 :: 		
0x07BA	0x5006      	MOVF        R6, 0, 0
;__Lib_MathDouble.c,1457 :: 		
0x07BC	0xB0D8      	BTFSC       STATUS, 0, 0
;__Lib_MathDouble.c,1458 :: 		
0x07BE	0x2806      	INCF        R6, 0, 0
;__Lib_MathDouble.c,1459 :: 		
0x07C0	0x2602      	ADDWF       R2, 1, 0
;__Lib_MathDouble.c,1460 :: 		
0x07C2	0x900D      	BCF         R13, 0, 0
;__Lib_MathDouble.c,1461 :: 		
DOK32:
;__Lib_MathDouble.c,1462 :: 		
0x07C4	0x2E0B      	DECFSZ      R11, 1, 0
;__Lib_MathDouble.c,1463 :: 		
0x07C6	0xF003EFBE  	GOTO        DLOOP32
;__Lib_MathDouble.c,1467 :: 		
0x07CA	0xF004EF08  	GOTO        DIV32OK
;__Lib_MathDouble.c,1468 :: 		
0x07CE	0x90D8      	BCF         STATUS, 0, 0
;__Lib_MathDouble.c,1469 :: 		
0x07D0	0x3600      	RLCF        R0, 1, 0
;__Lib_MathDouble.c,1470 :: 		
0x07D2	0x3601      	RLCF        R1, 1, 0
;__Lib_MathDouble.c,1471 :: 		
0x07D4	0x3602      	RLCF        R2, 1, 0
;__Lib_MathDouble.c,1472 :: 		
0x07D6	0x360E      	RLCF        R14, 1, 0
;__Lib_MathDouble.c,1474 :: 		
0x07D8	0x5004      	MOVF        R4, 0, 0
;__Lib_MathDouble.c,1475 :: 		
0x07DA	0x5E00      	SUBWF       R0, 1, 0
;__Lib_MathDouble.c,1476 :: 		
0x07DC	0x5005      	MOVF        R5, 0, 0
;__Lib_MathDouble.c,1477 :: 		
0x07DE	0xA0D8      	BTFSS       STATUS, 0, 0
;__Lib_MathDouble.c,1478 :: 		
0x07E0	0x3C05      	INCFSZ      R5, 0, 0
;__Lib_MathDouble.c,1479 :: 		
0x07E2	0x5E01      	SUBWF       R1, 1, 0
;__Lib_MathDouble.c,1480 :: 		
0x07E4	0x5006      	MOVF        R6, 0, 0
;__Lib_MathDouble.c,1481 :: 		
0x07E6	0xA0D8      	BTFSS       STATUS, 0, 0
;__Lib_MathDouble.c,1482 :: 		
0x07E8	0x3C06      	INCFSZ      R6, 0, 0
;__Lib_MathDouble.c,1483 :: 		
0x07EA	0x5E02      	SUBWF       R2, 1, 0
;__Lib_MathDouble.c,1484 :: 		
0x07EC	0x3406      	RLCF        R6, 0, 0
;__Lib_MathDouble.c,1485 :: 		
0x07EE	0x100E      	IORWF       R14, 0, 0
;__Lib_MathDouble.c,1486 :: 		
0x07F0	0x0B01      	ANDLW       1
;__Lib_MathDouble.c,1487 :: 		
0x07F2	0x260D      	ADDWF       R13, 1, 0
;__Lib_MathDouble.c,1488 :: 		
0x07F4	0xB0D8      	BTFSC       STATUS, 0, 0
;__Lib_MathDouble.c,1489 :: 		
0x07F6	0x2A0C      	INCF        R12, 1, 0
;__Lib_MathDouble.c,1490 :: 		
0x07F8	0xB4D8      	BTFSC       STATUS, 2, 0
;__Lib_MathDouble.c,1491 :: 		
0x07FA	0x2A08      	INCF        R8, 1, 0
;__Lib_MathDouble.c,1492 :: 		
0x07FC	0xA4D8      	BTFSS       STATUS, 2, 0
;__Lib_MathDouble.c,1493 :: 		
0x07FE	0xF004EF08  	GOTO        DIV32OK
;__Lib_MathDouble.c,1494 :: 		
0x0802	0x3208      	RRCF        R8, 1, 0
;__Lib_MathDouble.c,1495 :: 		
0x0804	0x320C      	RRCF        R12, 1, 0
;__Lib_MathDouble.c,1496 :: 		
0x0806	0x320D      	RRCF        R13, 1, 0
;__Lib_MathDouble.c,1497 :: 		
0x0808	0x2A03      	INCF        R3, 1, 0
;__Lib_MathDouble.c,1498 :: 		
0x080A	0xB4D8      	BTFSC       STATUS, 2, 0
;__Lib_MathDouble.c,1499 :: 		
0x080C	0xF004EF1B  	GOTO        JPDSETFOV32
;__Lib_MathDouble.c,1500 :: 		
DIV32OK:
;__Lib_MathDouble.c,1501 :: 		
0x0810	0xAE0A      	BTFSS       R10, 7, 0
;__Lib_MathDouble.c,1502 :: 		
0x0812	0x9E08      	BCF         R8, 7, 0
;__Lib_MathDouble.c,1503 :: 		
0x0814	0x5008      	MOVF        R8, 0, 0
;__Lib_MathDouble.c,1504 :: 		
0x0816	0x6E02      	MOVWF       R2, 0
;__Lib_MathDouble.c,1505 :: 		
0x0818	0x500C      	MOVF        R12, 0, 0
;__Lib_MathDouble.c,1506 :: 		
0x081A	0x6E01      	MOVWF       R1, 0
;__Lib_MathDouble.c,1507 :: 		
0x081C	0x500D      	MOVF        R13, 0, 0
;__Lib_MathDouble.c,1508 :: 		
0x081E	0x6E00      	MOVWF       R0, 0
;__Lib_MathDouble.c,1511 :: 		
0x0820	0xF004EF21  	GOTO        DIV32EEE
;__Lib_MathDouble.c,1512 :: 		
JPDSETFDZ32:
;__Lib_MathDouble.c,1513 :: 		
0x0824	0x0E01      	MOVLW       1
;__Lib_MathDouble.c,1516 :: 		
0x0826	0xDDE1      	RCALL       _SETFDZ32
;__Lib_MathDouble.c,1518 :: 		
0x0828	0xF004EF21  	GOTO        DIV32EEE
;__Lib_MathDouble.c,1519 :: 		
JPDRES032:
;__Lib_MathDouble.c,1520 :: 		
0x082C	0x0E02      	MOVLW       2
;__Lib_MathDouble.c,1523 :: 		
0x082E	0xF000EC0E  	CALL        _RES032, 0
;__Lib_MathDouble.c,1525 :: 		
0x0832	0xF004EF21  	GOTO        DIV32EEE
;__Lib_MathDouble.c,1526 :: 		
JPDSETFOV32:
;__Lib_MathDouble.c,1527 :: 		
0x0836	0x0E04      	MOVLW       4
;__Lib_MathDouble.c,1530 :: 		
0x0838	0xDCC1      	RCALL       _SETFOV32
;__Lib_MathDouble.c,1532 :: 		
0x083A	0xF004EF21  	GOTO        DIV32EEE
;__Lib_MathDouble.c,1533 :: 		
JPDSETFUN32:
;__Lib_MathDouble.c,1534 :: 		
0x083E	0x0E08      	MOVLW       8
;__Lib_MathDouble.c,1537 :: 		
0x0840	0xDC24      	RCALL       _SETFUN32
;__Lib_MathDouble.c,1539 :: 		
DIV32EEE:
;__Lib_MathDouble.c,1547 :: 		
L_end_Div_32x32_FP:
0x0842	0x0012      	RETURN      0
; end of _Div_32x32_FP
_double2int:
;__Lib_MathDouble.c,1897 :: 		
;__Lib_MathDouble.c,1906 :: 		
0x0844	0x6A0B      	CLRF        R11, 0
;__Lib_MathDouble.c,1907 :: 		
0x0846	0x5003      	MOVF        R3, 0, 0
;__Lib_MathDouble.c,1908 :: 		
0x0848	0xB4D8      	BTFSC       STATUS, 2, 0
;__Lib_MathDouble.c,1909 :: 		
0x084A	0xF004EF68  	GOTO        IRES016
;__Lib_MathDouble.c,1910 :: 		
0x084E	0x5002      	MOVF        R2, 0, 0
;__Lib_MathDouble.c,1911 :: 		
0x0850	0x6E0A      	MOVWF       R10, 0
;__Lib_MathDouble.c,1912 :: 		
0x0852	0x8E02      	BSF         R2, 7, 0
;__Lib_MathDouble.c,1914 :: 		
0x0854	0x0E8E      	MOVLW       142
;__Lib_MathDouble.c,1915 :: 		
0x0856	0x5E03      	SUBWF       R3, 1, 0
;__Lib_MathDouble.c,1916 :: 		
0x0858	0xAE03      	BTFSS       R3, 7, 0
;__Lib_MathDouble.c,1917 :: 		
0x085A	0xF004EF6C  	GOTO        SETIOV16
;__Lib_MathDouble.c,1918 :: 		
0x085E	0x6C03      	NEGF        R3, 0
;__Lib_MathDouble.c,1920 :: 		
0x0860	0x0E08      	MOVLW       8
;__Lib_MathDouble.c,1921 :: 		
0x0862	0x5C03      	SUBWF       R3, 0, 0
;__Lib_MathDouble.c,1922 :: 		
0x0864	0xA0D8      	BTFSS       STATUS, 0, 0
;__Lib_MathDouble.c,1923 :: 		
0x0866	0xF004EF47  	GOTO        TSHIFT3216
;__Lib_MathDouble.c,1924 :: 		
0x086A	0x6E03      	MOVWF       R3, 0
;__Lib_MathDouble.c,1925 :: 		
0x086C	0x3601      	RLCF        R1, 1, 0
;__Lib_MathDouble.c,1926 :: 		
0x086E	0xF001C002  	MOVFF       R2, R1
;__Lib_MathDouble.c,1927 :: 		
0x0872	0x6A02      	CLRF        R2, 0
;__Lib_MathDouble.c,1929 :: 		
0x0874	0x0E08      	MOVLW       8
;__Lib_MathDouble.c,1930 :: 		
0x0876	0x5C03      	SUBWF       R3, 0, 0
;__Lib_MathDouble.c,1931 :: 		
0x0878	0xA0D8      	BTFSS       STATUS, 0, 0
;__Lib_MathDouble.c,1932 :: 		
0x087A	0xF004EF47  	GOTO        TSHIFT3216
;__Lib_MathDouble.c,1933 :: 		
0x087E	0x6E03      	MOVWF       R3, 0
;__Lib_MathDouble.c,1934 :: 		
0x0880	0x3601      	RLCF        R1, 1, 0
;__Lib_MathDouble.c,1935 :: 		
0x0882	0x6A01      	CLRF        R1, 0
;__Lib_MathDouble.c,1937 :: 		
0x0884	0x5003      	MOVF        R3, 0, 0
;__Lib_MathDouble.c,1938 :: 		
0x0886	0xA4D8      	BTFSS       STATUS, 2, 0
;__Lib_MathDouble.c,1939 :: 		
0x0888	0x90D8      	BCF         STATUS, 0, 0
;__Lib_MathDouble.c,1940 :: 		
0x088A	0xF004EF51  	GOTO        SHIFT3216OK
;__Lib_MathDouble.c,1941 :: 		
TSHIFT3216:
;__Lib_MathDouble.c,1942 :: 		
0x088E	0x5003      	MOVF        R3, 0, 0
;__Lib_MathDouble.c,1943 :: 		
0x0890	0xB4D8      	BTFSC       STATUS, 2, 0
;__Lib_MathDouble.c,1944 :: 		
0x0892	0xF004EF51  	GOTO        SHIFT3216OK
;__Lib_MathDouble.c,1945 :: 		
SHIFT3216:
;__Lib_MathDouble.c,1946 :: 		
0x0896	0x90D8      	BCF         STATUS, 0, 0
;__Lib_MathDouble.c,1947 :: 		
0x0898	0x3202      	RRCF        R2, 1, 0
;__Lib_MathDouble.c,1948 :: 		
0x089A	0x3201      	RRCF        R1, 1, 0
;__Lib_MathDouble.c,1949 :: 		
0x089C	0x2E03      	DECFSZ      R3, 1, 0
;__Lib_MathDouble.c,1950 :: 		
0x089E	0xF004EF4B  	GOTO        SHIFT3216
;__Lib_MathDouble.c,1951 :: 		
SHIFT3216OK:
;__Lib_MathDouble.c,1952 :: 		
0x08A2	0xBC0B      	BTFSC       R11, 6, 0
;__Lib_MathDouble.c,1953 :: 		
0x08A4	0xA001      	BTFSS       R1, 0, 0
;__Lib_MathDouble.c,1954 :: 		
0x08A6	0xF004EF5E  	GOTO        INT3216OK
;__Lib_MathDouble.c,1955 :: 		
0x08AA	0xA0D8      	BTFSS       STATUS, 0, 0
;__Lib_MathDouble.c,1956 :: 		
0x08AC	0xF004EF5E  	GOTO        INT3216OK
;__Lib_MathDouble.c,1957 :: 		
0x08B0	0x2A01      	INCF        R1, 1, 0
;__Lib_MathDouble.c,1958 :: 		
0x08B2	0xB4D8      	BTFSC       STATUS, 2, 0
;__Lib_MathDouble.c,1959 :: 		
0x08B4	0x2A02      	INCF        R2, 1, 0
;__Lib_MathDouble.c,1960 :: 		
0x08B6	0xBE02      	BTFSC       R2, 7, 0
;__Lib_MathDouble.c,1961 :: 		
0x08B8	0xF004EF7B  	GOTO        JPJSETIOV3224
;__Lib_MathDouble.c,1962 :: 		
INT3216OK:
;__Lib_MathDouble.c,1963 :: 		
0x08BC	0xAE0A      	BTFSS       R10, 7, 0
;__Lib_MathDouble.c,1964 :: 		
0x08BE	0xF004EF80  	GOTO        INT3216EOK
;__Lib_MathDouble.c,1966 :: 		
0x08C2	0x1E02      	COMF        R2, 1, 0
;__Lib_MathDouble.c,1967 :: 		
0x08C4	0x1E01      	COMF        R1, 1, 0
;__Lib_MathDouble.c,1968 :: 		
0x08C6	0x2A01      	INCF        R1, 1, 0
;__Lib_MathDouble.c,1969 :: 		
0x08C8	0xB4D8      	BTFSC       STATUS, 2, 0
;__Lib_MathDouble.c,1970 :: 		
0x08CA	0x2A02      	INCF        R2, 1, 0
;__Lib_MathDouble.c,1971 :: 		
0x08CC	0xF004EF80  	GOTO        INT3216EOK
;__Lib_MathDouble.c,1973 :: 		
IRES016:
;__Lib_MathDouble.c,1974 :: 		
0x08D0	0x6A02      	CLRF        R2, 0
;__Lib_MathDouble.c,1975 :: 		
0x08D2	0x6A01      	CLRF        R1, 0
;__Lib_MathDouble.c,1976 :: 		
0x08D4	0xF004EF80  	GOTO        INT3216EOK
;__Lib_MathDouble.c,1977 :: 		
SETIOV16:
;__Lib_MathDouble.c,1978 :: 		
0x08D8	0x800B      	BSF         R11, 0, 0
;__Lib_MathDouble.c,1979 :: 		
0x08DA	0xAE0B      	BTFSS       R11, 7, 0
;__Lib_MathDouble.c,1980 :: 		
0x08DC	0xF004EF84  	GOTO        INT3216EER
;__Lib_MathDouble.c,1982 :: 		
0x08E0	0x6A02      	CLRF        R2, 0
;__Lib_MathDouble.c,1983 :: 		
0x08E2	0xAE0A      	BTFSS       R10, 7, 0
;__Lib_MathDouble.c,1984 :: 		
0x08E4	0xF004EF84  	GOTO        INT3216EER
;__Lib_MathDouble.c,1985 :: 		
0x08E8	0x0EFF      	MOVLW       255
;__Lib_MathDouble.c,1986 :: 		
0x08EA	0x6E02      	MOVWF       R2, 0
;__Lib_MathDouble.c,1987 :: 		
0x08EC	0x6E01      	MOVWF       R1, 0
;__Lib_MathDouble.c,1988 :: 		
0x08EE	0x360A      	RLCF        R10, 1, 0
;__Lib_MathDouble.c,1989 :: 		
0x08F0	0x3202      	RRCF        R2, 1, 0
;__Lib_MathDouble.c,1990 :: 		
0x08F2	0xF004EF84  	GOTO        INT3216EER
;__Lib_MathDouble.c,1992 :: 		
JPJSETIOV3224:
;__Lib_MathDouble.c,1993 :: 		
0x08F6	0x0E01      	MOVLW       1
;__Lib_MathDouble.c,1994 :: 		
0x08F8	0x6E0C      	MOVWF       R12, 0
;__Lib_MathDouble.c,1996 :: 		
0x08FA	0xDC52      	RCALL       _SETIOV3224
;__Lib_MathDouble.c,1998 :: 		
0x08FC	0xF004EF86  	GOTO        INT3216EEE
;__Lib_MathDouble.c,1999 :: 		
INT3216EOK:
;__Lib_MathDouble.c,2000 :: 		
0x0900	0x0E00      	MOVLW       0
;__Lib_MathDouble.c,2001 :: 		
0x0902	0x6E0C      	MOVWF       R12, 0
;__Lib_MathDouble.c,2002 :: 		
0x0904	0xF004EF86  	GOTO        INT3216EEE
;__Lib_MathDouble.c,2003 :: 		
INT3216EER:
;__Lib_MathDouble.c,2004 :: 		
0x0908	0x0EFF      	MOVLW       255
;__Lib_MathDouble.c,2005 :: 		
0x090A	0x6E0C      	MOVWF       R12, 0
;__Lib_MathDouble.c,2006 :: 		
INT3216EEE:
;__Lib_MathDouble.c,2007 :: 		
0x090C	0x5001      	MOVF        R1, 0, 0
;__Lib_MathDouble.c,2008 :: 		
0x090E	0x6E00      	MOVWF       R0, 0
;__Lib_MathDouble.c,2009 :: 		
0x0910	0x5002      	MOVF        R2, 0, 0
;__Lib_MathDouble.c,2010 :: 		
0x0912	0x6E01      	MOVWF       R1, 0
;__Lib_MathDouble.c,2015 :: 		
L_end_double2int:
0x0914	0x0012      	RETURN      0
; end of _double2int
_afficheNombre:
;MyProject2.c,73 :: 		void afficheNombre(char nb){
;MyProject2.c,78 :: 		chiffre3 = nb/1000;
0x0916	0x0EE8      	MOVLW       232
0x0918	0x6E04      	MOVWF       R4 
0x091A	0x0E03      	MOVLW       3
0x091C	0x6E05      	MOVWF       R5 
0x091E	0xF000C031  	MOVFF       FARG_afficheNombre_nb, R0
0x0922	0x0E00      	MOVLW       0
0x0924	0x6E01      	MOVWF       R1 
0x0926	0xF000EC6D  	CALL        _Div_16x16_S, 0
0x092A	0xF034C000  	MOVFF       R0, afficheNombre_chiffre3_L0
;MyProject2.c,79 :: 		nb -= chiffre3*1000;
0x092E	0x0EE8      	MOVLW       232
0x0930	0x0200      	MULWF       R0 
0x0932	0xF000CFF3  	MOVFF       PRODL, R0
0x0936	0x5000      	MOVF        R0, 0 
0x0938	0x5C31      	SUBWF       FARG_afficheNombre_nb, 0 
0x093A	0x6E35      	MOVWF       FLOC__afficheNombre 
0x093C	0xF031C035  	MOVFF       FLOC__afficheNombre, FARG_afficheNombre_nb
;MyProject2.c,81 :: 		chiffre2 = nb/100;
0x0940	0x0E64      	MOVLW       100
0x0942	0x6E04      	MOVWF       R4 
0x0944	0xF000C035  	MOVFF       FLOC__afficheNombre, R0
0x0948	0xDC45      	RCALL       _Div_8X8_U
0x094A	0xF033C000  	MOVFF       R0, afficheNombre_chiffre2_L0
;MyProject2.c,82 :: 		nb -= chiffre2*100;
0x094E	0x0E64      	MOVLW       100
0x0950	0x0200      	MULWF       R0 
0x0952	0xF000CFF3  	MOVFF       PRODL, R0
0x0956	0x5000      	MOVF        R0, 0 
0x0958	0x5E35      	SUBWF       FLOC__afficheNombre, 1 
0x095A	0xF031C035  	MOVFF       FLOC__afficheNombre, FARG_afficheNombre_nb
;MyProject2.c,84 :: 		chiffre1 = nb/10;
0x095E	0x0E0A      	MOVLW       10
0x0960	0x6E04      	MOVWF       R4 
0x0962	0xF000C035  	MOVFF       FLOC__afficheNombre, R0
0x0966	0xDC36      	RCALL       _Div_8X8_U
0x0968	0xF032C000  	MOVFF       R0, afficheNombre_chiffre1_L0
;MyProject2.c,85 :: 		nb -= chiffre1*10;
0x096C	0x0E0A      	MOVLW       10
0x096E	0x0200      	MULWF       R0 
0x0970	0xF000CFF3  	MOVFF       PRODL, R0
0x0974	0x5000      	MOVF        R0, 0 
0x0976	0x5C35      	SUBWF       FLOC__afficheNombre, 0 
0x0978	0x6E00      	MOVWF       R0 
0x097A	0xF031C000  	MOVFF       R0, FARG_afficheNombre_nb
;MyProject2.c,91 :: 		afficheChiffre(chiffre0,0);
0x097E	0xF03BC000  	MOVFF       R0, FARG_afficheChiffre_chiffre
0x0982	0x6A3C      	CLRF        FARG_afficheChiffre_position 
0x0984	0xDCB7      	RCALL       _afficheChiffre
;MyProject2.c,92 :: 		Delay_ms(1);
0x0986	0x0E03      	MOVLW       3
0x0988	0x6E0C      	MOVWF       R12, 0
0x098A	0x0E97      	MOVLW       151
0x098C	0x6E0D      	MOVWF       R13, 0
L_afficheNombre12:
0x098E	0x2E0D      	DECFSZ      R13, 1, 0
0x0990	0xD7FE      	BRA         L_afficheNombre12
0x0992	0x2E0C      	DECFSZ      R12, 1, 0
0x0994	0xD7FC      	BRA         L_afficheNombre12
0x0996	0x0000      	NOP
0x0998	0x0000      	NOP
;MyProject2.c,93 :: 		afficheChiffre(chiffre1,1);
0x099A	0xF03BC032  	MOVFF       afficheNombre_chiffre1_L0, FARG_afficheChiffre_chiffre
0x099E	0x0E01      	MOVLW       1
0x09A0	0x6E3C      	MOVWF       FARG_afficheChiffre_position 
0x09A2	0xDCA8      	RCALL       _afficheChiffre
;MyProject2.c,94 :: 		Delay_ms(1);
0x09A4	0x0E03      	MOVLW       3
0x09A6	0x6E0C      	MOVWF       R12, 0
0x09A8	0x0E97      	MOVLW       151
0x09AA	0x6E0D      	MOVWF       R13, 0
L_afficheNombre13:
0x09AC	0x2E0D      	DECFSZ      R13, 1, 0
0x09AE	0xD7FE      	BRA         L_afficheNombre13
0x09B0	0x2E0C      	DECFSZ      R12, 1, 0
0x09B2	0xD7FC      	BRA         L_afficheNombre13
0x09B4	0x0000      	NOP
0x09B6	0x0000      	NOP
;MyProject2.c,95 :: 		afficheChiffre(chiffre2,2);
0x09B8	0xF03BC033  	MOVFF       afficheNombre_chiffre2_L0, FARG_afficheChiffre_chiffre
0x09BC	0x0E02      	MOVLW       2
0x09BE	0x6E3C      	MOVWF       FARG_afficheChiffre_position 
0x09C0	0xDC99      	RCALL       _afficheChiffre
;MyProject2.c,96 :: 		Delay_ms(1);
0x09C2	0x0E03      	MOVLW       3
0x09C4	0x6E0C      	MOVWF       R12, 0
0x09C6	0x0E97      	MOVLW       151
0x09C8	0x6E0D      	MOVWF       R13, 0
L_afficheNombre14:
0x09CA	0x2E0D      	DECFSZ      R13, 1, 0
0x09CC	0xD7FE      	BRA         L_afficheNombre14
0x09CE	0x2E0C      	DECFSZ      R12, 1, 0
0x09D0	0xD7FC      	BRA         L_afficheNombre14
0x09D2	0x0000      	NOP
0x09D4	0x0000      	NOP
;MyProject2.c,97 :: 		afficheChiffre(chiffre3,3);
0x09D6	0xF03BC034  	MOVFF       afficheNombre_chiffre3_L0, FARG_afficheChiffre_chiffre
0x09DA	0x0E03      	MOVLW       3
0x09DC	0x6E3C      	MOVWF       FARG_afficheChiffre_position 
0x09DE	0xDC8A      	RCALL       _afficheChiffre
;MyProject2.c,98 :: 		Delay_ms(1);
0x09E0	0x0E03      	MOVLW       3
0x09E2	0x6E0C      	MOVWF       R12, 0
0x09E4	0x0E97      	MOVLW       151
0x09E6	0x6E0D      	MOVWF       R13, 0
L_afficheNombre15:
0x09E8	0x2E0D      	DECFSZ      R13, 1, 0
0x09EA	0xD7FE      	BRA         L_afficheNombre15
0x09EC	0x2E0C      	DECFSZ      R12, 1, 0
0x09EE	0xD7FC      	BRA         L_afficheNombre15
0x09F0	0x0000      	NOP
0x09F2	0x0000      	NOP
;MyProject2.c,99 :: 		}
L_end_afficheNombre:
0x09F4	0x0012      	RETURN      0
; end of _afficheNombre
_main:
;MyProject2.c,118 :: 		void main(void) {
;MyProject2.c,121 :: 		int etape = 0;
0x09F6	0x6A29      	CLRF        main_etape_L0 
0x09F8	0x6A2A      	CLRF        main_etape_L0+1 
0x09FA	0x6A2B      	CLRF        main_compte_L0 
0x09FC	0x6A2C      	CLRF        main_compte_L0+1 
0x09FE	0x6A2D      	CLRF        main_nombreaffiche_L0 
0x0A00	0x6A2E      	CLRF        main_nombreaffiche_L0+1 
0x0A02	0x6A2F      	CLRF        main_nombreaffiche_L0+2 
0x0A04	0x6A30      	CLRF        main_nombreaffiche_L0+3 
;MyProject2.c,132 :: 		ANSELA = 0x00;
0x0A06	0x010F      	MOVLB       15
0x0A08	0x6B38      	CLRF        ANSELA, 1
;MyProject2.c,133 :: 		ANSELB = 0x00;
0x0A0A	0x6B39      	CLRF        ANSELB, 1
;MyProject2.c,134 :: 		ANSELC = 0x00;
0x0A0C	0x6B3A      	CLRF        ANSELC, 1
;MyProject2.c,135 :: 		ANSELD = 0x00;
0x0A0E	0x6B3B      	CLRF        ANSELD, 1
;MyProject2.c,137 :: 		TRISA = 0x00;
0x0A10	0x6A92      	CLRF        TRISA 
;MyProject2.c,139 :: 		TRISB = 0x01;
0x0A12	0x0E01      	MOVLW       1
0x0A14	0x6E93      	MOVWF       TRISB 
;MyProject2.c,140 :: 		TRISD=0x00;
0x0A16	0x6A95      	CLRF        TRISD 
;MyProject2.c,142 :: 		LATA = 0x00;
0x0A18	0x6A89      	CLRF        LATA 
;MyProject2.c,143 :: 		LATB = 0x00;
0x0A1A	0x6A8A      	CLRF        LATB 
;MyProject2.c,145 :: 		etape = 0;
0x0A1C	0x6A29      	CLRF        main_etape_L0 
0x0A1E	0x6A2A      	CLRF        main_etape_L0+1 
;MyProject2.c,149 :: 		UART1_Init(9600);
0x0A20	0x86B8      	BSF         BAUDCON, 3, 0
0x0A22	0x6AB0      	CLRF        SPBRGH 
0x0A24	0x0ECF      	MOVLW       207
0x0A26	0x6EAF      	MOVWF       SPBRG 
0x0A28	0x84AC      	BSF         TXSTA, 2, 0
0x0A2A	0xDCEA      	RCALL       _UART1_Init
;MyProject2.c,155 :: 		while(1)
L_main16:
;MyProject2.c,157 :: 		switch(etape)
0x0A2C	0xD085      	BRA         L_main18
;MyProject2.c,159 :: 		case 0:
L_main20:
;MyProject2.c,161 :: 		LATB1_bit = 1;
0x0A2E	0x828A      	BSF         LATB1_bit, BitPos(LATB1_bit+0) 
;MyProject2.c,162 :: 		compte = 0;
0x0A30	0x6A2B      	CLRF        main_compte_L0 
0x0A32	0x6A2C      	CLRF        main_compte_L0+1 
;MyProject2.c,163 :: 		etape++ ;
0x0A34	0x4A29      	INFSNZ      main_etape_L0, 1 
0x0A36	0x2A2A      	INCF        main_etape_L0+1, 1 
;MyProject2.c,164 :: 		break;
0x0A38	0xD09B      	BRA         L_main19
;MyProject2.c,165 :: 		case 1:
L_main21:
;MyProject2.c,166 :: 		Delay_ms(1); // >10 us
0x0A3A	0x0E03      	MOVLW       3
0x0A3C	0x6E0C      	MOVWF       R12, 0
0x0A3E	0x0E97      	MOVLW       151
0x0A40	0x6E0D      	MOVWF       R13, 0
L_main22:
0x0A42	0x2E0D      	DECFSZ      R13, 1, 0
0x0A44	0xD7FE      	BRA         L_main22
0x0A46	0x2E0C      	DECFSZ      R12, 1, 0
0x0A48	0xD7FC      	BRA         L_main22
0x0A4A	0x0000      	NOP
0x0A4C	0x0000      	NOP
;MyProject2.c,168 :: 		LATB1_bit = 0;
0x0A4E	0x928A      	BCF         LATB1_bit, BitPos(LATB1_bit+0) 
;MyProject2.c,169 :: 		etape++ ;
0x0A50	0x4A29      	INFSNZ      main_etape_L0, 1 
0x0A52	0x2A2A      	INCF        main_etape_L0+1, 1 
;MyProject2.c,170 :: 		break;
0x0A54	0xD08D      	BRA         L_main19
;MyProject2.c,171 :: 		case 2:
L_main23:
;MyProject2.c,175 :: 		if(PORTB & 0x01)
0x0A56	0xA081      	BTFSS       PORTB, 0 
0x0A58	0xD00C      	BRA         L_main24
;MyProject2.c,177 :: 		while(PORTB & 0x01)
L_main25:
0x0A5A	0xA081      	BTFSS       PORTB, 0 
0x0A5C	0xD008      	BRA         L_main26
;MyProject2.c,181 :: 		compte++;
0x0A5E	0x4A2B      	INFSNZ      main_compte_L0, 1 
0x0A60	0x2A2C      	INCF        main_compte_L0+1, 1 
;MyProject2.c,182 :: 		delay_us(10);
0x0A62	0x0E06      	MOVLW       6
0x0A64	0x6E0D      	MOVWF       R13, 0
L_main27:
0x0A66	0x2E0D      	DECFSZ      R13, 1, 0
0x0A68	0xD7FE      	BRA         L_main27
0x0A6A	0x0000      	NOP
;MyProject2.c,183 :: 		}
0x0A6C	0xD7F6      	BRA         L_main25
L_main26:
;MyProject2.c,184 :: 		etape++;
0x0A6E	0x4A29      	INFSNZ      main_etape_L0, 1 
0x0A70	0x2A2A      	INCF        main_etape_L0+1, 1 
;MyProject2.c,185 :: 		}
L_main24:
;MyProject2.c,186 :: 		break;
0x0A72	0xD07E      	BRA         L_main19
;MyProject2.c,187 :: 		case 3:
L_main28:
;MyProject2.c,189 :: 		nombreaffiche = (float)compte*10/58.82;
0x0A74	0xF000C02B  	MOVFF       main_compte_L0, R0
0x0A78	0xF001C02C  	MOVFF       main_compte_L0+1, R1
0x0A7C	0xDCEC      	RCALL       _int2double
0x0A7E	0x0E00      	MOVLW       0
0x0A80	0x6E04      	MOVWF       R4 
0x0A82	0x0E00      	MOVLW       0
0x0A84	0x6E05      	MOVWF       R5 
0x0A86	0x0E20      	MOVLW       32
0x0A88	0x6E06      	MOVWF       R6 
0x0A8A	0x0E82      	MOVLW       130
0x0A8C	0x6E07      	MOVWF       R7 
0x0A8E	0xDD03      	RCALL       _Mul_32x32_FP
0x0A90	0x0EAE      	MOVLW       174
0x0A92	0x6E04      	MOVWF       R4 
0x0A94	0x0E47      	MOVLW       71
0x0A96	0x6E05      	MOVWF       R5 
0x0A98	0x0E6B      	MOVLW       107
0x0A9A	0x6E06      	MOVWF       R6 
0x0A9C	0x0E84      	MOVLW       132
0x0A9E	0x6E07      	MOVWF       R7 
0x0AA0	0xDE16      	RCALL       _Div_32x32_FP
0x0AA2	0xF02DC000  	MOVFF       R0, main_nombreaffiche_L0
0x0AA6	0xF02EC001  	MOVFF       R1, main_nombreaffiche_L0+1
0x0AAA	0xF02FC002  	MOVFF       R2, main_nombreaffiche_L0+2
0x0AAE	0xF030C003  	MOVFF       R3, main_nombreaffiche_L0+3
;MyProject2.c,190 :: 		Delay_ms(1);
0x0AB2	0x0E03      	MOVLW       3
0x0AB4	0x6E0C      	MOVWF       R12, 0
0x0AB6	0x0E97      	MOVLW       151
0x0AB8	0x6E0D      	MOVWF       R13, 0
L_main29:
0x0ABA	0x2E0D      	DECFSZ      R13, 1, 0
0x0ABC	0xD7FE      	BRA         L_main29
0x0ABE	0x2E0C      	DECFSZ      R12, 1, 0
0x0AC0	0xD7FC      	BRA         L_main29
0x0AC2	0x0000      	NOP
0x0AC4	0x0000      	NOP
;MyProject2.c,193 :: 		afficheNombre((int)nombreaffiche);
0x0AC6	0xF000C02D  	MOVFF       main_nombreaffiche_L0, R0
0x0ACA	0xF001C02E  	MOVFF       main_nombreaffiche_L0+1, R1
0x0ACE	0xF002C02F  	MOVFF       main_nombreaffiche_L0+2, R2
0x0AD2	0xF003C030  	MOVFF       main_nombreaffiche_L0+3, R3
0x0AD6	0xDEB6      	RCALL       _double2int
0x0AD8	0xF031C000  	MOVFF       R0, FARG_afficheNombre_nb
0x0ADC	0xDF1C      	RCALL       _afficheNombre
;MyProject2.c,196 :: 		IntToStr((int)nombreaffiche, distChar);
0x0ADE	0xF000C02D  	MOVFF       main_nombreaffiche_L0, R0
0x0AE2	0xF001C02E  	MOVFF       main_nombreaffiche_L0+1, R1
0x0AE6	0xF002C02F  	MOVFF       main_nombreaffiche_L0+2, R2
0x0AEA	0xF003C030  	MOVFF       main_nombreaffiche_L0+3, R3
0x0AEE	0xDEAA      	RCALL       _double2int
0x0AF0	0xF031C000  	MOVFF       R0, FARG_IntToStr_input
0x0AF4	0xF032C001  	MOVFF       R1, FARG_IntToStr_input+1
0x0AF8	0x0E25      	MOVLW       main_distChar_L0
0x0AFA	0x6E33      	MOVWF       FARG_IntToStr_output 
0x0AFC	0x0E00      	MOVLW       hi_addr(main_distChar_L0)
0x0AFE	0x6E34      	MOVWF       FARG_IntToStr_output+1 
0x0B00	0xDD5A      	RCALL       _IntToStr
;MyProject2.c,198 :: 		UART1_Write_Text(distChar);
0x0B02	0x0E25      	MOVLW       main_distChar_L0
0x0B04	0x6E31      	MOVWF       FARG_UART1_Write_Text_uart_text 
0x0B06	0x0E00      	MOVLW       hi_addr(main_distChar_L0)
0x0B08	0x6E32      	MOVWF       FARG_UART1_Write_Text_uart_text+1 
0x0B0A	0xDDC1      	RCALL       _UART1_Write_Text
;MyProject2.c,199 :: 		UART1_Write(13);
0x0B0C	0x0E0D      	MOVLW       13
0x0B0E	0x6E3B      	MOVWF       FARG_UART1_Write_data_ 
0x0B10	0xDC70      	RCALL       _UART1_Write
;MyProject2.c,200 :: 		UART1_Write(10);
0x0B12	0x0E0A      	MOVLW       10
0x0B14	0x6E3B      	MOVWF       FARG_UART1_Write_data_ 
0x0B16	0xDC6D      	RCALL       _UART1_Write
;MyProject2.c,201 :: 		Delay_ms(100);
0x0B18	0x0E02      	MOVLW       2
0x0B1A	0x6E0B      	MOVWF       R11, 0
0x0B1C	0x0E04      	MOVLW       4
0x0B1E	0x6E0C      	MOVWF       R12, 0
0x0B20	0x0EBA      	MOVLW       186
0x0B22	0x6E0D      	MOVWF       R13, 0
L_main30:
0x0B24	0x2E0D      	DECFSZ      R13, 1, 0
0x0B26	0xD7FE      	BRA         L_main30
0x0B28	0x2E0C      	DECFSZ      R12, 1, 0
0x0B2A	0xD7FC      	BRA         L_main30
0x0B2C	0x2E0B      	DECFSZ      R11, 1, 0
0x0B2E	0xD7FA      	BRA         L_main30
0x0B30	0x0000      	NOP
;MyProject2.c,203 :: 		etape=0;
0x0B32	0x6A29      	CLRF        main_etape_L0 
0x0B34	0x6A2A      	CLRF        main_etape_L0+1 
;MyProject2.c,204 :: 		break;
0x0B36	0xD01C      	BRA         L_main19
;MyProject2.c,205 :: 		}
L_main18:
0x0B38	0x0E00      	MOVLW       0
0x0B3A	0x182A      	XORWF       main_etape_L0+1, 0 
0x0B3C	0xE102      	BNZ         L__main36
0x0B3E	0x0E00      	MOVLW       0
0x0B40	0x1829      	XORWF       main_etape_L0, 0 
L__main36:
0x0B42	0xB4D8      	BTFSC       STATUS, 2 
0x0B44	0xD774      	BRA         L_main20
0x0B46	0x0E00      	MOVLW       0
0x0B48	0x182A      	XORWF       main_etape_L0+1, 0 
0x0B4A	0xE102      	BNZ         L__main37
0x0B4C	0x0E01      	MOVLW       1
0x0B4E	0x1829      	XORWF       main_etape_L0, 0 
L__main37:
0x0B50	0xB4D8      	BTFSC       STATUS, 2 
0x0B52	0xD773      	BRA         L_main21
0x0B54	0x0E00      	MOVLW       0
0x0B56	0x182A      	XORWF       main_etape_L0+1, 0 
0x0B58	0xE102      	BNZ         L__main38
0x0B5A	0x0E02      	MOVLW       2
0x0B5C	0x1829      	XORWF       main_etape_L0, 0 
L__main38:
0x0B5E	0xB4D8      	BTFSC       STATUS, 2 
0x0B60	0xD77A      	BRA         L_main23
0x0B62	0x0E00      	MOVLW       0
0x0B64	0x182A      	XORWF       main_etape_L0+1, 0 
0x0B66	0xE102      	BNZ         L__main39
0x0B68	0x0E03      	MOVLW       3
0x0B6A	0x1829      	XORWF       main_etape_L0, 0 
L__main39:
0x0B6C	0xB4D8      	BTFSC       STATUS, 2 
0x0B6E	0xD782      	BRA         L_main28
L_main19:
;MyProject2.c,206 :: 		}
0x0B70	0xD75D      	BRA         L_main16
;MyProject2.c,207 :: 		}
L_end_main:
0x0B72	0xD7FF      	BRA         $+0
; end of _main
Symbol List:
//** Routines locations **
//ADDRESS    SIZE    PROCEDURE
//----------------------------------------------
0x001C      [14]    _RES032
0x002A      [88]    _Div_16x16_S_L
0x0082       [8]    _FIXSIGN32
0x008A      [26]    _SETFUN32
0x00A4      [54]    _Div_16X16_U
0x00DA     [198]    _Div_16x16_S
0x01A0      [28]    _SETIOV3224
0x01BC      [24]    _SETFOV32
0x01D4      [30]    _Div_8X8_U
0x01F2     [144]    _WordToStr
0x0282     [114]    _NRM3232
0x02F4     [246]    _afficheChiffre
0x03EA       [8]    _SETFDZ32
0x03F2      [14]    _UART1_Write
0x0400      [86]    _UART1_Init
0x0456      [64]    _int2double
0x0496     [288]    _Mul_32x32_FP
0x05B6     [216]    _IntToStr
0x068E      [48]    _UART1_Write_Text
0x06BE      [16]    ___CC2DW
0x06CE     [374]    _Div_32x32_FP
0x0844     [210]    _double2int
0x0916     [224]    _afficheNombre
0x09F6     [382]    _main
//** Variables locations ** 
//ADDRESS    SIZE    VARIABLE
//----------------------------------------------
0x0000       [1]    UART2_Init_tmp_L0
0x0000       [1]    UART1_Init_tmp_L0
0x0000       [1]    R0
0x0001       [1]    __Lib_Conversions_Adjust_Hex_tmp_L0
0x0001       [1]    UART1_Read___tmp_UART1_Read_L0
0x0001       [1]    R1
0x0001       [1]    UART2_Read___tmp_UART2_Read_L0
0x0002       [2]    strlen_cp_L0
0x0002       [2]    memcpy_dd_L0
0x0002       [1]    R2
0x0002       [2]    memchr_s_L0
0x0002       [2]    memset_pp_L0
0x0003       [2]    Ltrim_original_L0
0x0003       [2]    memmove_tt_L0
0x0003       [1]    R3
0x0004       [2]    strncat_cp_L0
0x0004       [1]    R4
0x0004       [2]    strcat_cp_L0
0x0004       [2]    strcpy_cp_L0
0x0004       [2]    strncpy_cp_L0
0x0004       [2]    memcpy_ss_L0
0x0005       [2]    LongIntToHex_input_half_L0
0x0005       [1]    R5
0x0005       [2]    Ltrim_p_L0
0x0005       [2]    LongWordToHex_input_half_L0
0x0005       [2]    memmove_ff_L0
0x0006       [1]    R6
0x0007       [1]    R7
0x0008       [1]    R8
0x0009       [1]    R9
0x000A       [1]    R10
0x000B       [1]    R11
0x000C       [1]    R12
0x000D       [1]    R13
0x000E       [1]    R14
0x000F       [1]    R15
0x0010       [1]    R16
0x0011       [1]    R17
0x0012       [1]    R18
0x0013       [1]    R19
0x0014       [1]    R20
0x0015       [4]    _UART_Rd_Ptr
0x0019       [4]    _UART_Wr_Ptr
0x001D       [4]    _UART_Tx_Idle_Ptr
0x0021       [4]    _UART_Rdy_Ptr
0x0025       [4]    main_distChar_L0
0x0029       [2]    main_etape_L0
0x002B       [2]    main_compte_L0
0x002D       [4]    main_nombreaffiche_L0
0x0031       [2]    FARG_IntToStr_input
0x0031       [1]    FARG_afficheNombre_nb
0x0031       [2]    FARG_UART1_Write_Text_uart_text
0x0032       [1]    afficheNombre_chiffre1_L0
0x0033       [1]    afficheNombre_chiffre2_L0
0x0033       [2]    FARG_IntToStr_output
0x0033       [1]    UART1_Write_Text_data__L0
0x0034       [1]    UART1_Write_Text_counter_L0
0x0034       [1]    afficheNombre_chiffre3_L0
0x0035       [1]    FLOC__afficheNombre
0x0035       [2]    IntToStr_i_L0
0x0037       [2]    IntToStr_negative_L0
0x0039       [2]    IntToStr_inword_L0
0x003B       [1]    FARG_afficheChiffre_chiffre
0x003B       [2]    FARG_WordToStr_input
0x003B       [1]    FARG_UART1_Write_data_
0x003C       [1]    FARG_afficheChiffre_position
0x003D       [2]    FARG_WordToStr_output
0x003F       [1]    WordToStr_len_L0
0x0040       [2]    FLOC__WordToStr
0x0F38       [1]    ANSELA
0x0F39       [1]    ANSELB
0x0F3A       [1]    ANSELC
0x0F3B       [1]    ANSELD
0x0F81       [1]    PORTB
0x0F89       [1]    LATA
0x0F8A       [1]    LATB
0x0F8A       [0]    LATB1_bit
0x0F8C       [0]    LATD0_bit
0x0F8C       [0]    LATD4_bit
0x0F8C       [0]    LATD3_bit
0x0F8C       [0]    LATD1_bit
0x0F8C       [0]    LATD2_bit
0x0F8C       [0]    LATD7_bit
0x0F8C       [0]    LATD6_bit
0x0F8C       [0]    LATD5_bit
0x0F92       [1]    TRISA
0x0F93       [1]    TRISB
0x0F94       [0]    TRISC6_bit
0x0F94       [0]    TRISC7_bit
0x0F95       [1]    TRISD
0x0F9E       [1]    PIR1
0x0FAB       [1]    RCSTA
0x0FAC       [1]    TXSTA
0x0FAD       [1]    TXREG
0x0FAE       [1]    RCREG
0x0FAF       [1]    SPBRG
0x0FB0       [1]    SPBRGH
0x0FB8       [1]    BAUDCON
0x0FD8       [1]    STATUS
0x0FD9       [1]    FSR2L
0x0FDA       [1]    FSR2H
0x0FDE       [1]    POSTINC2
0x0FE0       [1]    BSR
0x0FE1       [1]    FSR1L
0x0FE2       [1]    FSR1H
0x0FE4       [1]    PREINC1
0x0FE6       [1]    POSTINC1
0x0FE7       [1]    INDF1
0x0FE8       [1]    WREG
0x0FE9       [1]    FSR0L
0x0FEA       [1]    FSR0H
0x0FEE       [1]    POSTINC0
0x0FF3       [1]    PRODL
0x0FF4       [1]    PRODH
0x0FF5       [1]    TABLAT
0x0FF6       [3]    TBLPTR
0x0FF6       [1]    TBLPTRL
0x0FF7       [1]    TBLPTRH
0x0FF8       [1]    TBLPTRU
